[INFO] 11-11-2024 00:08:53 [main] [Tests.T01_LoginTest.setup(T01_LoginTest.java:35)] - null
[INFO] 11-11-2024 00:09:20 [main] [Tests.T01_LoginTest.setup(T01_LoginTest.java:37)] - Chrome is open
[INFO] 11-11-2024 00:09:22 [main] [Listeners.Itest.onTestStart(Itest.java:18)] - TestCase valid_LoginStarted
[INFO] 11-11-2024 00:09:40 [main] [Listeners.Itest.onTestSuccess(Itest.java:10)] - TestCasevalid_LoginPassed
[INFO] 11-11-2024 13:53:53 [main] [Tests.T01_LoginTest.setup(T01_LoginTest.java:35)] - null
[INFO] 11-11-2024 13:54:59 [main] [Tests.T01_LoginTest.setup(T01_LoginTest.java:37)] - Chrome is open
[INFO] 11-11-2024 13:55:07 [main] [Listeners.Itest.onTestStart(Itest.java:18)] - TestCase valid_LoginStarted
[INFO] 11-11-2024 13:55:21 [main] [Listeners.Itest.onTestSuccess(Itest.java:10)] - TestCasevalid_LoginPassed
[INFO] 11-11-2024 13:55:23 [main] [Tests.T02_ProductsTC.setup(T02_ProductsTC.java:35)] - null
[INFO] 11-11-2024 13:55:36 [main] [Tests.T02_ProductsTC.setup(T02_ProductsTC.java:37)] - Chrome is open
[INFO] 11-11-2024 13:55:41 [main] [Listeners.Itest.onTestStart(Itest.java:18)] - TestCase AddRandomProductsStarted
[INFO] 11-11-2024 13:55:46 [main] [Pages.P02_ProductsPage.selectRandomProduct(P02_ProductsPage.java:61)] - the numbers is [2, 4, 5]
[INFO] 11-11-2024 13:55:46 [main] [Pages.P02_ProductsPage.CompareBetweenSelectedAndResult(P02_ProductsPage.java:53)] - number is 6
[INFO] 11-11-2024 13:55:47 [main] [Listeners.Itest.onTestSuccess(Itest.java:10)] - TestCaseAddRandomProductsPassed
[INFO] 11-11-2024 13:55:48 [main] [Tests.T02_ProductsTC.setup(T02_ProductsTC.java:35)] - null
[INFO] 11-11-2024 13:55:53 [main] [Tests.T02_ProductsTC.setup(T02_ProductsTC.java:37)] - Chrome is open
[INFO] 11-11-2024 13:55:56 [main] [Listeners.Itest.onTestStart(Itest.java:18)] - TestCase CheckAllProductsAddStarted
[INFO] 11-11-2024 13:55:59 [main] [Pages.P02_ProductsPage.ClickAddAllToCart(P02_ProductsPage.java:33)] - number of products is :6
[INFO] 11-11-2024 13:56:00 [main] [Pages.P02_ProductsPage.CompareBetweenSelectedAndResult(P02_ProductsPage.java:53)] - number is 6
[INFO] 11-11-2024 13:56:00 [main] [Listeners.Itest.onTestSuccess(Itest.java:10)] - TestCaseCheckAllProductsAddPassed
[INFO] 11-11-2024 13:56:01 [main] [Tests.T03_CartTC.setup(T03_CartTC.java:36)] - null
[INFO] 11-11-2024 13:56:03 [main] [Tests.T03_CartTC.setup(T03_CartTC.java:38)] - Chrome is open
[INFO] 11-11-2024 13:56:06 [main] [Listeners.Itest.onTestStart(Itest.java:18)] - TestCase CheckContinueshoppingStarted
[INFO] 11-11-2024 13:56:09 [main] [Pages.P03_CartPage.CheckPage(P03_CartPage.java:26)] - https://www.saucedemo.com/v1/inventory.html
[INFO] 11-11-2024 13:56:09 [main] [Listeners.Itest.onTestSuccess(Itest.java:10)] - TestCaseCheckContinueshoppingPassed
[INFO] 11-11-2024 13:56:09 [main] [Tests.T03_CartTC.setup(T03_CartTC.java:36)] - null
[INFO] 11-11-2024 13:56:11 [main] [Tests.T03_CartTC.setup(T03_CartTC.java:38)] - Chrome is open
[INFO] 11-11-2024 13:56:14 [main] [Listeners.Itest.onTestStart(Itest.java:18)] - TestCase CheckRedirectCheckoutStarted
[INFO] 11-11-2024 13:56:16 [main] [Pages.P03_CartPage.CheckPage(P03_CartPage.java:26)] - https://www.saucedemo.com/v1/checkout-step-one.html
[INFO] 11-11-2024 13:56:16 [main] [Listeners.Itest.onTestSuccess(Itest.java:10)] - TestCaseCheckRedirectCheckoutPassed
[INFO] 11-11-2024 13:56:16 [main] [Tests.T03_CartTC.setup(T03_CartTC.java:36)] - null
[INFO] 11-11-2024 13:56:18 [main] [Tests.T03_CartTC.setup(T03_CartTC.java:38)] - Chrome is open
[INFO] 11-11-2024 13:56:20 [main] [Listeners.Itest.onTestStart(Itest.java:18)] - TestCase CheckRedirectTocartStarted
[INFO] 11-11-2024 13:56:22 [main] [Pages.P03_CartPage.CheckPage(P03_CartPage.java:26)] - https://www.saucedemo.com/v1/cart.html
[INFO] 11-11-2024 13:56:22 [main] [Listeners.Itest.onTestSuccess(Itest.java:10)] - TestCaseCheckRedirectTocartPassed
[INFO] 11-11-2024 13:56:22 [main] [Tests.T03_CartTC.setup(T03_CartTC.java:36)] - null
[INFO] 11-11-2024 13:56:24 [main] [Tests.T03_CartTC.setup(T03_CartTC.java:38)] - Chrome is open
[INFO] 11-11-2024 13:56:25 [main] [Listeners.Itest.onTestStart(Itest.java:18)] - TestCase CheckThePriceSmeInCartStarted
[INFO] 11-11-2024 13:56:27 [main] [Pages.P02_ProductsPage.selectRandomProduct(P02_ProductsPage.java:61)] - the numbers is [3, 5, 6]
[INFO] 11-11-2024 13:56:27 [main] [Pages.P02_ProductsPage.ProductPagePrices(P02_ProductsPage.java:89)] - Total Prices39.97
[INFO] 11-11-2024 13:56:27 [main] [Pages.P03_CartPage.CartPagePrices(P03_CartPage.java:48)] - 39.97
[INFO] 11-11-2024 13:56:28 [main] [Pages.P03_CartPage.CartPagePrices(P03_CartPage.java:48)] - 39.97
[INFO] 11-11-2024 13:56:28 [main] [Listeners.Itest.onTestSuccess(Itest.java:10)] - TestCaseCheckThePriceSmeInCartPassed
[INFO] 11-11-2024 13:56:28 [main] [Tests.T03_CartTC.setup(T03_CartTC.java:36)] - null
[INFO] 11-11-2024 13:56:29 [main] [Tests.T03_CartTC.setup(T03_CartTC.java:38)] - Chrome is open
[INFO] 11-11-2024 13:56:31 [main] [Listeners.Itest.onTestStart(Itest.java:18)] - TestCase CheckTheQuantityStarted
[INFO] 11-11-2024 13:56:33 [main] [Pages.P02_ProductsPage.selectRandomProduct(P02_ProductsPage.java:61)] - the numbers is [3, 4, 5]
[INFO] 11-11-2024 13:56:33 [main] [Pages.P03_CartPage.checkTheQuantity(P03_CartPage.java:32)] - the Quantity is :3
[INFO] 11-11-2024 13:56:33 [main] [Listeners.Itest.onTestSuccess(Itest.java:10)] - TestCaseCheckTheQuantityPassed
[INFO] 11-11-2024 13:56:33 [main] [Tests.T04_InformationTC.setup(T04_InformationTC.java:40)] - null
[INFO] 11-11-2024 13:56:35 [main] [Tests.T04_InformationTC.setup(T04_InformationTC.java:42)] - Chrome is open
[INFO] 11-11-2024 13:56:37 [main] [Listeners.Itest.onTestStart(Itest.java:18)] - TestCase CancelButtonStarted
[INFO] 11-11-2024 13:56:38 [main] [Pages.P02_ProductsPage.selectRandomProduct(P02_ProductsPage.java:61)] - the numbers is [4, 5, 6]
[INFO] 11-11-2024 13:56:39 [main] [Pages.P04_InformationPage.FillFirstName(P04_InformationPage.java:24)] - Ahmed-2024-11-11-1-53-49PM
[INFO] 11-11-2024 13:56:39 [main] [Pages.P04_InformationPage.FillLastName(P04_InformationPage.java:31)] - Gamal-2024-11-11-1-53-49PM
[INFO] 11-11-2024 13:56:39 [main] [Pages.P04_InformationPage.FillZipCode(P04_InformationPage.java:38)] - 41616
[INFO] 11-11-2024 13:56:39 [main] [Listeners.Itest.onTestSuccess(Itest.java:10)] - TestCaseCancelButtonPassed
[INFO] 11-11-2024 13:56:39 [main] [Tests.T04_InformationTC.setup(T04_InformationTC.java:40)] - null
[INFO] 11-11-2024 13:56:41 [main] [Tests.T04_InformationTC.setup(T04_InformationTC.java:42)] - Chrome is open
[INFO] 11-11-2024 13:56:43 [main] [Listeners.Itest.onTestStart(Itest.java:18)] - TestCase FillInformationsStarted
[INFO] 11-11-2024 13:56:44 [main] [Pages.P02_ProductsPage.selectRandomProduct(P02_ProductsPage.java:61)] - the numbers is [2, 3, 6]
[INFO] 11-11-2024 13:56:45 [main] [Pages.P04_InformationPage.FillFirstName(P04_InformationPage.java:24)] - Ahmed-2024-11-11-1-53-49PM
[INFO] 11-11-2024 13:56:45 [main] [Pages.P04_InformationPage.FillLastName(P04_InformationPage.java:31)] - Gamal-2024-11-11-1-53-49PM
[INFO] 11-11-2024 13:56:45 [main] [Pages.P04_InformationPage.FillZipCode(P04_InformationPage.java:38)] - 41616
[INFO] 11-11-2024 13:56:45 [main] [Listeners.Itest.onTestSuccess(Itest.java:10)] - TestCaseFillInformationsPassed
[INFO] 11-11-2024 13:56:46 [main] [Tests.T05_CheckoutTC.setup(T05_CheckoutTC.java:40)] - null
[INFO] 11-11-2024 13:56:47 [main] [Tests.T05_CheckoutTC.setup(T05_CheckoutTC.java:42)] - Chrome is open
[INFO] 11-11-2024 13:56:49 [main] [Listeners.Itest.onTestStart(Itest.java:18)] - TestCase CheckCancelButtonRedirectionStarted
[INFO] 11-11-2024 13:56:51 [main] [Pages.P02_ProductsPage.selectRandomProduct(P02_ProductsPage.java:61)] - the numbers is [2, 3, 5]
[INFO] 11-11-2024 13:56:52 [main] [Pages.P04_InformationPage.FillFirstName(P04_InformationPage.java:24)] - Ahmed-2024-11-11-1-53-49PM
[INFO] 11-11-2024 13:56:52 [main] [Pages.P04_InformationPage.FillLastName(P04_InformationPage.java:31)] - Gamal-2024-11-11-1-53-49PM
[INFO] 11-11-2024 13:56:52 [main] [Pages.P04_InformationPage.FillZipCode(P04_InformationPage.java:38)] - 41616
[INFO] 11-11-2024 13:56:52 [main] [Listeners.Itest.onTestSuccess(Itest.java:10)] - TestCaseCheckCancelButtonRedirectionPassed
[INFO] 11-11-2024 13:56:53 [main] [Tests.T05_CheckoutTC.setup(T05_CheckoutTC.java:40)] - null
[INFO] 11-11-2024 13:56:54 [main] [Tests.T05_CheckoutTC.setup(T05_CheckoutTC.java:42)] - Chrome is open
[INFO] 11-11-2024 13:56:55 [main] [Listeners.Itest.onTestStart(Itest.java:18)] - TestCase CheckFinishButtonRedirectionStarted
[INFO] 11-11-2024 13:56:57 [main] [Pages.P02_ProductsPage.selectRandomProduct(P02_ProductsPage.java:61)] - the numbers is [1, 3, 4]
[INFO] 11-11-2024 13:56:57 [main] [Pages.P04_InformationPage.FillFirstName(P04_InformationPage.java:24)] - Ahmed-2024-11-11-1-53-49PM
[INFO] 11-11-2024 13:56:57 [main] [Pages.P04_InformationPage.FillLastName(P04_InformationPage.java:31)] - Gamal-2024-11-11-1-53-49PM
[INFO] 11-11-2024 13:56:58 [main] [Pages.P04_InformationPage.FillZipCode(P04_InformationPage.java:38)] - 41616
[INFO] 11-11-2024 13:56:58 [main] [Listeners.Itest.onTestSuccess(Itest.java:10)] - TestCaseCheckFinishButtonRedirectionPassed
[INFO] 11-11-2024 13:56:59 [main] [Tests.T05_CheckoutTC.setup(T05_CheckoutTC.java:40)] - null
[INFO] 11-11-2024 13:57:00 [main] [Tests.T05_CheckoutTC.setup(T05_CheckoutTC.java:42)] - Chrome is open
[INFO] 11-11-2024 13:57:01 [main] [Listeners.Itest.onTestStart(Itest.java:18)] - TestCase CheckQuantityBeforeFinishStarted
[INFO] 11-11-2024 13:57:03 [main] [Pages.P02_ProductsPage.selectRandomProduct(P02_ProductsPage.java:61)] - the numbers is [2, 3, 5]
[INFO] 11-11-2024 13:57:04 [main] [Pages.P04_InformationPage.FillFirstName(P04_InformationPage.java:24)] - Ahmed-2024-11-11-1-53-49PM
[INFO] 11-11-2024 13:57:04 [main] [Pages.P04_InformationPage.FillLastName(P04_InformationPage.java:31)] - Gamal-2024-11-11-1-53-49PM
[INFO] 11-11-2024 13:57:05 [main] [Pages.P04_InformationPage.FillZipCode(P04_InformationPage.java:38)] - 41616
[INFO] 11-11-2024 13:57:05 [main] [Pages.P05_CheckOutPage.CheckProductsQuantity(P05_CheckOutPage.java:29)] - Product Quantity is : 3
[INFO] 11-11-2024 13:57:05 [main] [Pages.P05_CheckOutPage.CheckProductsQuantity(P05_CheckOutPage.java:29)] - Product Quantity is : 3
[INFO] 11-11-2024 13:57:05 [main] [Listeners.Itest.onTestSuccess(Itest.java:10)] - TestCaseCheckQuantityBeforeFinishPassed
[INFO] 11-11-2024 13:57:05 [main] [Tests.T05_CheckoutTC.setup(T05_CheckoutTC.java:40)] - null
[INFO] 11-11-2024 13:57:06 [main] [Tests.T05_CheckoutTC.setup(T05_CheckoutTC.java:42)] - Chrome is open
[INFO] 11-11-2024 13:57:08 [main] [Listeners.Itest.onTestStart(Itest.java:18)] - TestCase CheckTheSumOfPricesSameAtCarAndChecoutAndTheSumStarted
[INFO] 11-11-2024 13:57:09 [main] [Pages.P02_ProductsPage.selectRandomProduct(P02_ProductsPage.java:61)] - the numbers is [2, 4, 6]
[INFO] 11-11-2024 13:57:10 [main] [Pages.P03_CartPage.CartPagePrices(P03_CartPage.java:48)] - 75.97
[INFO] 11-11-2024 13:57:10 [main] [Pages.P04_InformationPage.FillFirstName(P04_InformationPage.java:24)] - Ahmed-2024-11-11-1-53-49PM
[INFO] 11-11-2024 13:57:10 [main] [Pages.P04_InformationPage.FillLastName(P04_InformationPage.java:31)] - Gamal-2024-11-11-1-53-49PM
[INFO] 11-11-2024 13:57:10 [main] [Pages.P04_InformationPage.FillZipCode(P04_InformationPage.java:38)] - 41616
[INFO] 11-11-2024 13:57:11 [main] [Pages.P05_CheckOutPage.CheckProductsPrices(P05_CheckOutPage.java:45)] - 75.97
[INFO] 11-11-2024 13:57:11 [main] [Pages.P05_CheckOutPage.ItemPrices(P05_CheckOutPage.java:51)] - 75.97
[INFO] 11-11-2024 13:57:11 [main] [Pages.P05_CheckOutPage.ItemPrices(P05_CheckOutPage.java:51)] - 75.97
[INFO] 11-11-2024 13:57:11 [main] [Listeners.Itest.onTestSuccess(Itest.java:10)] - TestCaseCheckTheSumOfPricesSameAtCarAndChecoutAndTheSumPassed
[INFO] 11-11-2024 13:57:11 [main] [Tests.T05_CheckoutTC.setup(T05_CheckoutTC.java:40)] - null
[INFO] 11-11-2024 13:57:12 [main] [Tests.T05_CheckoutTC.setup(T05_CheckoutTC.java:42)] - Chrome is open
[INFO] 11-11-2024 13:57:14 [main] [Listeners.Itest.onTestStart(Itest.java:18)] - TestCase CheckTheTotalPriceStarted
[INFO] 11-11-2024 13:57:15 [main] [Pages.P02_ProductsPage.selectRandomProduct(P02_ProductsPage.java:61)] - the numbers is [1, 3, 6]
[INFO] 11-11-2024 13:57:16 [main] [Pages.P04_InformationPage.FillFirstName(P04_InformationPage.java:24)] - Ahmed-2024-11-11-1-53-49PM
[INFO] 11-11-2024 13:57:16 [main] [Pages.P04_InformationPage.FillLastName(P04_InformationPage.java:31)] - Gamal-2024-11-11-1-53-49PM
[INFO] 11-11-2024 13:57:16 [main] [Pages.P04_InformationPage.FillZipCode(P04_InformationPage.java:38)] - 41616
[INFO] 11-11-2024 13:57:17 [main] [Pages.P05_CheckOutPage.ItemPrices(P05_CheckOutPage.java:51)] - 61.97
[INFO] 11-11-2024 13:57:17 [main] [Pages.P05_CheckOutPage.CheckTotalWithTaxes(P05_CheckOutPage.java:71)] - 66.93
[INFO] 11-11-2024 13:57:17 [main] [Pages.P05_CheckOutPage.CheckTotalWithTaxes(P05_CheckOutPage.java:72)] - 66.93
[INFO] 11-11-2024 13:57:17 [main] [Listeners.Itest.onTestSuccess(Itest.java:10)] - TestCaseCheckTheTotalPricePassed
[INFO] 11-11-2024 13:57:17 [main] [Tests.T06_FinishTC.setup(T06_FinishTC.java:36)] - null
[INFO] 11-11-2024 13:57:19 [main] [Tests.T06_FinishTC.setup(T06_FinishTC.java:38)] - Chrome is open
[INFO] 11-11-2024 13:57:20 [main] [Listeners.Itest.onTestStart(Itest.java:18)] - TestCase CheckMessageStarted
[INFO] 11-11-2024 13:57:22 [main] [Pages.P02_ProductsPage.selectRandomProduct(P02_ProductsPage.java:61)] - the numbers is [1, 3, 5]
[INFO] 11-11-2024 13:57:23 [main] [Pages.P04_InformationPage.FillFirstName(P04_InformationPage.java:24)] - Ahmed-2024-11-11-1-53-49PM
[INFO] 11-11-2024 13:57:23 [main] [Pages.P04_InformationPage.FillLastName(P04_InformationPage.java:31)] - Gamal-2024-11-11-1-53-49PM
[INFO] 11-11-2024 13:57:23 [main] [Pages.P04_InformationPage.FillZipCode(P04_InformationPage.java:38)] - 41616
[INFO] 11-11-2024 13:57:23 [main] [Listeners.Itest.onTestSuccess(Itest.java:10)] - TestCaseCheckMessagePassed
[INFO] 11-11-2024 16:20:19 [main] [Tests.T01_LoginTest.setup(T01_LoginTest.java:35)] - null
[INFO] 11-11-2024 16:20:44 [main] [Tests.T01_LoginTest.setup(T01_LoginTest.java:37)] - Chrome is open
[INFO] 11-11-2024 16:20:48 [main] [Listeners.Itest.onTestStart(Itest.java:18)] - TestCase valid_LoginStarted
[INFO] 11-11-2024 16:21:14 [main] [Listeners.Itest.onTestSuccess(Itest.java:10)] - TestCasevalid_LoginPassed
[INFO] 11-11-2024 16:21:18 [main] [Tests.T02_ProductsTC.setup(T02_ProductsTC.java:35)] - null
[INFO] 11-11-2024 16:21:31 [main] [Tests.T02_ProductsTC.setup(T02_ProductsTC.java:37)] - Chrome is open
[INFO] 11-11-2024 16:21:33 [main] [Listeners.Itest.onTestStart(Itest.java:18)] - TestCase AddRandomProductsStarted
[INFO] 11-11-2024 16:21:34 [main] [Pages.P02_ProductsPage.selectRandomProduct(P02_ProductsPage.java:61)] - the numbers is [4, 5, 6]
[INFO] 11-11-2024 16:21:35 [main] [Pages.P02_ProductsPage.CompareBetweenSelectedAndResult(P02_ProductsPage.java:53)] - number is 6
[INFO] 11-11-2024 16:21:35 [main] [Listeners.Itest.onTestSuccess(Itest.java:10)] - TestCaseAddRandomProductsPassed
[INFO] 11-11-2024 16:21:35 [main] [Tests.T02_ProductsTC.setup(T02_ProductsTC.java:35)] - null
[INFO] 11-11-2024 16:21:36 [main] [Tests.T02_ProductsTC.setup(T02_ProductsTC.java:37)] - Chrome is open
[INFO] 11-11-2024 16:21:38 [main] [Listeners.Itest.onTestStart(Itest.java:18)] - TestCase CheckAllProductsAddStarted
[INFO] 11-11-2024 16:21:40 [main] [Pages.P02_ProductsPage.ClickAddAllToCart(P02_ProductsPage.java:33)] - number of products is :6
[INFO] 11-11-2024 16:21:41 [main] [Pages.P02_ProductsPage.CompareBetweenSelectedAndResult(P02_ProductsPage.java:53)] - number is 6
[INFO] 11-11-2024 16:21:41 [main] [Listeners.Itest.onTestSuccess(Itest.java:10)] - TestCaseCheckAllProductsAddPassed
[INFO] 11-11-2024 16:21:41 [main] [Tests.T03_CartTC.setup(T03_CartTC.java:36)] - null
[INFO] 11-11-2024 16:21:42 [main] [Tests.T03_CartTC.setup(T03_CartTC.java:38)] - Chrome is open
[INFO] 11-11-2024 16:21:44 [main] [Listeners.Itest.onTestStart(Itest.java:18)] - TestCase CheckContinueshoppingStarted
[INFO] 11-11-2024 16:21:46 [main] [Pages.P03_CartPage.CheckPage(P03_CartPage.java:26)] - https://www.saucedemo.com/v1/inventory.html
[INFO] 11-11-2024 16:21:46 [main] [Listeners.Itest.onTestSuccess(Itest.java:10)] - TestCaseCheckContinueshoppingPassed
[INFO] 11-11-2024 16:21:46 [main] [Tests.T03_CartTC.setup(T03_CartTC.java:36)] - null
[INFO] 11-11-2024 16:21:48 [main] [Tests.T03_CartTC.setup(T03_CartTC.java:38)] - Chrome is open
[INFO] 11-11-2024 16:21:49 [main] [Listeners.Itest.onTestStart(Itest.java:18)] - TestCase CheckRedirectCheckoutStarted
[INFO] 11-11-2024 16:21:52 [main] [Pages.P03_CartPage.CheckPage(P03_CartPage.java:26)] - https://www.saucedemo.com/v1/checkout-step-one.html
[INFO] 11-11-2024 16:21:52 [main] [Listeners.Itest.onTestSuccess(Itest.java:10)] - TestCaseCheckRedirectCheckoutPassed
[INFO] 11-11-2024 16:21:52 [main] [Tests.T03_CartTC.setup(T03_CartTC.java:36)] - null
[INFO] 11-11-2024 16:21:53 [main] [Tests.T03_CartTC.setup(T03_CartTC.java:38)] - Chrome is open
[INFO] 11-11-2024 16:21:54 [main] [Listeners.Itest.onTestStart(Itest.java:18)] - TestCase CheckRedirectTocartStarted
[INFO] 11-11-2024 16:21:56 [main] [Pages.P03_CartPage.CheckPage(P03_CartPage.java:26)] - https://www.saucedemo.com/v1/cart.html
[INFO] 11-11-2024 16:21:56 [main] [Listeners.Itest.onTestSuccess(Itest.java:10)] - TestCaseCheckRedirectTocartPassed
[INFO] 11-11-2024 16:21:56 [main] [Tests.T03_CartTC.setup(T03_CartTC.java:36)] - null
[INFO] 11-11-2024 16:21:58 [main] [Tests.T03_CartTC.setup(T03_CartTC.java:38)] - Chrome is open
[INFO] 11-11-2024 16:21:59 [main] [Listeners.Itest.onTestStart(Itest.java:18)] - TestCase CheckThePriceSmeInCartStarted
[INFO] 11-11-2024 16:22:01 [main] [Pages.P02_ProductsPage.selectRandomProduct(P02_ProductsPage.java:61)] - the numbers is [4, 5, 6]
[INFO] 11-11-2024 16:22:01 [main] [Pages.P02_ProductsPage.ProductPagePrices(P02_ProductsPage.java:89)] - Total Prices73.97
[INFO] 11-11-2024 16:22:02 [main] [Pages.P03_CartPage.CartPagePrices(P03_CartPage.java:48)] - 73.97
[INFO] 11-11-2024 16:22:02 [main] [Pages.P03_CartPage.CartPagePrices(P03_CartPage.java:48)] - 73.97
[INFO] 11-11-2024 16:22:02 [main] [Listeners.Itest.onTestSuccess(Itest.java:10)] - TestCaseCheckThePriceSmeInCartPassed
[INFO] 11-11-2024 16:22:02 [main] [Tests.T03_CartTC.setup(T03_CartTC.java:36)] - null
[INFO] 11-11-2024 16:22:03 [main] [Tests.T03_CartTC.setup(T03_CartTC.java:38)] - Chrome is open
[INFO] 11-11-2024 16:22:07 [main] [Listeners.Itest.onTestStart(Itest.java:18)] - TestCase CheckTheQuantityStarted
[INFO] 11-11-2024 16:22:08 [main] [Pages.P02_ProductsPage.selectRandomProduct(P02_ProductsPage.java:61)] - the numbers is [1, 2, 6]
[INFO] 11-11-2024 16:22:09 [main] [Pages.P03_CartPage.checkTheQuantity(P03_CartPage.java:32)] - the Quantity is :3
[INFO] 11-11-2024 16:22:09 [main] [Listeners.Itest.onTestSuccess(Itest.java:10)] - TestCaseCheckTheQuantityPassed
[INFO] 11-11-2024 16:22:09 [main] [Tests.T04_InformationTC.setup(T04_InformationTC.java:40)] - null
[INFO] 11-11-2024 16:22:10 [main] [Tests.T04_InformationTC.setup(T04_InformationTC.java:42)] - Chrome is open
[INFO] 11-11-2024 16:22:12 [main] [Listeners.Itest.onTestStart(Itest.java:18)] - TestCase CancelButtonStarted
[INFO] 11-11-2024 16:22:14 [main] [Pages.P02_ProductsPage.selectRandomProduct(P02_ProductsPage.java:61)] - the numbers is [2, 4, 6]
[INFO] 11-11-2024 16:22:15 [main] [Pages.P04_InformationPage.FillFirstName(P04_InformationPage.java:24)] - Ahmed-2024-11-11-4-20-18PM
[INFO] 11-11-2024 16:22:15 [main] [Pages.P04_InformationPage.FillLastName(P04_InformationPage.java:31)] - Gamal-2024-11-11-4-20-18PM
[INFO] 11-11-2024 16:22:15 [main] [Pages.P04_InformationPage.FillZipCode(P04_InformationPage.java:38)] - 41616
[INFO] 11-11-2024 16:22:15 [main] [Listeners.Itest.onTestSuccess(Itest.java:10)] - TestCaseCancelButtonPassed
[INFO] 11-11-2024 16:22:15 [main] [Tests.T04_InformationTC.setup(T04_InformationTC.java:40)] - null
[INFO] 11-11-2024 16:22:16 [main] [Tests.T04_InformationTC.setup(T04_InformationTC.java:42)] - Chrome is open
[INFO] 11-11-2024 16:22:18 [main] [Listeners.Itest.onTestStart(Itest.java:18)] - TestCase FillInformationsStarted
[INFO] 11-11-2024 16:22:20 [main] [Pages.P02_ProductsPage.selectRandomProduct(P02_ProductsPage.java:61)] - the numbers is [3, 4, 6]
[INFO] 11-11-2024 16:22:20 [main] [Pages.P04_InformationPage.FillFirstName(P04_InformationPage.java:24)] - Ahmed-2024-11-11-4-20-18PM
[INFO] 11-11-2024 16:22:20 [main] [Pages.P04_InformationPage.FillLastName(P04_InformationPage.java:31)] - Gamal-2024-11-11-4-20-18PM
[INFO] 11-11-2024 16:22:21 [main] [Pages.P04_InformationPage.FillZipCode(P04_InformationPage.java:38)] - 41616
[INFO] 11-11-2024 16:22:21 [main] [Listeners.Itest.onTestSuccess(Itest.java:10)] - TestCaseFillInformationsPassed
[INFO] 11-11-2024 16:22:21 [main] [Tests.T05_CheckoutTC.setup(T05_CheckoutTC.java:40)] - null
[INFO] 11-11-2024 16:22:22 [main] [Tests.T05_CheckoutTC.setup(T05_CheckoutTC.java:42)] - Chrome is open
[INFO] 11-11-2024 16:22:24 [main] [Listeners.Itest.onTestStart(Itest.java:18)] - TestCase CheckCancelButtonRedirectionStarted
[INFO] 11-11-2024 16:22:25 [main] [Pages.P02_ProductsPage.selectRandomProduct(P02_ProductsPage.java:61)] - the numbers is [2, 3, 6]
[INFO] 11-11-2024 16:22:26 [main] [Pages.P04_InformationPage.FillFirstName(P04_InformationPage.java:24)] - Ahmed-2024-11-11-4-20-18PM
[INFO] 11-11-2024 16:22:26 [main] [Pages.P04_InformationPage.FillLastName(P04_InformationPage.java:31)] - Gamal-2024-11-11-4-20-18PM
[INFO] 11-11-2024 16:22:26 [main] [Pages.P04_InformationPage.FillZipCode(P04_InformationPage.java:38)] - 41616
[INFO] 11-11-2024 16:22:27 [main] [Listeners.Itest.onTestSuccess(Itest.java:10)] - TestCaseCheckCancelButtonRedirectionPassed
[INFO] 11-11-2024 16:22:27 [main] [Tests.T05_CheckoutTC.setup(T05_CheckoutTC.java:40)] - null
[INFO] 11-11-2024 16:22:28 [main] [Tests.T05_CheckoutTC.setup(T05_CheckoutTC.java:42)] - Chrome is open
[INFO] 11-11-2024 16:22:30 [main] [Listeners.Itest.onTestStart(Itest.java:18)] - TestCase CheckFinishButtonRedirectionStarted
[INFO] 11-11-2024 16:22:32 [main] [Pages.P02_ProductsPage.selectRandomProduct(P02_ProductsPage.java:61)] - the numbers is [1, 2, 6]
[INFO] 11-11-2024 16:22:33 [main] [Pages.P04_InformationPage.FillFirstName(P04_InformationPage.java:24)] - Ahmed-2024-11-11-4-20-18PM
[INFO] 11-11-2024 16:22:33 [main] [Pages.P04_InformationPage.FillLastName(P04_InformationPage.java:31)] - Gamal-2024-11-11-4-20-18PM
[INFO] 11-11-2024 16:22:33 [main] [Pages.P04_InformationPage.FillZipCode(P04_InformationPage.java:38)] - 41616
[INFO] 11-11-2024 16:22:34 [main] [Listeners.Itest.onTestSuccess(Itest.java:10)] - TestCaseCheckFinishButtonRedirectionPassed
[INFO] 11-11-2024 16:22:34 [main] [Tests.T05_CheckoutTC.setup(T05_CheckoutTC.java:40)] - null
[INFO] 11-11-2024 16:22:35 [main] [Tests.T05_CheckoutTC.setup(T05_CheckoutTC.java:42)] - Chrome is open
[INFO] 11-11-2024 16:22:36 [main] [Listeners.Itest.onTestStart(Itest.java:18)] - TestCase CheckQuantityBeforeFinishStarted
[INFO] 11-11-2024 16:22:38 [main] [Pages.P02_ProductsPage.selectRandomProduct(P02_ProductsPage.java:61)] - the numbers is [1, 3, 4]
[INFO] 11-11-2024 16:22:39 [main] [Pages.P04_InformationPage.FillFirstName(P04_InformationPage.java:24)] - Ahmed-2024-11-11-4-20-18PM
[INFO] 11-11-2024 16:22:39 [main] [Pages.P04_InformationPage.FillLastName(P04_InformationPage.java:31)] - Gamal-2024-11-11-4-20-18PM
[INFO] 11-11-2024 16:22:39 [main] [Pages.P04_InformationPage.FillZipCode(P04_InformationPage.java:38)] - 41616
[INFO] 11-11-2024 16:22:39 [main] [Pages.P05_CheckOutPage.CheckProductsQuantity(P05_CheckOutPage.java:29)] - Product Quantity is : 3
[INFO] 11-11-2024 16:22:39 [main] [Pages.P05_CheckOutPage.CheckProductsQuantity(P05_CheckOutPage.java:29)] - Product Quantity is : 3
[INFO] 11-11-2024 16:22:39 [main] [Listeners.Itest.onTestSuccess(Itest.java:10)] - TestCaseCheckQuantityBeforeFinishPassed
[INFO] 11-11-2024 16:22:39 [main] [Tests.T05_CheckoutTC.setup(T05_CheckoutTC.java:40)] - null
[INFO] 11-11-2024 16:22:41 [main] [Tests.T05_CheckoutTC.setup(T05_CheckoutTC.java:42)] - Chrome is open
[INFO] 11-11-2024 16:22:42 [main] [Listeners.Itest.onTestStart(Itest.java:18)] - TestCase CheckTheSumOfPricesSameAtCarAndChecoutAndTheSumStarted
[INFO] 11-11-2024 16:22:44 [main] [Pages.P02_ProductsPage.selectRandomProduct(P02_ProductsPage.java:61)] - the numbers is [3, 4, 5]
[INFO] 11-11-2024 16:22:44 [main] [Pages.P03_CartPage.CartPagePrices(P03_CartPage.java:48)] - 73.97
[INFO] 11-11-2024 16:22:45 [main] [Pages.P04_InformationPage.FillFirstName(P04_InformationPage.java:24)] - Ahmed-2024-11-11-4-20-18PM
[INFO] 11-11-2024 16:22:45 [main] [Pages.P04_InformationPage.FillLastName(P04_InformationPage.java:31)] - Gamal-2024-11-11-4-20-18PM
[INFO] 11-11-2024 16:22:45 [main] [Pages.P04_InformationPage.FillZipCode(P04_InformationPage.java:38)] - 41616
[INFO] 11-11-2024 16:22:45 [main] [Pages.P05_CheckOutPage.CheckProductsPrices(P05_CheckOutPage.java:45)] - 73.97
[INFO] 11-11-2024 16:22:45 [main] [Pages.P05_CheckOutPage.ItemPrices(P05_CheckOutPage.java:51)] - 73.97
[INFO] 11-11-2024 16:22:45 [main] [Pages.P05_CheckOutPage.ItemPrices(P05_CheckOutPage.java:51)] - 73.97
[INFO] 11-11-2024 16:22:45 [main] [Listeners.Itest.onTestSuccess(Itest.java:10)] - TestCaseCheckTheSumOfPricesSameAtCarAndChecoutAndTheSumPassed
[INFO] 11-11-2024 16:22:45 [main] [Tests.T05_CheckoutTC.setup(T05_CheckoutTC.java:40)] - null
[INFO] 11-11-2024 16:22:47 [main] [Tests.T05_CheckoutTC.setup(T05_CheckoutTC.java:42)] - Chrome is open
[INFO] 11-11-2024 16:22:48 [main] [Listeners.Itest.onTestStart(Itest.java:18)] - TestCase CheckTheTotalPriceStarted
[INFO] 11-11-2024 16:22:49 [main] [Pages.P02_ProductsPage.selectRandomProduct(P02_ProductsPage.java:61)] - the numbers is [2, 5, 6]
[INFO] 11-11-2024 16:22:50 [main] [Pages.P04_InformationPage.FillFirstName(P04_InformationPage.java:24)] - Ahmed-2024-11-11-4-20-18PM
[INFO] 11-11-2024 16:22:51 [main] [Pages.P04_InformationPage.FillLastName(P04_InformationPage.java:31)] - Gamal-2024-11-11-4-20-18PM
[INFO] 11-11-2024 16:22:51 [main] [Pages.P04_InformationPage.FillZipCode(P04_InformationPage.java:38)] - 41616
[INFO] 11-11-2024 16:22:51 [main] [Pages.P05_CheckOutPage.ItemPrices(P05_CheckOutPage.java:51)] - 33.97
[INFO] 11-11-2024 16:22:51 [main] [Pages.P05_CheckOutPage.CheckTotalWithTaxes(P05_CheckOutPage.java:71)] - 36.690002
[INFO] 11-11-2024 16:22:51 [main] [Pages.P05_CheckOutPage.CheckTotalWithTaxes(P05_CheckOutPage.java:72)] - 36.69
[INFO] 11-11-2024 16:22:52 [main] [Tests.T06_FinishTC.setup(T06_FinishTC.java:36)] - null
[INFO] 11-11-2024 16:22:55 [main] [Tests.T06_FinishTC.setup(T06_FinishTC.java:38)] - Chrome is open
[INFO] 11-11-2024 16:22:56 [main] [Listeners.Itest.onTestStart(Itest.java:18)] - TestCase CheckMessageStarted
[INFO] 11-11-2024 16:22:58 [main] [Pages.P02_ProductsPage.selectRandomProduct(P02_ProductsPage.java:61)] - the numbers is [2, 3, 5]
[INFO] 11-11-2024 16:22:58 [main] [Pages.P04_InformationPage.FillFirstName(P04_InformationPage.java:24)] - Ahmed-2024-11-11-4-20-18PM
[INFO] 11-11-2024 16:22:59 [main] [Pages.P04_InformationPage.FillLastName(P04_InformationPage.java:31)] - Gamal-2024-11-11-4-20-18PM
[INFO] 11-11-2024 16:22:59 [main] [Pages.P04_InformationPage.FillZipCode(P04_InformationPage.java:38)] - 41616
[INFO] 11-11-2024 16:22:59 [main] [Listeners.Itest.onTestSuccess(Itest.java:10)] - TestCaseCheckMessagePassed
[INFO] 11-11-2024 16:49:28 [main] [Tests.T01_LoginTest.setup(T01_LoginTest.java:35)] - null
[INFO] 11-11-2024 16:49:53 [main] [Tests.T01_LoginTest.setup(T01_LoginTest.java:37)] - Chrome is open
[INFO] 11-11-2024 16:50:10 [main] [Listeners.Itest.onTestStart(Itest.java:18)] - TestCase valid_LoginStarted
[INFO] 11-11-2024 16:50:23 [main] [Listeners.Itest.onTestSuccess(Itest.java:10)] - TestCasevalid_LoginPassed
[INFO] 11-11-2024 16:50:35 [main] [Tests.T02_ProductsTC.setup(T02_ProductsTC.java:35)] - null
[INFO] 11-11-2024 16:50:52 [main] [Tests.T02_ProductsTC.setup(T02_ProductsTC.java:37)] - Chrome is open
[INFO] 11-11-2024 16:50:53 [main] [Listeners.Itest.onTestStart(Itest.java:18)] - TestCase AddRandomProductsStarted
[INFO] 11-11-2024 16:50:55 [main] [Pages.P02_ProductsPage.selectRandomProduct(P02_ProductsPage.java:61)] - the numbers is [3, 4, 5]
[INFO] 11-11-2024 16:50:55 [main] [Pages.P02_ProductsPage.CompareBetweenSelectedAndResult(P02_ProductsPage.java:53)] - number is 6
[INFO] 11-11-2024 16:50:55 [main] [Listeners.Itest.onTestSuccess(Itest.java:10)] - TestCaseAddRandomProductsPassed
[INFO] 11-11-2024 16:50:56 [main] [Tests.T02_ProductsTC.setup(T02_ProductsTC.java:35)] - null
[INFO] 11-11-2024 16:51:00 [main] [Tests.T02_ProductsTC.setup(T02_ProductsTC.java:37)] - Chrome is open
[INFO] 11-11-2024 16:51:03 [main] [Listeners.Itest.onTestStart(Itest.java:18)] - TestCase CheckAllProductsAddStarted
[INFO] 11-11-2024 16:51:05 [main] [Pages.P02_ProductsPage.ClickAddAllToCart(P02_ProductsPage.java:33)] - number of products is :6
[INFO] 11-11-2024 16:51:06 [main] [Pages.P02_ProductsPage.CompareBetweenSelectedAndResult(P02_ProductsPage.java:53)] - number is 6
[INFO] 11-11-2024 16:51:06 [main] [Listeners.Itest.onTestSuccess(Itest.java:10)] - TestCaseCheckAllProductsAddPassed
[INFO] 11-11-2024 16:51:06 [main] [Tests.T03_CartTC.setup(T03_CartTC.java:36)] - null
[INFO] 11-11-2024 16:51:10 [main] [Tests.T03_CartTC.setup(T03_CartTC.java:38)] - Chrome is open
[INFO] 11-11-2024 16:51:12 [main] [Listeners.Itest.onTestStart(Itest.java:18)] - TestCase CheckContinueshoppingStarted
[INFO] 11-11-2024 16:51:26 [main] [Pages.P03_CartPage.CheckPage(P03_CartPage.java:26)] - https://www.saucedemo.com/v1/inventory.html
[INFO] 11-11-2024 16:51:26 [main] [Listeners.Itest.onTestSuccess(Itest.java:10)] - TestCaseCheckContinueshoppingPassed
[INFO] 11-11-2024 16:51:29 [main] [Tests.T03_CartTC.setup(T03_CartTC.java:36)] - null
[INFO] 11-11-2024 16:51:40 [main] [Tests.T03_CartTC.setup(T03_CartTC.java:38)] - Chrome is open
[INFO] 11-11-2024 16:51:42 [main] [Listeners.Itest.onTestStart(Itest.java:18)] - TestCase CheckRedirectCheckoutStarted
[INFO] 11-11-2024 16:51:44 [main] [Pages.P03_CartPage.CheckPage(P03_CartPage.java:26)] - https://www.saucedemo.com/v1/checkout-step-one.html
[INFO] 11-11-2024 16:51:44 [main] [Listeners.Itest.onTestSuccess(Itest.java:10)] - TestCaseCheckRedirectCheckoutPassed
[INFO] 11-11-2024 16:51:44 [main] [Tests.T03_CartTC.setup(T03_CartTC.java:36)] - null
[INFO] 11-11-2024 16:51:45 [main] [Tests.T03_CartTC.setup(T03_CartTC.java:38)] - Chrome is open
[INFO] 11-11-2024 16:51:47 [main] [Listeners.Itest.onTestStart(Itest.java:18)] - TestCase CheckRedirectTocartStarted
[INFO] 11-11-2024 16:51:50 [main] [Pages.P03_CartPage.CheckPage(P03_CartPage.java:26)] - https://www.saucedemo.com/v1/cart.html
[INFO] 11-11-2024 16:51:50 [main] [Listeners.Itest.onTestSuccess(Itest.java:10)] - TestCaseCheckRedirectTocartPassed
[INFO] 11-11-2024 16:51:50 [main] [Tests.T03_CartTC.setup(T03_CartTC.java:36)] - null
[INFO] 11-11-2024 16:51:51 [main] [Tests.T03_CartTC.setup(T03_CartTC.java:38)] - Chrome is open
[INFO] 11-11-2024 16:51:54 [main] [Listeners.Itest.onTestStart(Itest.java:18)] - TestCase CheckThePriceSmeInCartStarted
[INFO] 11-11-2024 16:51:57 [main] [Pages.P02_ProductsPage.selectRandomProduct(P02_ProductsPage.java:61)] - the numbers is [1, 3, 5]
[INFO] 11-11-2024 16:51:57 [main] [Pages.P02_ProductsPage.ProductPagePrices(P02_ProductsPage.java:89)] - Total Prices53.97
[INFO] 11-11-2024 16:51:57 [main] [Pages.P03_CartPage.CartPagePrices(P03_CartPage.java:48)] - 53.97
[INFO] 11-11-2024 16:51:58 [main] [Pages.P03_CartPage.CartPagePrices(P03_CartPage.java:48)] - 53.97
[INFO] 11-11-2024 16:51:58 [main] [Listeners.Itest.onTestSuccess(Itest.java:10)] - TestCaseCheckThePriceSmeInCartPassed
[INFO] 11-11-2024 16:51:58 [main] [Tests.T03_CartTC.setup(T03_CartTC.java:36)] - null
[INFO] 11-11-2024 16:51:59 [main] [Tests.T03_CartTC.setup(T03_CartTC.java:38)] - Chrome is open
[INFO] 11-11-2024 16:52:01 [main] [Listeners.Itest.onTestStart(Itest.java:18)] - TestCase CheckTheQuantityStarted
[INFO] 11-11-2024 16:52:02 [main] [Pages.P02_ProductsPage.selectRandomProduct(P02_ProductsPage.java:61)] - the numbers is [1, 2, 6]
[INFO] 11-11-2024 16:52:03 [main] [Pages.P03_CartPage.checkTheQuantity(P03_CartPage.java:32)] - the Quantity is :3
[INFO] 11-11-2024 16:52:03 [main] [Listeners.Itest.onTestSuccess(Itest.java:10)] - TestCaseCheckTheQuantityPassed
[INFO] 11-11-2024 16:52:03 [main] [Tests.T04_InformationTC.setup(T04_InformationTC.java:40)] - null
[INFO] 11-11-2024 16:52:04 [main] [Tests.T04_InformationTC.setup(T04_InformationTC.java:42)] - Chrome is open
[INFO] 11-11-2024 16:52:06 [main] [Listeners.Itest.onTestStart(Itest.java:18)] - TestCase CancelButtonStarted
[INFO] 11-11-2024 16:52:08 [main] [Pages.P02_ProductsPage.selectRandomProduct(P02_ProductsPage.java:61)] - the numbers is [3, 5, 6]
[INFO] 11-11-2024 16:52:09 [main] [Pages.P04_InformationPage.FillFirstName(P04_InformationPage.java:24)] - Ahmed-2024-11-11-4-49-27PM
[INFO] 11-11-2024 16:52:09 [main] [Pages.P04_InformationPage.FillLastName(P04_InformationPage.java:31)] - Gamal-2024-11-11-4-49-27PM
[INFO] 11-11-2024 16:52:09 [main] [Pages.P04_InformationPage.FillZipCode(P04_InformationPage.java:38)] - 41616
[INFO] 11-11-2024 16:52:09 [main] [Listeners.Itest.onTestSuccess(Itest.java:10)] - TestCaseCancelButtonPassed
[INFO] 11-11-2024 16:52:09 [main] [Tests.T04_InformationTC.setup(T04_InformationTC.java:40)] - null
[INFO] 11-11-2024 16:52:11 [main] [Tests.T04_InformationTC.setup(T04_InformationTC.java:42)] - Chrome is open
[INFO] 11-11-2024 16:52:12 [main] [Listeners.Itest.onTestStart(Itest.java:18)] - TestCase FillInformationsStarted
[INFO] 11-11-2024 16:52:14 [main] [Pages.P02_ProductsPage.selectRandomProduct(P02_ProductsPage.java:61)] - the numbers is [1, 4, 6]
[INFO] 11-11-2024 16:52:15 [main] [Pages.P04_InformationPage.FillFirstName(P04_InformationPage.java:24)] - Ahmed-2024-11-11-4-49-27PM
[INFO] 11-11-2024 16:52:15 [main] [Pages.P04_InformationPage.FillLastName(P04_InformationPage.java:31)] - Gamal-2024-11-11-4-49-27PM
[INFO] 11-11-2024 16:52:15 [main] [Pages.P04_InformationPage.FillZipCode(P04_InformationPage.java:38)] - 41616
[INFO] 11-11-2024 16:52:15 [main] [Listeners.Itest.onTestSuccess(Itest.java:10)] - TestCaseFillInformationsPassed
[INFO] 11-11-2024 16:52:16 [main] [Tests.T05_CheckoutTC.setup(T05_CheckoutTC.java:40)] - null
[INFO] 11-11-2024 16:52:17 [main] [Tests.T05_CheckoutTC.setup(T05_CheckoutTC.java:42)] - Chrome is open
[INFO] 11-11-2024 16:52:19 [main] [Listeners.Itest.onTestStart(Itest.java:18)] - TestCase CheckCancelButtonRedirectionStarted
[INFO] 11-11-2024 16:52:20 [main] [Pages.P02_ProductsPage.selectRandomProduct(P02_ProductsPage.java:61)] - the numbers is [3, 5, 6]
[INFO] 11-11-2024 16:52:21 [main] [Pages.P04_InformationPage.FillFirstName(P04_InformationPage.java:24)] - Ahmed-2024-11-11-4-49-27PM
[INFO] 11-11-2024 16:52:21 [main] [Pages.P04_InformationPage.FillLastName(P04_InformationPage.java:31)] - Gamal-2024-11-11-4-49-27PM
[INFO] 11-11-2024 16:52:21 [main] [Pages.P04_InformationPage.FillZipCode(P04_InformationPage.java:38)] - 41616
[INFO] 11-11-2024 16:52:22 [main] [Listeners.Itest.onTestSuccess(Itest.java:10)] - TestCaseCheckCancelButtonRedirectionPassed
[INFO] 11-11-2024 16:52:22 [main] [Tests.T05_CheckoutTC.setup(T05_CheckoutTC.java:40)] - null
[INFO] 11-11-2024 16:52:23 [main] [Tests.T05_CheckoutTC.setup(T05_CheckoutTC.java:42)] - Chrome is open
[INFO] 11-11-2024 16:52:25 [main] [Listeners.Itest.onTestStart(Itest.java:18)] - TestCase CheckFinishButtonRedirectionStarted
[INFO] 11-11-2024 16:52:27 [main] [Pages.P02_ProductsPage.selectRandomProduct(P02_ProductsPage.java:61)] - the numbers is [4, 5, 6]
[INFO] 11-11-2024 16:52:28 [main] [Pages.P04_InformationPage.FillFirstName(P04_InformationPage.java:24)] - Ahmed-2024-11-11-4-49-27PM
[INFO] 11-11-2024 16:52:28 [main] [Pages.P04_InformationPage.FillLastName(P04_InformationPage.java:31)] - Gamal-2024-11-11-4-49-27PM
[INFO] 11-11-2024 16:52:28 [main] [Pages.P04_InformationPage.FillZipCode(P04_InformationPage.java:38)] - 41616
[INFO] 11-11-2024 16:52:29 [main] [Listeners.Itest.onTestSuccess(Itest.java:10)] - TestCaseCheckFinishButtonRedirectionPassed
[INFO] 11-11-2024 16:52:29 [main] [Tests.T05_CheckoutTC.setup(T05_CheckoutTC.java:40)] - null
[INFO] 11-11-2024 16:52:31 [main] [Tests.T05_CheckoutTC.setup(T05_CheckoutTC.java:42)] - Chrome is open
[INFO] 11-11-2024 16:52:32 [main] [Listeners.Itest.onTestStart(Itest.java:18)] - TestCase CheckQuantityBeforeFinishStarted
[INFO] 11-11-2024 16:52:34 [main] [Pages.P02_ProductsPage.selectRandomProduct(P02_ProductsPage.java:61)] - the numbers is [2, 3, 5]
[INFO] 11-11-2024 16:52:34 [main] [Pages.P04_InformationPage.FillFirstName(P04_InformationPage.java:24)] - Ahmed-2024-11-11-4-49-27PM
[INFO] 11-11-2024 16:52:35 [main] [Pages.P04_InformationPage.FillLastName(P04_InformationPage.java:31)] - Gamal-2024-11-11-4-49-27PM
[INFO] 11-11-2024 16:52:35 [main] [Pages.P04_InformationPage.FillZipCode(P04_InformationPage.java:38)] - 41616
[INFO] 11-11-2024 16:52:35 [main] [Pages.P05_CheckOutPage.CheckProductsQuantity(P05_CheckOutPage.java:29)] - Product Quantity is : 3
[INFO] 11-11-2024 16:52:35 [main] [Pages.P05_CheckOutPage.CheckProductsQuantity(P05_CheckOutPage.java:29)] - Product Quantity is : 3
[INFO] 11-11-2024 16:52:35 [main] [Listeners.Itest.onTestSuccess(Itest.java:10)] - TestCaseCheckQuantityBeforeFinishPassed
[INFO] 11-11-2024 16:52:35 [main] [Tests.T05_CheckoutTC.setup(T05_CheckoutTC.java:40)] - null
[INFO] 11-11-2024 16:52:37 [main] [Tests.T05_CheckoutTC.setup(T05_CheckoutTC.java:42)] - Chrome is open
[INFO] 11-11-2024 16:52:40 [main] [Listeners.Itest.onTestStart(Itest.java:18)] - TestCase CheckTheSumOfPricesSameAtCarAndChecoutAndTheSumStarted
[INFO] 11-11-2024 16:52:42 [main] [Pages.P02_ProductsPage.selectRandomProduct(P02_ProductsPage.java:61)] - the numbers is [1, 3, 6]
[INFO] 11-11-2024 16:52:43 [main] [Pages.P03_CartPage.CartPagePrices(P03_CartPage.java:48)] - 61.97
[INFO] 11-11-2024 16:52:43 [main] [Pages.P04_InformationPage.FillFirstName(P04_InformationPage.java:24)] - Ahmed-2024-11-11-4-49-27PM
[INFO] 11-11-2024 16:52:43 [main] [Pages.P04_InformationPage.FillLastName(P04_InformationPage.java:31)] - Gamal-2024-11-11-4-49-27PM
[INFO] 11-11-2024 16:52:43 [main] [Pages.P04_InformationPage.FillZipCode(P04_InformationPage.java:38)] - 41616
[INFO] 11-11-2024 16:52:44 [main] [Pages.P05_CheckOutPage.CheckProductsPrices(P05_CheckOutPage.java:45)] - 61.97
[INFO] 11-11-2024 16:52:44 [main] [Pages.P05_CheckOutPage.ItemPrices(P05_CheckOutPage.java:51)] - 61.97
[INFO] 11-11-2024 16:52:44 [main] [Pages.P05_CheckOutPage.ItemPrices(P05_CheckOutPage.java:51)] - 61.97
[INFO] 11-11-2024 16:52:44 [main] [Listeners.Itest.onTestSuccess(Itest.java:10)] - TestCaseCheckTheSumOfPricesSameAtCarAndChecoutAndTheSumPassed
[INFO] 11-11-2024 16:52:44 [main] [Tests.T05_CheckoutTC.setup(T05_CheckoutTC.java:40)] - null
[INFO] 11-11-2024 16:52:45 [main] [Tests.T05_CheckoutTC.setup(T05_CheckoutTC.java:42)] - Chrome is open
[INFO] 11-11-2024 16:52:47 [main] [Listeners.Itest.onTestStart(Itest.java:18)] - TestCase CheckTheTotalPriceStarted
[INFO] 11-11-2024 16:52:48 [main] [Pages.P02_ProductsPage.selectRandomProduct(P02_ProductsPage.java:61)] - the numbers is [1, 3, 6]
[INFO] 11-11-2024 16:52:49 [main] [Pages.P04_InformationPage.FillFirstName(P04_InformationPage.java:24)] - Ahmed-2024-11-11-4-49-27PM
[INFO] 11-11-2024 16:52:49 [main] [Pages.P04_InformationPage.FillLastName(P04_InformationPage.java:31)] - Gamal-2024-11-11-4-49-27PM
[INFO] 11-11-2024 16:52:49 [main] [Pages.P04_InformationPage.FillZipCode(P04_InformationPage.java:38)] - 41616
[INFO] 11-11-2024 16:52:50 [main] [Pages.P05_CheckOutPage.ItemPrices(P05_CheckOutPage.java:51)] - 61.97
[INFO] 11-11-2024 16:52:50 [main] [Pages.P05_CheckOutPage.CheckTotalWithTaxes(P05_CheckOutPage.java:71)] - 66.93
[INFO] 11-11-2024 16:52:50 [main] [Pages.P05_CheckOutPage.CheckTotalWithTaxes(P05_CheckOutPage.java:72)] - 66.93
[INFO] 11-11-2024 16:52:50 [main] [Listeners.Itest.onTestSuccess(Itest.java:10)] - TestCaseCheckTheTotalPricePassed
[INFO] 11-11-2024 16:52:50 [main] [Tests.T06_FinishTC.setup(T06_FinishTC.java:36)] - null
[INFO] 11-11-2024 16:52:51 [main] [Tests.T06_FinishTC.setup(T06_FinishTC.java:38)] - Chrome is open
[INFO] 11-11-2024 16:52:53 [main] [Listeners.Itest.onTestStart(Itest.java:18)] - TestCase CheckMessageStarted
[INFO] 11-11-2024 16:52:54 [main] [Pages.P02_ProductsPage.selectRandomProduct(P02_ProductsPage.java:61)] - the numbers is [2, 3, 6]
[INFO] 11-11-2024 16:52:55 [main] [Pages.P04_InformationPage.FillFirstName(P04_InformationPage.java:24)] - Ahmed-2024-11-11-4-49-27PM
[INFO] 11-11-2024 16:52:55 [main] [Pages.P04_InformationPage.FillLastName(P04_InformationPage.java:31)] - Gamal-2024-11-11-4-49-27PM
[INFO] 11-11-2024 16:52:55 [main] [Pages.P04_InformationPage.FillZipCode(P04_InformationPage.java:38)] - 41616
[INFO] 11-11-2024 16:52:56 [main] [Listeners.Itest.onTestSuccess(Itest.java:10)] - TestCaseCheckMessagePassed
[INFO] 11-11-2024 17:00:01 [main] [Tests.T01_LoginTest.setup(T01_LoginTest.java:35)] - null
[INFO] 11-11-2024 17:00:05 [main] [Tests.T01_LoginTest.setup(T01_LoginTest.java:37)] - Chrome is open
[INFO] 11-11-2024 17:00:10 [main] [Listeners.Itest.onTestStart(Itest.java:18)] - TestCase valid_LoginStarted
[INFO] 11-11-2024 17:00:12 [main] [Listeners.Itest.onTestSuccess(Itest.java:10)] - TestCasevalid_LoginPassed
[INFO] 11-11-2024 17:00:12 [main] [Tests.T02_ProductsTC.setup(T02_ProductsTC.java:35)] - null
[INFO] 11-11-2024 17:00:14 [main] [Tests.T02_ProductsTC.setup(T02_ProductsTC.java:37)] - Chrome is open
[INFO] 11-11-2024 17:00:17 [main] [Listeners.Itest.onTestStart(Itest.java:18)] - TestCase AddRandomProductsStarted
[INFO] 11-11-2024 17:00:19 [main] [Pages.P02_ProductsPage.selectRandomProduct(P02_ProductsPage.java:61)] - the numbers is [2, 3, 4]
[INFO] 11-11-2024 17:00:19 [main] [Pages.P02_ProductsPage.CompareBetweenSelectedAndResult(P02_ProductsPage.java:53)] - number is 6
[INFO] 11-11-2024 17:00:19 [main] [Listeners.Itest.onTestSuccess(Itest.java:10)] - TestCaseAddRandomProductsPassed
[INFO] 11-11-2024 17:00:19 [main] [Tests.T02_ProductsTC.setup(T02_ProductsTC.java:35)] - null
[INFO] 11-11-2024 17:00:22 [main] [Tests.T02_ProductsTC.setup(T02_ProductsTC.java:37)] - Chrome is open
[INFO] 11-11-2024 17:00:25 [main] [Listeners.Itest.onTestStart(Itest.java:18)] - TestCase CheckAllProductsAddStarted
[INFO] 11-11-2024 17:00:27 [main] [Pages.P02_ProductsPage.ClickAddAllToCart(P02_ProductsPage.java:33)] - number of products is :6
[INFO] 11-11-2024 17:00:28 [main] [Pages.P02_ProductsPage.CompareBetweenSelectedAndResult(P02_ProductsPage.java:53)] - number is 6
[INFO] 11-11-2024 17:00:28 [main] [Listeners.Itest.onTestSuccess(Itest.java:10)] - TestCaseCheckAllProductsAddPassed
[INFO] 11-11-2024 17:00:28 [main] [Tests.T03_CartTC.setup(T03_CartTC.java:36)] - null
[INFO] 11-11-2024 17:00:30 [main] [Tests.T03_CartTC.setup(T03_CartTC.java:38)] - Chrome is open
[INFO] 11-11-2024 17:00:32 [main] [Listeners.Itest.onTestStart(Itest.java:18)] - TestCase CheckContinueshoppingStarted
[INFO] 11-11-2024 17:00:35 [main] [Pages.P03_CartPage.CheckPage(P03_CartPage.java:26)] - https://www.saucedemo.com/v1/inventory.html
[INFO] 11-11-2024 17:00:35 [main] [Listeners.Itest.onTestSuccess(Itest.java:10)] - TestCaseCheckContinueshoppingPassed
[INFO] 11-11-2024 17:00:35 [main] [Tests.T03_CartTC.setup(T03_CartTC.java:36)] - null
[INFO] 11-11-2024 17:00:38 [main] [Tests.T03_CartTC.setup(T03_CartTC.java:38)] - Chrome is open
[INFO] 11-11-2024 17:00:41 [main] [Listeners.Itest.onTestStart(Itest.java:18)] - TestCase CheckRedirectCheckoutStarted
[INFO] 11-11-2024 17:00:44 [main] [Pages.P03_CartPage.CheckPage(P03_CartPage.java:26)] - https://www.saucedemo.com/v1/checkout-step-one.html
[INFO] 11-11-2024 17:00:44 [main] [Listeners.Itest.onTestSuccess(Itest.java:10)] - TestCaseCheckRedirectCheckoutPassed
[INFO] 11-11-2024 17:00:44 [main] [Tests.T03_CartTC.setup(T03_CartTC.java:36)] - null
[INFO] 11-11-2024 17:00:47 [main] [Tests.T03_CartTC.setup(T03_CartTC.java:38)] - Chrome is open
[INFO] 11-11-2024 17:00:51 [main] [Listeners.Itest.onTestStart(Itest.java:18)] - TestCase CheckRedirectTocartStarted
[INFO] 11-11-2024 17:00:53 [main] [Pages.P03_CartPage.CheckPage(P03_CartPage.java:26)] - https://www.saucedemo.com/v1/cart.html
[INFO] 11-11-2024 17:00:53 [main] [Listeners.Itest.onTestSuccess(Itest.java:10)] - TestCaseCheckRedirectTocartPassed
[INFO] 11-11-2024 17:00:53 [main] [Tests.T03_CartTC.setup(T03_CartTC.java:36)] - null
[INFO] 11-11-2024 17:00:56 [main] [Tests.T03_CartTC.setup(T03_CartTC.java:38)] - Chrome is open
[INFO] 11-11-2024 17:00:58 [main] [Listeners.Itest.onTestStart(Itest.java:18)] - TestCase CheckThePriceSmeInCartStarted
[INFO] 11-11-2024 17:01:00 [main] [Pages.P02_ProductsPage.selectRandomProduct(P02_ProductsPage.java:61)] - the numbers is [1, 3, 4]
[INFO] 11-11-2024 17:01:01 [main] [Pages.P02_ProductsPage.ProductPagePrices(P02_ProductsPage.java:89)] - Total Prices95.97
[INFO] 11-11-2024 17:01:01 [main] [Pages.P03_CartPage.CartPagePrices(P03_CartPage.java:48)] - 95.97
[INFO] 11-11-2024 17:01:01 [main] [Pages.P03_CartPage.CartPagePrices(P03_CartPage.java:48)] - 95.97
[INFO] 11-11-2024 17:01:01 [main] [Listeners.Itest.onTestSuccess(Itest.java:10)] - TestCaseCheckThePriceSmeInCartPassed
[INFO] 11-11-2024 17:01:02 [main] [Tests.T03_CartTC.setup(T03_CartTC.java:36)] - null
[INFO] 11-11-2024 17:01:06 [main] [Tests.T03_CartTC.setup(T03_CartTC.java:38)] - Chrome is open
[INFO] 11-11-2024 17:01:09 [main] [Listeners.Itest.onTestStart(Itest.java:18)] - TestCase CheckTheQuantityStarted
[INFO] 11-11-2024 17:01:12 [main] [Pages.P02_ProductsPage.selectRandomProduct(P02_ProductsPage.java:61)] - the numbers is [1, 3, 4]
[INFO] 11-11-2024 17:01:13 [main] [Pages.P03_CartPage.checkTheQuantity(P03_CartPage.java:32)] - the Quantity is :3
[INFO] 11-11-2024 17:01:13 [main] [Listeners.Itest.onTestSuccess(Itest.java:10)] - TestCaseCheckTheQuantityPassed
[INFO] 11-11-2024 17:01:13 [main] [Tests.T04_InformationTC.setup(T04_InformationTC.java:40)] - null
[INFO] 11-11-2024 17:01:18 [main] [Tests.T04_InformationTC.setup(T04_InformationTC.java:42)] - Chrome is open
[INFO] 11-11-2024 17:01:20 [main] [Listeners.Itest.onTestStart(Itest.java:18)] - TestCase CancelButtonStarted
[INFO] 11-11-2024 17:01:22 [main] [Pages.P02_ProductsPage.selectRandomProduct(P02_ProductsPage.java:61)] - the numbers is [3, 4, 6]
[INFO] 11-11-2024 17:01:23 [main] [Pages.P04_InformationPage.FillFirstName(P04_InformationPage.java:24)] - Ahmed-2024-11-11-5-0-01PM
[INFO] 11-11-2024 17:01:23 [main] [Pages.P04_InformationPage.FillLastName(P04_InformationPage.java:31)] - Gamal-2024-11-11-5-0-01PM
[INFO] 11-11-2024 17:01:23 [main] [Pages.P04_InformationPage.FillZipCode(P04_InformationPage.java:38)] - 41616
[INFO] 11-11-2024 17:01:23 [main] [Listeners.Itest.onTestSuccess(Itest.java:10)] - TestCaseCancelButtonPassed
[INFO] 11-11-2024 17:01:23 [main] [Tests.T04_InformationTC.setup(T04_InformationTC.java:40)] - null
[INFO] 11-11-2024 17:01:25 [main] [Tests.T04_InformationTC.setup(T04_InformationTC.java:42)] - Chrome is open
[INFO] 11-11-2024 17:01:32 [main] [Listeners.Itest.onTestStart(Itest.java:18)] - TestCase FillInformationsStarted
[INFO] 11-11-2024 17:01:37 [main] [Pages.P02_ProductsPage.selectRandomProduct(P02_ProductsPage.java:61)] - the numbers is [4, 5, 6]
[INFO] 11-11-2024 17:01:38 [main] [Pages.P04_InformationPage.FillFirstName(P04_InformationPage.java:24)] - Ahmed-2024-11-11-5-0-01PM
[INFO] 11-11-2024 17:01:38 [main] [Pages.P04_InformationPage.FillLastName(P04_InformationPage.java:31)] - Gamal-2024-11-11-5-0-01PM
[INFO] 11-11-2024 17:01:38 [main] [Pages.P04_InformationPage.FillZipCode(P04_InformationPage.java:38)] - 41616
[INFO] 11-11-2024 17:01:38 [main] [Listeners.Itest.onTestSuccess(Itest.java:10)] - TestCaseFillInformationsPassed
[INFO] 11-11-2024 17:01:40 [main] [Tests.T05_CheckoutTC.setup(T05_CheckoutTC.java:40)] - null
[INFO] 11-11-2024 17:01:46 [main] [Tests.T05_CheckoutTC.setup(T05_CheckoutTC.java:42)] - Chrome is open
[INFO] 11-11-2024 17:01:48 [main] [Listeners.Itest.onTestStart(Itest.java:18)] - TestCase CheckCancelButtonRedirectionStarted
[INFO] 11-11-2024 17:01:50 [main] [Pages.P02_ProductsPage.selectRandomProduct(P02_ProductsPage.java:61)] - the numbers is [1, 2, 3]
[INFO] 11-11-2024 17:01:51 [main] [Pages.P04_InformationPage.FillFirstName(P04_InformationPage.java:24)] - Ahmed-2024-11-11-5-0-01PM
[INFO] 11-11-2024 17:01:51 [main] [Pages.P04_InformationPage.FillLastName(P04_InformationPage.java:31)] - Gamal-2024-11-11-5-0-01PM
[INFO] 11-11-2024 17:01:51 [main] [Pages.P04_InformationPage.FillZipCode(P04_InformationPage.java:38)] - 41616
[INFO] 11-11-2024 17:01:55 [main] [Listeners.Itest.onTestSuccess(Itest.java:10)] - TestCaseCheckCancelButtonRedirectionPassed
[INFO] 11-11-2024 17:01:55 [main] [Tests.T05_CheckoutTC.setup(T05_CheckoutTC.java:40)] - null
[INFO] 11-11-2024 17:01:59 [main] [Tests.T05_CheckoutTC.setup(T05_CheckoutTC.java:42)] - Chrome is open
[INFO] 11-11-2024 17:02:03 [main] [Listeners.Itest.onTestStart(Itest.java:18)] - TestCase CheckFinishButtonRedirectionStarted
[INFO] 11-11-2024 17:02:05 [main] [Pages.P02_ProductsPage.selectRandomProduct(P02_ProductsPage.java:61)] - the numbers is [1, 2, 6]
[INFO] 11-11-2024 17:02:06 [main] [Pages.P04_InformationPage.FillFirstName(P04_InformationPage.java:24)] - Ahmed-2024-11-11-5-0-01PM
[INFO] 11-11-2024 17:02:06 [main] [Pages.P04_InformationPage.FillLastName(P04_InformationPage.java:31)] - Gamal-2024-11-11-5-0-01PM
[INFO] 11-11-2024 17:02:06 [main] [Pages.P04_InformationPage.FillZipCode(P04_InformationPage.java:38)] - 41616
[INFO] 11-11-2024 17:02:07 [main] [Listeners.Itest.onTestSuccess(Itest.java:10)] - TestCaseCheckFinishButtonRedirectionPassed
[INFO] 11-11-2024 17:02:07 [main] [Tests.T05_CheckoutTC.setup(T05_CheckoutTC.java:40)] - null
[INFO] 11-11-2024 17:02:09 [main] [Tests.T05_CheckoutTC.setup(T05_CheckoutTC.java:42)] - Chrome is open
[INFO] 11-11-2024 17:02:12 [main] [Listeners.Itest.onTestStart(Itest.java:18)] - TestCase CheckQuantityBeforeFinishStarted
[INFO] 11-11-2024 17:02:13 [main] [Pages.P02_ProductsPage.selectRandomProduct(P02_ProductsPage.java:61)] - the numbers is [2, 4, 5]
[INFO] 11-11-2024 17:02:14 [main] [Pages.P04_InformationPage.FillFirstName(P04_InformationPage.java:24)] - Ahmed-2024-11-11-5-0-01PM
[INFO] 11-11-2024 17:02:14 [main] [Pages.P04_InformationPage.FillLastName(P04_InformationPage.java:31)] - Gamal-2024-11-11-5-0-01PM
[INFO] 11-11-2024 17:02:15 [main] [Pages.P04_InformationPage.FillZipCode(P04_InformationPage.java:38)] - 41616
[INFO] 11-11-2024 17:02:15 [main] [Pages.P05_CheckOutPage.CheckProductsQuantity(P05_CheckOutPage.java:29)] - Product Quantity is : 3
[INFO] 11-11-2024 17:02:15 [main] [Pages.P05_CheckOutPage.CheckProductsQuantity(P05_CheckOutPage.java:29)] - Product Quantity is : 3
[INFO] 11-11-2024 17:02:15 [main] [Listeners.Itest.onTestSuccess(Itest.java:10)] - TestCaseCheckQuantityBeforeFinishPassed
[INFO] 11-11-2024 17:02:15 [main] [Tests.T05_CheckoutTC.setup(T05_CheckoutTC.java:40)] - null
[INFO] 11-11-2024 17:02:16 [main] [Tests.T05_CheckoutTC.setup(T05_CheckoutTC.java:42)] - Chrome is open
[INFO] 11-11-2024 17:02:18 [main] [Listeners.Itest.onTestStart(Itest.java:18)] - TestCase CheckTheSumOfPricesSameAtCarAndChecoutAndTheSumStarted
[INFO] 11-11-2024 17:02:20 [main] [Pages.P02_ProductsPage.selectRandomProduct(P02_ProductsPage.java:61)] - the numbers is [2, 5, 6]
[INFO] 11-11-2024 17:02:20 [main] [Pages.P03_CartPage.CartPagePrices(P03_CartPage.java:48)] - 33.97
[INFO] 11-11-2024 17:02:21 [main] [Pages.P04_InformationPage.FillFirstName(P04_InformationPage.java:24)] - Ahmed-2024-11-11-5-0-01PM
[INFO] 11-11-2024 17:02:21 [main] [Pages.P04_InformationPage.FillLastName(P04_InformationPage.java:31)] - Gamal-2024-11-11-5-0-01PM
[INFO] 11-11-2024 17:02:21 [main] [Pages.P04_InformationPage.FillZipCode(P04_InformationPage.java:38)] - 41616
[INFO] 11-11-2024 17:02:22 [main] [Pages.P05_CheckOutPage.CheckProductsPrices(P05_CheckOutPage.java:45)] - 33.97
[INFO] 11-11-2024 17:02:22 [main] [Pages.P05_CheckOutPage.ItemPrices(P05_CheckOutPage.java:51)] - 33.97
[INFO] 11-11-2024 17:02:22 [main] [Pages.P05_CheckOutPage.ItemPrices(P05_CheckOutPage.java:51)] - 33.97
[INFO] 11-11-2024 17:02:22 [main] [Listeners.Itest.onTestSuccess(Itest.java:10)] - TestCaseCheckTheSumOfPricesSameAtCarAndChecoutAndTheSumPassed
[INFO] 11-11-2024 17:02:22 [main] [Tests.T05_CheckoutTC.setup(T05_CheckoutTC.java:40)] - null
[INFO] 11-11-2024 17:02:23 [main] [Tests.T05_CheckoutTC.setup(T05_CheckoutTC.java:42)] - Chrome is open
[INFO] 11-11-2024 17:02:26 [main] [Listeners.Itest.onTestStart(Itest.java:18)] - TestCase CheckTheTotalPriceStarted
[INFO] 11-11-2024 17:02:28 [main] [Pages.P02_ProductsPage.selectRandomProduct(P02_ProductsPage.java:61)] - the numbers is [1, 2, 5]
[INFO] 11-11-2024 17:02:29 [main] [Pages.P04_InformationPage.FillFirstName(P04_InformationPage.java:24)] - Ahmed-2024-11-11-5-0-01PM
[INFO] 11-11-2024 17:02:29 [main] [Pages.P04_InformationPage.FillLastName(P04_InformationPage.java:31)] - Gamal-2024-11-11-5-0-01PM
[INFO] 11-11-2024 17:02:29 [main] [Pages.P04_InformationPage.FillZipCode(P04_InformationPage.java:38)] - 41616
[INFO] 11-11-2024 17:02:30 [main] [Pages.P05_CheckOutPage.ItemPrices(P05_CheckOutPage.java:51)] - 47.97
[INFO] 11-11-2024 17:02:30 [main] [Pages.P05_CheckOutPage.CheckTotalWithTaxes(P05_CheckOutPage.java:71)] - 51.81
[INFO] 11-11-2024 17:02:30 [main] [Pages.P05_CheckOutPage.CheckTotalWithTaxes(P05_CheckOutPage.java:72)] - 51.81
[INFO] 11-11-2024 17:02:30 [main] [Listeners.Itest.onTestSuccess(Itest.java:10)] - TestCaseCheckTheTotalPricePassed
[INFO] 11-11-2024 17:02:30 [main] [Tests.T06_FinishTC.setup(T06_FinishTC.java:36)] - null
[INFO] 11-11-2024 17:02:31 [main] [Tests.T06_FinishTC.setup(T06_FinishTC.java:38)] - Chrome is open
[INFO] 11-11-2024 17:02:33 [main] [Listeners.Itest.onTestStart(Itest.java:18)] - TestCase CheckMessageStarted
[INFO] 11-11-2024 17:02:35 [main] [Pages.P02_ProductsPage.selectRandomProduct(P02_ProductsPage.java:61)] - the numbers is [2, 3, 6]
[INFO] 11-11-2024 17:02:36 [main] [Pages.P04_InformationPage.FillFirstName(P04_InformationPage.java:24)] - Ahmed-2024-11-11-5-0-01PM
[INFO] 11-11-2024 17:02:36 [main] [Pages.P04_InformationPage.FillLastName(P04_InformationPage.java:31)] - Gamal-2024-11-11-5-0-01PM
[INFO] 11-11-2024 17:02:36 [main] [Pages.P04_InformationPage.FillZipCode(P04_InformationPage.java:38)] - 41616
[INFO] 11-11-2024 17:02:37 [main] [Listeners.Itest.onTestSuccess(Itest.java:10)] - TestCaseCheckMessagePassed
[INFO] 11-11-2024 17:05:18 [main] [Tests.T01_LoginTest.setup(T01_LoginTest.java:35)] - null
[INFO] 11-11-2024 17:05:23 [main] [Tests.T01_LoginTest.setup(T01_LoginTest.java:37)] - Chrome is open
[INFO] 11-11-2024 17:05:28 [main] [Listeners.Itest.onTestStart(Itest.java:18)] - TestCase valid_LoginStarted
[INFO] 11-11-2024 17:05:30 [main] [Listeners.Itest.onTestSuccess(Itest.java:10)] - TestCasevalid_LoginPassed
[INFO] 11-11-2024 17:05:30 [main] [Tests.T02_ProductsTC.setup(T02_ProductsTC.java:35)] - null
[INFO] 11-11-2024 17:05:34 [main] [Tests.T02_ProductsTC.setup(T02_ProductsTC.java:37)] - Chrome is open
[INFO] 11-11-2024 17:05:36 [main] [Listeners.Itest.onTestStart(Itest.java:18)] - TestCase AddRandomProductsStarted
[INFO] 11-11-2024 17:05:39 [main] [Pages.P02_ProductsPage.selectRandomProduct(P02_ProductsPage.java:61)] - the numbers is [1, 2, 3]
[INFO] 11-11-2024 17:05:39 [main] [Pages.P02_ProductsPage.CompareBetweenSelectedAndResult(P02_ProductsPage.java:53)] - number is 6
[INFO] 11-11-2024 17:05:39 [main] [Listeners.Itest.onTestSuccess(Itest.java:10)] - TestCaseAddRandomProductsPassed
[INFO] 11-11-2024 17:05:40 [main] [Tests.T02_ProductsTC.setup(T02_ProductsTC.java:35)] - null
[INFO] 11-11-2024 17:05:45 [main] [Tests.T02_ProductsTC.setup(T02_ProductsTC.java:37)] - Chrome is open
[INFO] 11-11-2024 17:05:48 [main] [Listeners.Itest.onTestStart(Itest.java:18)] - TestCase CheckAllProductsAddStarted
[INFO] 11-11-2024 17:05:50 [main] [Pages.P02_ProductsPage.ClickAddAllToCart(P02_ProductsPage.java:33)] - number of products is :6
[INFO] 11-11-2024 17:05:51 [main] [Pages.P02_ProductsPage.CompareBetweenSelectedAndResult(P02_ProductsPage.java:53)] - number is 6
[INFO] 11-11-2024 17:05:51 [main] [Listeners.Itest.onTestSuccess(Itest.java:10)] - TestCaseCheckAllProductsAddPassed
[INFO] 11-11-2024 17:05:51 [main] [Tests.T03_CartTC.setup(T03_CartTC.java:36)] - null
[INFO] 11-11-2024 17:05:55 [main] [Tests.T03_CartTC.setup(T03_CartTC.java:38)] - Chrome is open
[INFO] 11-11-2024 17:05:58 [main] [Listeners.Itest.onTestStart(Itest.java:18)] - TestCase CheckContinueshoppingStarted
[INFO] 11-11-2024 17:06:02 [main] [Pages.P03_CartPage.CheckPage(P03_CartPage.java:26)] - https://www.saucedemo.com/v1/inventory.html
[INFO] 11-11-2024 17:06:02 [main] [Listeners.Itest.onTestSuccess(Itest.java:10)] - TestCaseCheckContinueshoppingPassed
[INFO] 11-11-2024 17:06:03 [main] [Tests.T03_CartTC.setup(T03_CartTC.java:36)] - null
[INFO] 11-11-2024 17:06:09 [main] [Tests.T03_CartTC.setup(T03_CartTC.java:38)] - Chrome is open
[INFO] 11-11-2024 17:06:11 [main] [Listeners.Itest.onTestStart(Itest.java:18)] - TestCase CheckRedirectCheckoutStarted
[INFO] 11-11-2024 17:06:14 [main] [Pages.P03_CartPage.CheckPage(P03_CartPage.java:26)] - https://www.saucedemo.com/v1/checkout-step-one.html
[INFO] 11-11-2024 17:06:15 [main] [Listeners.Itest.onTestSuccess(Itest.java:10)] - TestCaseCheckRedirectCheckoutPassed
[INFO] 11-11-2024 17:06:15 [main] [Tests.T03_CartTC.setup(T03_CartTC.java:36)] - null
[INFO] 11-11-2024 17:06:17 [main] [Tests.T03_CartTC.setup(T03_CartTC.java:38)] - Chrome is open
[INFO] 11-11-2024 17:06:20 [main] [Listeners.Itest.onTestStart(Itest.java:18)] - TestCase CheckRedirectTocartStarted
[INFO] 11-11-2024 17:06:23 [main] [Pages.P03_CartPage.CheckPage(P03_CartPage.java:26)] - https://www.saucedemo.com/v1/cart.html
[INFO] 11-11-2024 17:06:23 [main] [Listeners.Itest.onTestSuccess(Itest.java:10)] - TestCaseCheckRedirectTocartPassed
[INFO] 11-11-2024 17:06:23 [main] [Tests.T03_CartTC.setup(T03_CartTC.java:36)] - null
[INFO] 11-11-2024 17:06:26 [main] [Tests.T03_CartTC.setup(T03_CartTC.java:38)] - Chrome is open
[INFO] 11-11-2024 17:06:31 [main] [Listeners.Itest.onTestStart(Itest.java:18)] - TestCase CheckThePriceSmeInCartStarted
[INFO] 11-11-2024 17:06:34 [main] [Pages.P02_ProductsPage.selectRandomProduct(P02_ProductsPage.java:61)] - the numbers is [3, 5, 6]
[INFO] 11-11-2024 17:06:34 [main] [Pages.P02_ProductsPage.ProductPagePrices(P02_ProductsPage.java:89)] - Total Prices39.97
[INFO] 11-11-2024 17:06:34 [main] [Pages.P03_CartPage.CartPagePrices(P03_CartPage.java:48)] - 39.97
[INFO] 11-11-2024 17:06:35 [main] [Pages.P03_CartPage.CartPagePrices(P03_CartPage.java:48)] - 39.97
[INFO] 11-11-2024 17:06:35 [main] [Listeners.Itest.onTestSuccess(Itest.java:10)] - TestCaseCheckThePriceSmeInCartPassed
[INFO] 11-11-2024 17:06:36 [main] [Tests.T03_CartTC.setup(T03_CartTC.java:36)] - null
[INFO] 11-11-2024 17:06:38 [main] [Tests.T03_CartTC.setup(T03_CartTC.java:38)] - Chrome is open
[INFO] 11-11-2024 17:06:40 [main] [Listeners.Itest.onTestStart(Itest.java:18)] - TestCase CheckTheQuantityStarted
[INFO] 11-11-2024 17:06:42 [main] [Pages.P02_ProductsPage.selectRandomProduct(P02_ProductsPage.java:61)] - the numbers is [2, 3, 4]
[INFO] 11-11-2024 17:06:43 [main] [Pages.P03_CartPage.checkTheQuantity(P03_CartPage.java:32)] - the Quantity is :3
[INFO] 11-11-2024 17:06:43 [main] [Listeners.Itest.onTestSuccess(Itest.java:10)] - TestCaseCheckTheQuantityPassed
[INFO] 11-11-2024 17:06:43 [main] [Tests.T04_InformationTC.setup(T04_InformationTC.java:40)] - null
[INFO] 11-11-2024 17:06:45 [main] [Tests.T04_InformationTC.setup(T04_InformationTC.java:42)] - Chrome is open
[INFO] 11-11-2024 17:06:47 [main] [Listeners.Itest.onTestStart(Itest.java:18)] - TestCase CancelButtonStarted
[INFO] 11-11-2024 17:06:49 [main] [Pages.P02_ProductsPage.selectRandomProduct(P02_ProductsPage.java:61)] - the numbers is [1, 5, 6]
[INFO] 11-11-2024 17:06:50 [main] [Pages.P04_InformationPage.FillFirstName(P04_InformationPage.java:24)] - Ahmed-2024-11-11-5-5-17PM
[INFO] 11-11-2024 17:06:50 [main] [Pages.P04_InformationPage.FillLastName(P04_InformationPage.java:31)] - Gamal-2024-11-11-5-5-17PM
[INFO] 11-11-2024 17:06:50 [main] [Pages.P04_InformationPage.FillZipCode(P04_InformationPage.java:38)] - 41616
[INFO] 11-11-2024 17:06:50 [main] [Listeners.Itest.onTestSuccess(Itest.java:10)] - TestCaseCancelButtonPassed
[INFO] 11-11-2024 17:06:50 [main] [Tests.T04_InformationTC.setup(T04_InformationTC.java:40)] - null
[INFO] 11-11-2024 17:06:54 [main] [Tests.T04_InformationTC.setup(T04_InformationTC.java:42)] - Chrome is open
[INFO] 11-11-2024 17:06:55 [main] [Listeners.Itest.onTestStart(Itest.java:18)] - TestCase FillInformationsStarted
[INFO] 11-11-2024 17:06:58 [main] [Pages.P02_ProductsPage.selectRandomProduct(P02_ProductsPage.java:61)] - the numbers is [1, 3, 4]
[INFO] 11-11-2024 17:06:58 [main] [Pages.P04_InformationPage.FillFirstName(P04_InformationPage.java:24)] - Ahmed-2024-11-11-5-5-17PM
[INFO] 11-11-2024 17:06:58 [main] [Pages.P04_InformationPage.FillLastName(P04_InformationPage.java:31)] - Gamal-2024-11-11-5-5-17PM
[INFO] 11-11-2024 17:06:59 [main] [Pages.P04_InformationPage.FillZipCode(P04_InformationPage.java:38)] - 41616
[INFO] 11-11-2024 17:06:59 [main] [Listeners.Itest.onTestSuccess(Itest.java:10)] - TestCaseFillInformationsPassed
[INFO] 11-11-2024 17:06:59 [main] [Tests.T05_CheckoutTC.setup(T05_CheckoutTC.java:40)] - null
[INFO] 11-11-2024 17:07:02 [main] [Tests.T05_CheckoutTC.setup(T05_CheckoutTC.java:42)] - Chrome is open
[INFO] 11-11-2024 17:07:04 [main] [Listeners.Itest.onTestStart(Itest.java:18)] - TestCase CheckCancelButtonRedirectionStarted
[INFO] 11-11-2024 17:07:06 [main] [Pages.P02_ProductsPage.selectRandomProduct(P02_ProductsPage.java:61)] - the numbers is [1, 2, 3]
[INFO] 11-11-2024 17:07:07 [main] [Pages.P04_InformationPage.FillFirstName(P04_InformationPage.java:24)] - Ahmed-2024-11-11-5-5-17PM
[INFO] 11-11-2024 17:07:07 [main] [Pages.P04_InformationPage.FillLastName(P04_InformationPage.java:31)] - Gamal-2024-11-11-5-5-17PM
[INFO] 11-11-2024 17:07:07 [main] [Pages.P04_InformationPage.FillZipCode(P04_InformationPage.java:38)] - 41616
[INFO] 11-11-2024 17:07:08 [main] [Listeners.Itest.onTestSuccess(Itest.java:10)] - TestCaseCheckCancelButtonRedirectionPassed
[INFO] 11-11-2024 17:07:08 [main] [Tests.T05_CheckoutTC.setup(T05_CheckoutTC.java:40)] - null
[INFO] 11-11-2024 17:07:10 [main] [Tests.T05_CheckoutTC.setup(T05_CheckoutTC.java:42)] - Chrome is open
[INFO] 11-11-2024 17:07:11 [main] [Listeners.Itest.onTestStart(Itest.java:18)] - TestCase CheckFinishButtonRedirectionStarted
[INFO] 11-11-2024 17:07:12 [main] [Pages.P02_ProductsPage.selectRandomProduct(P02_ProductsPage.java:61)] - the numbers is [1, 2, 4]
[INFO] 11-11-2024 17:07:13 [main] [Pages.P04_InformationPage.FillFirstName(P04_InformationPage.java:24)] - Ahmed-2024-11-11-5-5-17PM
[INFO] 11-11-2024 17:07:14 [main] [Pages.P04_InformationPage.FillLastName(P04_InformationPage.java:31)] - Gamal-2024-11-11-5-5-17PM
[INFO] 11-11-2024 17:07:14 [main] [Pages.P04_InformationPage.FillZipCode(P04_InformationPage.java:38)] - 41616
[INFO] 11-11-2024 17:07:14 [main] [Listeners.Itest.onTestSuccess(Itest.java:10)] - TestCaseCheckFinishButtonRedirectionPassed
[INFO] 11-11-2024 17:07:14 [main] [Tests.T05_CheckoutTC.setup(T05_CheckoutTC.java:40)] - null
[INFO] 11-11-2024 17:07:17 [main] [Tests.T05_CheckoutTC.setup(T05_CheckoutTC.java:42)] - Chrome is open
[INFO] 11-11-2024 17:07:18 [main] [Listeners.Itest.onTestStart(Itest.java:18)] - TestCase CheckQuantityBeforeFinishStarted
[INFO] 11-11-2024 17:07:20 [main] [Pages.P02_ProductsPage.selectRandomProduct(P02_ProductsPage.java:61)] - the numbers is [1, 4, 6]
[INFO] 11-11-2024 17:07:21 [main] [Pages.P04_InformationPage.FillFirstName(P04_InformationPage.java:24)] - Ahmed-2024-11-11-5-5-17PM
[INFO] 11-11-2024 17:07:21 [main] [Pages.P04_InformationPage.FillLastName(P04_InformationPage.java:31)] - Gamal-2024-11-11-5-5-17PM
[INFO] 11-11-2024 17:07:21 [main] [Pages.P04_InformationPage.FillZipCode(P04_InformationPage.java:38)] - 41616
[INFO] 11-11-2024 17:07:21 [main] [Pages.P05_CheckOutPage.CheckProductsQuantity(P05_CheckOutPage.java:29)] - Product Quantity is : 3
[INFO] 11-11-2024 17:07:21 [main] [Pages.P05_CheckOutPage.CheckProductsQuantity(P05_CheckOutPage.java:29)] - Product Quantity is : 3
[INFO] 11-11-2024 17:07:21 [main] [Listeners.Itest.onTestSuccess(Itest.java:10)] - TestCaseCheckQuantityBeforeFinishPassed
[INFO] 11-11-2024 17:07:21 [main] [Tests.T05_CheckoutTC.setup(T05_CheckoutTC.java:40)] - null
[INFO] 11-11-2024 17:07:23 [main] [Tests.T05_CheckoutTC.setup(T05_CheckoutTC.java:42)] - Chrome is open
[INFO] 11-11-2024 17:07:24 [main] [Listeners.Itest.onTestStart(Itest.java:18)] - TestCase CheckTheSumOfPricesSameAtCarAndChecoutAndTheSumStarted
[INFO] 11-11-2024 17:07:28 [main] [Pages.P02_ProductsPage.selectRandomProduct(P02_ProductsPage.java:61)] - the numbers is [1, 3, 6]
[INFO] 11-11-2024 17:07:29 [main] [Pages.P03_CartPage.CartPagePrices(P03_CartPage.java:48)] - 61.97
[INFO] 11-11-2024 17:07:29 [main] [Pages.P04_InformationPage.FillFirstName(P04_InformationPage.java:24)] - Ahmed-2024-11-11-5-5-17PM
[INFO] 11-11-2024 17:07:30 [main] [Pages.P04_InformationPage.FillLastName(P04_InformationPage.java:31)] - Gamal-2024-11-11-5-5-17PM
[INFO] 11-11-2024 17:07:30 [main] [Pages.P04_InformationPage.FillZipCode(P04_InformationPage.java:38)] - 41616
[INFO] 11-11-2024 17:07:30 [main] [Pages.P05_CheckOutPage.CheckProductsPrices(P05_CheckOutPage.java:45)] - 61.97
[INFO] 11-11-2024 17:07:30 [main] [Pages.P05_CheckOutPage.ItemPrices(P05_CheckOutPage.java:51)] - 61.97
[INFO] 11-11-2024 17:07:30 [main] [Pages.P05_CheckOutPage.ItemPrices(P05_CheckOutPage.java:51)] - 61.97
[INFO] 11-11-2024 17:07:30 [main] [Listeners.Itest.onTestSuccess(Itest.java:10)] - TestCaseCheckTheSumOfPricesSameAtCarAndChecoutAndTheSumPassed
[INFO] 11-11-2024 17:07:30 [main] [Tests.T05_CheckoutTC.setup(T05_CheckoutTC.java:40)] - null
[INFO] 11-11-2024 17:07:32 [main] [Tests.T05_CheckoutTC.setup(T05_CheckoutTC.java:42)] - Chrome is open
[INFO] 11-11-2024 17:07:33 [main] [Listeners.Itest.onTestStart(Itest.java:18)] - TestCase CheckTheTotalPriceStarted
[INFO] 11-11-2024 17:07:35 [main] [Pages.P02_ProductsPage.selectRandomProduct(P02_ProductsPage.java:61)] - the numbers is [1, 3, 4]
[INFO] 11-11-2024 17:07:36 [main] [Pages.P04_InformationPage.FillFirstName(P04_InformationPage.java:24)] - Ahmed-2024-11-11-5-5-17PM
[INFO] 11-11-2024 17:07:36 [main] [Pages.P04_InformationPage.FillLastName(P04_InformationPage.java:31)] - Gamal-2024-11-11-5-5-17PM
[INFO] 11-11-2024 17:07:36 [main] [Pages.P04_InformationPage.FillZipCode(P04_InformationPage.java:38)] - 41616
[INFO] 11-11-2024 17:07:36 [main] [Pages.P05_CheckOutPage.ItemPrices(P05_CheckOutPage.java:51)] - 95.97
[INFO] 11-11-2024 17:07:37 [main] [Pages.P05_CheckOutPage.CheckTotalWithTaxes(P05_CheckOutPage.java:71)] - 103.65
[INFO] 11-11-2024 17:07:37 [main] [Pages.P05_CheckOutPage.CheckTotalWithTaxes(P05_CheckOutPage.java:72)] - 103.65
[INFO] 11-11-2024 17:07:37 [main] [Listeners.Itest.onTestSuccess(Itest.java:10)] - TestCaseCheckTheTotalPricePassed
[INFO] 11-11-2024 17:07:37 [main] [Tests.T06_FinishTC.setup(T06_FinishTC.java:36)] - null
[INFO] 11-11-2024 17:07:39 [main] [Tests.T06_FinishTC.setup(T06_FinishTC.java:38)] - Chrome is open
[INFO] 11-11-2024 17:07:41 [main] [Listeners.Itest.onTestStart(Itest.java:18)] - TestCase CheckMessageStarted
[INFO] 11-11-2024 17:07:43 [main] [Pages.P02_ProductsPage.selectRandomProduct(P02_ProductsPage.java:61)] - the numbers is [2, 3, 5]
[INFO] 11-11-2024 17:07:44 [main] [Pages.P04_InformationPage.FillFirstName(P04_InformationPage.java:24)] - Ahmed-2024-11-11-5-5-17PM
[INFO] 11-11-2024 17:07:44 [main] [Pages.P04_InformationPage.FillLastName(P04_InformationPage.java:31)] - Gamal-2024-11-11-5-5-17PM
[INFO] 11-11-2024 17:07:44 [main] [Pages.P04_InformationPage.FillZipCode(P04_InformationPage.java:38)] - 41616
[INFO] 11-11-2024 17:07:45 [main] [Listeners.Itest.onTestSuccess(Itest.java:10)] - TestCaseCheckMessagePassed
[INFO] 11-11-2024 17:08:41 [main] [Tests.T01_LoginTest.setup(T01_LoginTest.java:35)] - null
[INFO] 11-11-2024 17:08:46 [main] [Tests.T01_LoginTest.setup(T01_LoginTest.java:37)] - Chrome is open
[INFO] 11-11-2024 17:08:48 [main] [Listeners.Itest.onTestStart(Itest.java:18)] - TestCase valid_LoginStarted
[INFO] 11-11-2024 17:08:51 [main] [Listeners.Itest.onTestSuccess(Itest.java:10)] - TestCasevalid_LoginPassed
[INFO] 11-11-2024 17:11:09 [main] [Tests.T01_LoginTest.setup(T01_LoginTest.java:35)] - null
[INFO] 11-11-2024 17:11:56 [main] [Tests.T01_LoginTest.setup(T01_LoginTest.java:37)] - Chrome is open
[INFO] 11-11-2024 17:12:02 [main] [Listeners.Itest.onTestStart(Itest.java:18)] - TestCase valid_LoginStarted
[INFO] 11-11-2024 17:12:05 [main] [Listeners.Itest.onTestSuccess(Itest.java:10)] - TestCasevalid_LoginPassed
