[INFO] 10-11-2024 01:07:36 [main] [Listeners.Itest.onTestStart(Itest.java:18)] - TestCase valid_LoginStarted
[INFO] 10-11-2024 01:07:39 [main] [Listeners.Itest.onTestSuccess(Itest.java:10)] - TestCasevalid_LoginPassed
[INFO] 10-11-2024 01:07:55 [main] [Listeners.Itest.onTestStart(Itest.java:18)] - TestCase AddRandomProductsStarted
[INFO] 10-11-2024 01:07:58 [main] [Pages.P02_ProductsPage.selectRandomProduct(P02_ProductsPage.java:61)] - the numbers is [1, 2, 6]
[INFO] 10-11-2024 01:07:58 [main] [Pages.P02_ProductsPage.CompareBetweenSelectedAndResult(P02_ProductsPage.java:53)] - number is 6
[INFO] 10-11-2024 01:07:59 [main] [Listeners.Itest.onTestSuccess(Itest.java:10)] - TestCaseAddRandomProductsPassed
[INFO] 10-11-2024 01:08:11 [main] [Listeners.Itest.onTestStart(Itest.java:18)] - TestCase CheckAllProductsAddStarted
[INFO] 10-11-2024 01:08:21 [main] [Pages.P02_ProductsPage.ClickAddAllToCart(P02_ProductsPage.java:33)] - number of products is :6
[INFO] 10-11-2024 01:08:23 [main] [Pages.P02_ProductsPage.CompareBetweenSelectedAndResult(P02_ProductsPage.java:53)] - number is 6
[INFO] 10-11-2024 01:08:23 [main] [Listeners.Itest.onTestSuccess(Itest.java:10)] - TestCaseCheckAllProductsAddPassed
[INFO] 10-11-2024 01:08:42 [main] [Listeners.Itest.onTestStart(Itest.java:18)] - TestCase CheckContinueshoppingStarted
[INFO] 10-11-2024 01:08:44 [main] [Pages.P03_CartPage.CheckPage(P03_CartPage.java:26)] - https://www.saucedemo.com/v1/inventory.html
[INFO] 10-11-2024 01:08:44 [main] [Listeners.Itest.onTestSuccess(Itest.java:10)] - TestCaseCheckContinueshoppingPassed
[INFO] 10-11-2024 01:08:51 [main] [Listeners.Itest.onTestStart(Itest.java:18)] - TestCase CheckRedirectCheckoutStarted
[INFO] 10-11-2024 01:08:54 [main] [Pages.P03_CartPage.CheckPage(P03_CartPage.java:26)] - https://www.saucedemo.com/v1/checkout-step-one.html
[INFO] 10-11-2024 01:08:54 [main] [Listeners.Itest.onTestSuccess(Itest.java:10)] - TestCaseCheckRedirectCheckoutPassed
[INFO] 10-11-2024 01:09:04 [main] [Listeners.Itest.onTestStart(Itest.java:18)] - TestCase CheckRedirectTocartStarted
[INFO] 10-11-2024 01:09:12 [main] [Pages.P03_CartPage.CheckPage(P03_CartPage.java:26)] - https://www.saucedemo.com/v1/cart.html
[INFO] 10-11-2024 01:09:12 [main] [Listeners.Itest.onTestSuccess(Itest.java:10)] - TestCaseCheckRedirectTocartPassed
[INFO] 10-11-2024 01:09:26 [main] [Listeners.Itest.onTestStart(Itest.java:18)] - TestCase CheckThePriceSmeInCartStarted
[INFO] 10-11-2024 01:09:28 [main] [Pages.P02_ProductsPage.selectRandomProduct(P02_ProductsPage.java:61)] - the numbers is [1, 3, 4]
[INFO] 10-11-2024 01:09:29 [main] [Pages.P02_ProductsPage.ProductPagePrices(P02_ProductsPage.java:89)] - Total Prices95.97
[INFO] 10-11-2024 01:09:29 [main] [Pages.P03_CartPage.CartPagePrices(P03_CartPage.java:48)] - 95.97
[INFO] 10-11-2024 01:09:29 [main] [Pages.P03_CartPage.CartPagePrices(P03_CartPage.java:48)] - 95.97
[INFO] 10-11-2024 01:09:29 [main] [Listeners.Itest.onTestSuccess(Itest.java:10)] - TestCaseCheckThePriceSmeInCartPassed
[INFO] 10-11-2024 01:09:36 [main] [Listeners.Itest.onTestStart(Itest.java:18)] - TestCase CheckTheQuantityStarted
[INFO] 10-11-2024 01:09:38 [main] [Pages.P02_ProductsPage.selectRandomProduct(P02_ProductsPage.java:61)] - the numbers is [2, 5, 6]
[INFO] 10-11-2024 01:09:39 [main] [Pages.P03_CartPage.checkTheQuantity(P03_CartPage.java:32)] - the Quantity is :3
[INFO] 10-11-2024 01:09:39 [main] [Listeners.Itest.onTestSuccess(Itest.java:10)] - TestCaseCheckTheQuantityPassed
[INFO] 10-11-2024 01:09:44 [main] [Listeners.Itest.onTestStart(Itest.java:18)] - TestCase CancelButtonStarted
[INFO] 10-11-2024 01:09:48 [main] [Pages.P02_ProductsPage.selectRandomProduct(P02_ProductsPage.java:61)] - the numbers is [2, 3, 5]
[INFO] 10-11-2024 01:09:49 [main] [Pages.P04_InformationPage.FillFirstName(P04_InformationPage.java:24)] - Ahmed-2024-11-10-1-7-00AM
[INFO] 10-11-2024 01:09:49 [main] [Pages.P04_InformationPage.FillLastName(P04_InformationPage.java:31)] - Gamal-2024-11-10-1-7-00AM
[INFO] 10-11-2024 01:09:49 [main] [Pages.P04_InformationPage.FillZipCode(P04_InformationPage.java:38)] - 41616
[INFO] 10-11-2024 01:09:49 [main] [Listeners.Itest.onTestSuccess(Itest.java:10)] - TestCaseCancelButtonPassed
[INFO] 10-11-2024 01:09:55 [main] [Listeners.Itest.onTestStart(Itest.java:18)] - TestCase FillInformationsStarted
[INFO] 10-11-2024 01:09:58 [main] [Pages.P02_ProductsPage.selectRandomProduct(P02_ProductsPage.java:61)] - the numbers is [2, 5, 6]
[INFO] 10-11-2024 01:09:58 [main] [Pages.P04_InformationPage.FillFirstName(P04_InformationPage.java:24)] - Ahmed-2024-11-10-1-7-00AM
[INFO] 10-11-2024 01:09:59 [main] [Pages.P04_InformationPage.FillLastName(P04_InformationPage.java:31)] - Gamal-2024-11-10-1-7-00AM
[INFO] 10-11-2024 01:09:59 [main] [Pages.P04_InformationPage.FillZipCode(P04_InformationPage.java:38)] - 41616
[INFO] 10-11-2024 01:10:00 [main] [Listeners.Itest.onTestSuccess(Itest.java:10)] - TestCaseFillInformationsPassed
[INFO] 10-11-2024 01:10:05 [main] [Listeners.Itest.onTestStart(Itest.java:18)] - TestCase CheckCancelButtonRedirectionStarted
[INFO] 10-11-2024 01:10:07 [main] [Pages.P02_ProductsPage.selectRandomProduct(P02_ProductsPage.java:61)] - the numbers is [2, 3, 4]
[INFO] 10-11-2024 01:10:08 [main] [Pages.P04_InformationPage.FillFirstName(P04_InformationPage.java:24)] - Ahmed-2024-11-10-1-7-00AM
[INFO] 10-11-2024 01:10:08 [main] [Pages.P04_InformationPage.FillLastName(P04_InformationPage.java:31)] - Gamal-2024-11-10-1-7-00AM
[INFO] 10-11-2024 01:10:09 [main] [Pages.P04_InformationPage.FillZipCode(P04_InformationPage.java:38)] - 41616
[INFO] 10-11-2024 01:10:09 [main] [Listeners.Itest.onTestSuccess(Itest.java:10)] - TestCaseCheckCancelButtonRedirectionPassed
[INFO] 10-11-2024 01:10:18 [main] [Listeners.Itest.onTestStart(Itest.java:18)] - TestCase CheckFinishButtonRedirectionStarted
[INFO] 10-11-2024 01:10:20 [main] [Pages.P02_ProductsPage.selectRandomProduct(P02_ProductsPage.java:61)] - the numbers is [1, 4, 6]
[INFO] 10-11-2024 01:10:21 [main] [Pages.P04_InformationPage.FillFirstName(P04_InformationPage.java:24)] - Ahmed-2024-11-10-1-7-00AM
[INFO] 10-11-2024 01:10:21 [main] [Pages.P04_InformationPage.FillLastName(P04_InformationPage.java:31)] - Gamal-2024-11-10-1-7-00AM
[INFO] 10-11-2024 01:10:21 [main] [Pages.P04_InformationPage.FillZipCode(P04_InformationPage.java:38)] - 41616
[INFO] 10-11-2024 01:10:23 [main] [Listeners.Itest.onTestSuccess(Itest.java:10)] - TestCaseCheckFinishButtonRedirectionPassed
[INFO] 10-11-2024 01:10:28 [main] [Listeners.Itest.onTestStart(Itest.java:18)] - TestCase CheckQuantityBeforeFinishStarted
[INFO] 10-11-2024 01:10:29 [main] [Pages.P02_ProductsPage.selectRandomProduct(P02_ProductsPage.java:61)] - the numbers is [2, 5, 6]
[INFO] 10-11-2024 01:10:30 [main] [Pages.P04_InformationPage.FillFirstName(P04_InformationPage.java:24)] - Ahmed-2024-11-10-1-7-00AM
[INFO] 10-11-2024 01:10:31 [main] [Pages.P04_InformationPage.FillLastName(P04_InformationPage.java:31)] - Gamal-2024-11-10-1-7-00AM
[INFO] 10-11-2024 01:10:31 [main] [Pages.P04_InformationPage.FillZipCode(P04_InformationPage.java:38)] - 41616
[INFO] 10-11-2024 01:10:31 [main] [Pages.P05_CheckOutPage.CheckProductsQuantity(P05_CheckOutPage.java:29)] - Product Quantity is : 3
[INFO] 10-11-2024 01:10:31 [main] [Pages.P05_CheckOutPage.CheckProductsQuantity(P05_CheckOutPage.java:29)] - Product Quantity is : 3
[INFO] 10-11-2024 01:10:31 [main] [Listeners.Itest.onTestSuccess(Itest.java:10)] - TestCaseCheckQuantityBeforeFinishPassed
[INFO] 10-11-2024 01:10:38 [main] [Listeners.Itest.onTestStart(Itest.java:18)] - TestCase CheckTheSumOfPricesSameAtCarAndChecoutAndTheSumStarted
[INFO] 10-11-2024 01:10:40 [main] [Pages.P02_ProductsPage.selectRandomProduct(P02_ProductsPage.java:61)] - the numbers is [4, 5, 6]
[INFO] 10-11-2024 01:10:41 [main] [Pages.P03_CartPage.CartPagePrices(P03_CartPage.java:48)] - 73.97
[INFO] 10-11-2024 01:10:41 [main] [Pages.P04_InformationPage.FillFirstName(P04_InformationPage.java:24)] - Ahmed-2024-11-10-1-7-00AM
[INFO] 10-11-2024 01:10:42 [main] [Pages.P04_InformationPage.FillLastName(P04_InformationPage.java:31)] - Gamal-2024-11-10-1-7-00AM
[INFO] 10-11-2024 01:10:42 [main] [Pages.P04_InformationPage.FillZipCode(P04_InformationPage.java:38)] - 41616
[INFO] 10-11-2024 01:10:42 [main] [Pages.P05_CheckOutPage.CheckProductsPrices(P05_CheckOutPage.java:45)] - 73.97
[INFO] 10-11-2024 01:10:42 [main] [Pages.P05_CheckOutPage.ItemPrices(P05_CheckOutPage.java:51)] - 73.97
[INFO] 10-11-2024 01:10:43 [main] [Pages.P05_CheckOutPage.ItemPrices(P05_CheckOutPage.java:51)] - 73.97
[INFO] 10-11-2024 01:10:43 [main] [Listeners.Itest.onTestSuccess(Itest.java:10)] - TestCaseCheckTheSumOfPricesSameAtCarAndChecoutAndTheSumPassed
[INFO] 10-11-2024 01:10:49 [main] [Listeners.Itest.onTestStart(Itest.java:18)] - TestCase CheckTheTotalPriceStarted
[INFO] 10-11-2024 01:10:52 [main] [Pages.P02_ProductsPage.selectRandomProduct(P02_ProductsPage.java:61)] - the numbers is [2, 3, 6]
[INFO] 10-11-2024 01:10:53 [main] [Pages.P04_InformationPage.FillFirstName(P04_InformationPage.java:24)] - Ahmed-2024-11-10-1-7-00AM
[INFO] 10-11-2024 01:10:53 [main] [Pages.P04_InformationPage.FillLastName(P04_InformationPage.java:31)] - Gamal-2024-11-10-1-7-00AM
[INFO] 10-11-2024 01:10:53 [main] [Pages.P04_InformationPage.FillZipCode(P04_InformationPage.java:38)] - 41616
[INFO] 10-11-2024 01:10:54 [main] [Pages.P05_CheckOutPage.ItemPrices(P05_CheckOutPage.java:51)] - 41.97
[INFO] 10-11-2024 01:10:54 [main] [Pages.P05_CheckOutPage.CheckTotalWithTaxes(P05_CheckOutPage.java:71)] - 45.33
[INFO] 10-11-2024 01:10:54 [main] [Pages.P05_CheckOutPage.CheckTotalWithTaxes(P05_CheckOutPage.java:72)] - 45.33
[INFO] 10-11-2024 01:10:54 [main] [Listeners.Itest.onTestSuccess(Itest.java:10)] - TestCaseCheckTheTotalPricePassed
[INFO] 10-11-2024 01:11:00 [main] [Listeners.Itest.onTestStart(Itest.java:18)] - TestCase CheckMessageStarted
[INFO] 10-11-2024 01:11:03 [main] [Pages.P02_ProductsPage.selectRandomProduct(P02_ProductsPage.java:61)] - the numbers is [2, 4, 6]
[INFO] 10-11-2024 01:11:04 [main] [Pages.P04_InformationPage.FillFirstName(P04_InformationPage.java:24)] - Ahmed-2024-11-10-1-7-00AM
[INFO] 10-11-2024 01:11:04 [main] [Pages.P04_InformationPage.FillLastName(P04_InformationPage.java:31)] - Gamal-2024-11-10-1-7-00AM
[INFO] 10-11-2024 01:11:04 [main] [Pages.P04_InformationPage.FillZipCode(P04_InformationPage.java:38)] - 41616
[INFO] 10-11-2024 01:11:05 [main] [Listeners.Itest.onTestSuccess(Itest.java:10)] - TestCaseCheckMessagePassed
[INFO] 10-11-2024 19:50:18 [main] [Listeners.Itest.onTestStart(Itest.java:18)] - TestCase valid_LoginStarted
[INFO] 10-11-2024 19:50:21 [main] [Listeners.Itest.onTestSuccess(Itest.java:10)] - TestCasevalid_LoginPassed
[INFO] 10-11-2024 19:50:26 [main] [Listeners.Itest.onTestStart(Itest.java:18)] - TestCase AddRandomProductsStarted
[INFO] 10-11-2024 19:50:28 [main] [Pages.P02_ProductsPage.selectRandomProduct(P02_ProductsPage.java:61)] - the numbers is [1, 4, 5]
[INFO] 10-11-2024 19:50:28 [main] [Pages.P02_ProductsPage.CompareBetweenSelectedAndResult(P02_ProductsPage.java:53)] - number is 6
[INFO] 10-11-2024 19:50:28 [main] [Listeners.Itest.onTestSuccess(Itest.java:10)] - TestCaseAddRandomProductsPassed
[INFO] 10-11-2024 19:50:31 [main] [Listeners.Itest.onTestStart(Itest.java:18)] - TestCase CheckAllProductsAddStarted
[INFO] 10-11-2024 19:50:32 [main] [Pages.P02_ProductsPage.ClickAddAllToCart(P02_ProductsPage.java:33)] - number of products is :6
[INFO] 10-11-2024 19:50:33 [main] [Pages.P02_ProductsPage.CompareBetweenSelectedAndResult(P02_ProductsPage.java:53)] - number is 6
[INFO] 10-11-2024 19:50:33 [main] [Listeners.Itest.onTestSuccess(Itest.java:10)] - TestCaseCheckAllProductsAddPassed
[INFO] 10-11-2024 19:50:37 [main] [Listeners.Itest.onTestStart(Itest.java:18)] - TestCase CheckContinueshoppingStarted
[INFO] 10-11-2024 19:50:40 [main] [Pages.P03_CartPage.CheckPage(P03_CartPage.java:26)] - https://www.saucedemo.com/v1/inventory.html
[INFO] 10-11-2024 19:50:40 [main] [Listeners.Itest.onTestSuccess(Itest.java:10)] - TestCaseCheckContinueshoppingPassed
[INFO] 10-11-2024 19:50:43 [main] [Listeners.Itest.onTestStart(Itest.java:18)] - TestCase CheckRedirectCheckoutStarted
[INFO] 10-11-2024 19:50:46 [main] [Pages.P03_CartPage.CheckPage(P03_CartPage.java:26)] - https://www.saucedemo.com/v1/checkout-step-one.html
[INFO] 10-11-2024 19:50:46 [main] [Listeners.Itest.onTestSuccess(Itest.java:10)] - TestCaseCheckRedirectCheckoutPassed
[INFO] 10-11-2024 19:50:49 [main] [Listeners.Itest.onTestStart(Itest.java:18)] - TestCase CheckRedirectTocartStarted
[INFO] 10-11-2024 19:50:51 [main] [Pages.P03_CartPage.CheckPage(P03_CartPage.java:26)] - https://www.saucedemo.com/v1/cart.html
[INFO] 10-11-2024 19:50:51 [main] [Listeners.Itest.onTestSuccess(Itest.java:10)] - TestCaseCheckRedirectTocartPassed
[INFO] 10-11-2024 19:50:54 [main] [Listeners.Itest.onTestStart(Itest.java:18)] - TestCase CheckThePriceSmeInCartStarted
[INFO] 10-11-2024 19:50:55 [main] [Pages.P02_ProductsPage.selectRandomProduct(P02_ProductsPage.java:61)] - the numbers is [1, 2, 5]
[INFO] 10-11-2024 19:50:56 [main] [Pages.P02_ProductsPage.ProductPagePrices(P02_ProductsPage.java:89)] - Total Prices47.97
[INFO] 10-11-2024 19:50:56 [main] [Pages.P03_CartPage.CartPagePrices(P03_CartPage.java:48)] - 47.97
[INFO] 10-11-2024 19:50:56 [main] [Pages.P03_CartPage.CartPagePrices(P03_CartPage.java:48)] - 47.97
[INFO] 10-11-2024 19:50:56 [main] [Listeners.Itest.onTestSuccess(Itest.java:10)] - TestCaseCheckThePriceSmeInCartPassed
[INFO] 10-11-2024 19:50:59 [main] [Listeners.Itest.onTestStart(Itest.java:18)] - TestCase CheckTheQuantityStarted
[INFO] 10-11-2024 19:51:01 [main] [Pages.P02_ProductsPage.selectRandomProduct(P02_ProductsPage.java:61)] - the numbers is [1, 4, 6]
[INFO] 10-11-2024 19:51:01 [main] [Pages.P03_CartPage.checkTheQuantity(P03_CartPage.java:32)] - the Quantity is :3
[INFO] 10-11-2024 19:51:01 [main] [Listeners.Itest.onTestSuccess(Itest.java:10)] - TestCaseCheckTheQuantityPassed
[INFO] 10-11-2024 19:51:05 [main] [Listeners.Itest.onTestStart(Itest.java:18)] - TestCase CancelButtonStarted
[INFO] 10-11-2024 19:51:07 [main] [Pages.P02_ProductsPage.selectRandomProduct(P02_ProductsPage.java:61)] - the numbers is [1, 3, 5]
[INFO] 10-11-2024 19:51:08 [main] [Pages.P04_InformationPage.FillFirstName(P04_InformationPage.java:24)] - Ahmed-2024-11-10-7-49-50PM
[INFO] 10-11-2024 19:51:08 [main] [Pages.P04_InformationPage.FillLastName(P04_InformationPage.java:31)] - Gamal-2024-11-10-7-49-50PM
[INFO] 10-11-2024 19:51:08 [main] [Pages.P04_InformationPage.FillZipCode(P04_InformationPage.java:38)] - 41616
[INFO] 10-11-2024 19:51:08 [main] [Listeners.Itest.onTestSuccess(Itest.java:10)] - TestCaseCancelButtonPassed
[INFO] 10-11-2024 19:51:12 [main] [Listeners.Itest.onTestStart(Itest.java:18)] - TestCase FillInformationsStarted
[INFO] 10-11-2024 19:51:13 [main] [Pages.P02_ProductsPage.selectRandomProduct(P02_ProductsPage.java:61)] - the numbers is [3, 5, 6]
[INFO] 10-11-2024 19:51:14 [main] [Pages.P04_InformationPage.FillFirstName(P04_InformationPage.java:24)] - Ahmed-2024-11-10-7-49-50PM
[INFO] 10-11-2024 19:51:14 [main] [Pages.P04_InformationPage.FillLastName(P04_InformationPage.java:31)] - Gamal-2024-11-10-7-49-50PM
[INFO] 10-11-2024 19:51:14 [main] [Pages.P04_InformationPage.FillZipCode(P04_InformationPage.java:38)] - 41616
[INFO] 10-11-2024 19:51:15 [main] [Listeners.Itest.onTestSuccess(Itest.java:10)] - TestCaseFillInformationsPassed
[INFO] 10-11-2024 19:51:18 [main] [Listeners.Itest.onTestStart(Itest.java:18)] - TestCase CheckCancelButtonRedirectionStarted
[INFO] 10-11-2024 19:51:19 [main] [Pages.P02_ProductsPage.selectRandomProduct(P02_ProductsPage.java:61)] - the numbers is [3, 4, 6]
[INFO] 10-11-2024 19:51:20 [main] [Pages.P04_InformationPage.FillFirstName(P04_InformationPage.java:24)] - Ahmed-2024-11-10-7-49-50PM
[INFO] 10-11-2024 19:51:20 [main] [Pages.P04_InformationPage.FillLastName(P04_InformationPage.java:31)] - Gamal-2024-11-10-7-49-50PM
[INFO] 10-11-2024 19:51:20 [main] [Pages.P04_InformationPage.FillZipCode(P04_InformationPage.java:38)] - 41616
[INFO] 10-11-2024 19:51:21 [main] [Listeners.Itest.onTestSuccess(Itest.java:10)] - TestCaseCheckCancelButtonRedirectionPassed
[INFO] 10-11-2024 19:51:24 [main] [Listeners.Itest.onTestStart(Itest.java:18)] - TestCase CheckFinishButtonRedirectionStarted
[INFO] 10-11-2024 19:51:26 [main] [Pages.P02_ProductsPage.selectRandomProduct(P02_ProductsPage.java:61)] - the numbers is [1, 4, 6]
[INFO] 10-11-2024 19:51:27 [main] [Pages.P04_InformationPage.FillFirstName(P04_InformationPage.java:24)] - Ahmed-2024-11-10-7-49-50PM
[INFO] 10-11-2024 19:51:27 [main] [Pages.P04_InformationPage.FillLastName(P04_InformationPage.java:31)] - Gamal-2024-11-10-7-49-50PM
[INFO] 10-11-2024 19:51:27 [main] [Pages.P04_InformationPage.FillZipCode(P04_InformationPage.java:38)] - 41616
[INFO] 10-11-2024 19:51:28 [main] [Listeners.Itest.onTestSuccess(Itest.java:10)] - TestCaseCheckFinishButtonRedirectionPassed
[INFO] 10-11-2024 19:51:30 [main] [Listeners.Itest.onTestStart(Itest.java:18)] - TestCase CheckQuantityBeforeFinishStarted
[INFO] 10-11-2024 19:51:32 [main] [Pages.P02_ProductsPage.selectRandomProduct(P02_ProductsPage.java:61)] - the numbers is [1, 4, 6]
[INFO] 10-11-2024 19:51:33 [main] [Pages.P04_InformationPage.FillFirstName(P04_InformationPage.java:24)] - Ahmed-2024-11-10-7-49-50PM
[INFO] 10-11-2024 19:51:33 [main] [Pages.P04_InformationPage.FillLastName(P04_InformationPage.java:31)] - Gamal-2024-11-10-7-49-50PM
[INFO] 10-11-2024 19:51:33 [main] [Pages.P04_InformationPage.FillZipCode(P04_InformationPage.java:38)] - 41616
[INFO] 10-11-2024 19:51:34 [main] [Pages.P05_CheckOutPage.CheckProductsQuantity(P05_CheckOutPage.java:29)] - Product Quantity is : 3
[INFO] 10-11-2024 19:51:34 [main] [Pages.P05_CheckOutPage.CheckProductsQuantity(P05_CheckOutPage.java:29)] - Product Quantity is : 3
[INFO] 10-11-2024 19:51:34 [main] [Listeners.Itest.onTestSuccess(Itest.java:10)] - TestCaseCheckQuantityBeforeFinishPassed
[INFO] 10-11-2024 19:51:36 [main] [Listeners.Itest.onTestStart(Itest.java:18)] - TestCase CheckTheSumOfPricesSameAtCarAndChecoutAndTheSumStarted
[INFO] 10-11-2024 19:51:38 [main] [Pages.P02_ProductsPage.selectRandomProduct(P02_ProductsPage.java:61)] - the numbers is [3, 5, 6]
[INFO] 10-11-2024 19:51:38 [main] [Pages.P03_CartPage.CartPagePrices(P03_CartPage.java:48)] - 39.97
[INFO] 10-11-2024 19:51:39 [main] [Pages.P04_InformationPage.FillFirstName(P04_InformationPage.java:24)] - Ahmed-2024-11-10-7-49-50PM
[INFO] 10-11-2024 19:51:39 [main] [Pages.P04_InformationPage.FillLastName(P04_InformationPage.java:31)] - Gamal-2024-11-10-7-49-50PM
[INFO] 10-11-2024 19:51:39 [main] [Pages.P04_InformationPage.FillZipCode(P04_InformationPage.java:38)] - 41616
[INFO] 10-11-2024 19:51:40 [main] [Pages.P05_CheckOutPage.CheckProductsPrices(P05_CheckOutPage.java:45)] - 39.97
[INFO] 10-11-2024 19:51:40 [main] [Pages.P05_CheckOutPage.ItemPrices(P05_CheckOutPage.java:51)] - 39.97
[INFO] 10-11-2024 19:51:40 [main] [Pages.P05_CheckOutPage.ItemPrices(P05_CheckOutPage.java:51)] - 39.97
[INFO] 10-11-2024 19:51:40 [main] [Listeners.Itest.onTestSuccess(Itest.java:10)] - TestCaseCheckTheSumOfPricesSameAtCarAndChecoutAndTheSumPassed
[INFO] 10-11-2024 19:51:43 [main] [Listeners.Itest.onTestStart(Itest.java:18)] - TestCase CheckTheTotalPriceStarted
[INFO] 10-11-2024 19:51:45 [main] [Pages.P02_ProductsPage.selectRandomProduct(P02_ProductsPage.java:61)] - the numbers is [1, 2, 5]
[INFO] 10-11-2024 19:51:45 [main] [Pages.P04_InformationPage.FillFirstName(P04_InformationPage.java:24)] - Ahmed-2024-11-10-7-49-50PM
[INFO] 10-11-2024 19:51:46 [main] [Pages.P04_InformationPage.FillLastName(P04_InformationPage.java:31)] - Gamal-2024-11-10-7-49-50PM
[INFO] 10-11-2024 19:51:46 [main] [Pages.P04_InformationPage.FillZipCode(P04_InformationPage.java:38)] - 41616
[INFO] 10-11-2024 19:51:46 [main] [Pages.P05_CheckOutPage.ItemPrices(P05_CheckOutPage.java:51)] - 47.97
[INFO] 10-11-2024 19:51:46 [main] [Pages.P05_CheckOutPage.CheckTotalWithTaxes(P05_CheckOutPage.java:71)] - 51.81
[INFO] 10-11-2024 19:51:46 [main] [Pages.P05_CheckOutPage.CheckTotalWithTaxes(P05_CheckOutPage.java:72)] - 51.81
[INFO] 10-11-2024 19:51:46 [main] [Listeners.Itest.onTestSuccess(Itest.java:10)] - TestCaseCheckTheTotalPricePassed
[INFO] 10-11-2024 19:51:49 [main] [Listeners.Itest.onTestStart(Itest.java:18)] - TestCase CheckMessageStarted
[INFO] 10-11-2024 19:51:51 [main] [Pages.P02_ProductsPage.selectRandomProduct(P02_ProductsPage.java:61)] - the numbers is [1, 4, 6]
[INFO] 10-11-2024 19:51:52 [main] [Pages.P04_InformationPage.FillFirstName(P04_InformationPage.java:24)] - Ahmed-2024-11-10-7-49-50PM
[INFO] 10-11-2024 19:51:52 [main] [Pages.P04_InformationPage.FillLastName(P04_InformationPage.java:31)] - Gamal-2024-11-10-7-49-50PM
[INFO] 10-11-2024 19:51:52 [main] [Pages.P04_InformationPage.FillZipCode(P04_InformationPage.java:38)] - 41616
[INFO] 10-11-2024 19:51:53 [main] [Listeners.Itest.onTestSuccess(Itest.java:10)] - TestCaseCheckMessagePassed
[INFO] 10-11-2024 20:22:40 [main] [Listeners.Itest.onTestStart(Itest.java:18)] - TestCase valid_LoginStarted
[INFO] 10-11-2024 20:22:45 [main] [Listeners.Itest.onTestSuccess(Itest.java:10)] - TestCasevalid_LoginPassed
[INFO] 10-11-2024 20:22:52 [main] [Listeners.Itest.onTestStart(Itest.java:18)] - TestCase AddRandomProductsStarted
[INFO] 10-11-2024 20:22:54 [main] [Pages.P02_ProductsPage.selectRandomProduct(P02_ProductsPage.java:61)] - the numbers is [1, 3, 4]
[INFO] 10-11-2024 20:22:55 [main] [Pages.P02_ProductsPage.CompareBetweenSelectedAndResult(P02_ProductsPage.java:53)] - number is 6
[INFO] 10-11-2024 20:22:55 [main] [Listeners.Itest.onTestSuccess(Itest.java:10)] - TestCaseAddRandomProductsPassed
[INFO] 10-11-2024 20:23:00 [main] [Listeners.Itest.onTestStart(Itest.java:18)] - TestCase CheckAllProductsAddStarted
[INFO] 10-11-2024 20:23:02 [main] [Pages.P02_ProductsPage.ClickAddAllToCart(P02_ProductsPage.java:33)] - number of products is :6
[INFO] 10-11-2024 20:23:03 [main] [Pages.P02_ProductsPage.CompareBetweenSelectedAndResult(P02_ProductsPage.java:53)] - number is 6
[INFO] 10-11-2024 20:23:03 [main] [Listeners.Itest.onTestSuccess(Itest.java:10)] - TestCaseCheckAllProductsAddPassed
[INFO] 10-11-2024 20:23:06 [main] [Listeners.Itest.onTestStart(Itest.java:18)] - TestCase CheckContinueshoppingStarted
[INFO] 10-11-2024 20:23:08 [main] [Pages.P03_CartPage.CheckPage(P03_CartPage.java:26)] - https://www.saucedemo.com/v1/inventory.html
[INFO] 10-11-2024 20:23:08 [main] [Listeners.Itest.onTestSuccess(Itest.java:10)] - TestCaseCheckContinueshoppingPassed
[INFO] 10-11-2024 20:23:12 [main] [Listeners.Itest.onTestStart(Itest.java:18)] - TestCase CheckRedirectCheckoutStarted
[INFO] 10-11-2024 20:23:14 [main] [Pages.P03_CartPage.CheckPage(P03_CartPage.java:26)] - https://www.saucedemo.com/v1/checkout-step-one.html
[INFO] 10-11-2024 20:23:14 [main] [Listeners.Itest.onTestSuccess(Itest.java:10)] - TestCaseCheckRedirectCheckoutPassed
[INFO] 10-11-2024 20:23:19 [main] [Listeners.Itest.onTestStart(Itest.java:18)] - TestCase CheckRedirectTocartStarted
[INFO] 10-11-2024 20:23:21 [main] [Pages.P03_CartPage.CheckPage(P03_CartPage.java:26)] - https://www.saucedemo.com/v1/cart.html
[INFO] 10-11-2024 20:23:21 [main] [Listeners.Itest.onTestSuccess(Itest.java:10)] - TestCaseCheckRedirectTocartPassed
[INFO] 10-11-2024 20:23:25 [main] [Listeners.Itest.onTestStart(Itest.java:18)] - TestCase CheckThePriceSmeInCartStarted
[INFO] 10-11-2024 20:23:26 [main] [Pages.P02_ProductsPage.selectRandomProduct(P02_ProductsPage.java:61)] - the numbers is [3, 4, 6]
[INFO] 10-11-2024 20:23:27 [main] [Pages.P02_ProductsPage.ProductPagePrices(P02_ProductsPage.java:89)] - Total Prices81.97
[INFO] 10-11-2024 20:23:27 [main] [Pages.P03_CartPage.CartPagePrices(P03_CartPage.java:48)] - 81.97
[INFO] 10-11-2024 20:23:28 [main] [Pages.P03_CartPage.CartPagePrices(P03_CartPage.java:48)] - 81.97
[INFO] 10-11-2024 20:23:28 [main] [Listeners.Itest.onTestSuccess(Itest.java:10)] - TestCaseCheckThePriceSmeInCartPassed
[INFO] 10-11-2024 20:23:31 [main] [Listeners.Itest.onTestStart(Itest.java:18)] - TestCase CheckTheQuantityStarted
[INFO] 10-11-2024 20:23:37 [main] [Pages.P02_ProductsPage.selectRandomProduct(P02_ProductsPage.java:61)] - the numbers is [4, 5, 6]
[INFO] 10-11-2024 20:23:37 [main] [Pages.P03_CartPage.checkTheQuantity(P03_CartPage.java:32)] - the Quantity is :3
[INFO] 10-11-2024 20:23:37 [main] [Listeners.Itest.onTestSuccess(Itest.java:10)] - TestCaseCheckTheQuantityPassed
[INFO] 10-11-2024 20:23:41 [main] [Listeners.Itest.onTestStart(Itest.java:18)] - TestCase CancelButtonStarted
[INFO] 10-11-2024 20:23:42 [main] [Pages.P02_ProductsPage.selectRandomProduct(P02_ProductsPage.java:61)] - the numbers is [3, 4, 5]
[INFO] 10-11-2024 20:23:43 [main] [Pages.P04_InformationPage.FillFirstName(P04_InformationPage.java:24)] - Ahmed-2024-11-10-8-22-22PM
[INFO] 10-11-2024 20:23:43 [main] [Pages.P04_InformationPage.FillLastName(P04_InformationPage.java:31)] - Gamal-2024-11-10-8-22-22PM
[INFO] 10-11-2024 20:23:43 [main] [Pages.P04_InformationPage.FillZipCode(P04_InformationPage.java:38)] - 41616
[INFO] 10-11-2024 20:23:44 [main] [Listeners.Itest.onTestSuccess(Itest.java:10)] - TestCaseCancelButtonPassed
[INFO] 10-11-2024 20:23:47 [main] [Listeners.Itest.onTestStart(Itest.java:18)] - TestCase FillInformationsStarted
[INFO] 10-11-2024 20:23:48 [main] [Pages.P02_ProductsPage.selectRandomProduct(P02_ProductsPage.java:61)] - the numbers is [1, 3, 4]
[INFO] 10-11-2024 20:23:49 [main] [Pages.P04_InformationPage.FillFirstName(P04_InformationPage.java:24)] - Ahmed-2024-11-10-8-22-22PM
[INFO] 10-11-2024 20:23:49 [main] [Pages.P04_InformationPage.FillLastName(P04_InformationPage.java:31)] - Gamal-2024-11-10-8-22-22PM
[INFO] 10-11-2024 20:23:50 [main] [Pages.P04_InformationPage.FillZipCode(P04_InformationPage.java:38)] - 41616
[INFO] 10-11-2024 20:23:50 [main] [Listeners.Itest.onTestSuccess(Itest.java:10)] - TestCaseFillInformationsPassed
[INFO] 10-11-2024 20:23:54 [main] [Listeners.Itest.onTestStart(Itest.java:18)] - TestCase CheckCancelButtonRedirectionStarted
[INFO] 10-11-2024 20:23:55 [main] [Pages.P02_ProductsPage.selectRandomProduct(P02_ProductsPage.java:61)] - the numbers is [1, 3, 5]
[INFO] 10-11-2024 20:23:56 [main] [Pages.P04_InformationPage.FillFirstName(P04_InformationPage.java:24)] - Ahmed-2024-11-10-8-22-22PM
[INFO] 10-11-2024 20:23:56 [main] [Pages.P04_InformationPage.FillLastName(P04_InformationPage.java:31)] - Gamal-2024-11-10-8-22-22PM
[INFO] 10-11-2024 20:23:57 [main] [Pages.P04_InformationPage.FillZipCode(P04_InformationPage.java:38)] - 41616
[INFO] 10-11-2024 20:23:57 [main] [Listeners.Itest.onTestSuccess(Itest.java:10)] - TestCaseCheckCancelButtonRedirectionPassed
[INFO] 10-11-2024 20:24:00 [main] [Listeners.Itest.onTestStart(Itest.java:18)] - TestCase CheckFinishButtonRedirectionStarted
[INFO] 10-11-2024 20:24:03 [main] [Pages.P02_ProductsPage.selectRandomProduct(P02_ProductsPage.java:61)] - the numbers is [3, 4, 6]
[INFO] 10-11-2024 20:24:04 [main] [Pages.P04_InformationPage.FillFirstName(P04_InformationPage.java:24)] - Ahmed-2024-11-10-8-22-22PM
[INFO] 10-11-2024 20:24:04 [main] [Pages.P04_InformationPage.FillLastName(P04_InformationPage.java:31)] - Gamal-2024-11-10-8-22-22PM
[INFO] 10-11-2024 20:24:04 [main] [Pages.P04_InformationPage.FillZipCode(P04_InformationPage.java:38)] - 41616
[INFO] 10-11-2024 20:24:05 [main] [Listeners.Itest.onTestSuccess(Itest.java:10)] - TestCaseCheckFinishButtonRedirectionPassed
[INFO] 10-11-2024 20:24:09 [main] [Listeners.Itest.onTestStart(Itest.java:18)] - TestCase CheckQuantityBeforeFinishStarted
[INFO] 10-11-2024 20:24:11 [main] [Pages.P02_ProductsPage.selectRandomProduct(P02_ProductsPage.java:61)] - the numbers is [1, 4, 5]
[INFO] 10-11-2024 20:24:12 [main] [Pages.P04_InformationPage.FillFirstName(P04_InformationPage.java:24)] - Ahmed-2024-11-10-8-22-22PM
[INFO] 10-11-2024 20:24:12 [main] [Pages.P04_InformationPage.FillLastName(P04_InformationPage.java:31)] - Gamal-2024-11-10-8-22-22PM
[INFO] 10-11-2024 20:24:12 [main] [Pages.P04_InformationPage.FillZipCode(P04_InformationPage.java:38)] - 41616
[INFO] 10-11-2024 20:24:12 [main] [Pages.P05_CheckOutPage.CheckProductsQuantity(P05_CheckOutPage.java:29)] - Product Quantity is : 3
[INFO] 10-11-2024 20:24:12 [main] [Pages.P05_CheckOutPage.CheckProductsQuantity(P05_CheckOutPage.java:29)] - Product Quantity is : 3
[INFO] 10-11-2024 20:24:12 [main] [Listeners.Itest.onTestSuccess(Itest.java:10)] - TestCaseCheckQuantityBeforeFinishPassed
[INFO] 10-11-2024 20:24:16 [main] [Listeners.Itest.onTestStart(Itest.java:18)] - TestCase CheckTheSumOfPricesSameAtCarAndChecoutAndTheSumStarted
[INFO] 10-11-2024 20:24:18 [main] [Pages.P02_ProductsPage.selectRandomProduct(P02_ProductsPage.java:61)] - the numbers is [1, 3, 5]
[INFO] 10-11-2024 20:24:19 [main] [Pages.P03_CartPage.CartPagePrices(P03_CartPage.java:48)] - 53.97
[INFO] 10-11-2024 20:24:19 [main] [Pages.P04_InformationPage.FillFirstName(P04_InformationPage.java:24)] - Ahmed-2024-11-10-8-22-22PM
[INFO] 10-11-2024 20:24:19 [main] [Pages.P04_InformationPage.FillLastName(P04_InformationPage.java:31)] - Gamal-2024-11-10-8-22-22PM
[INFO] 10-11-2024 20:24:19 [main] [Pages.P04_InformationPage.FillZipCode(P04_InformationPage.java:38)] - 41616
[INFO] 10-11-2024 20:24:20 [main] [Pages.P05_CheckOutPage.CheckProductsPrices(P05_CheckOutPage.java:45)] - 53.97
[INFO] 10-11-2024 20:24:20 [main] [Pages.P05_CheckOutPage.ItemPrices(P05_CheckOutPage.java:51)] - 53.97
[INFO] 10-11-2024 20:24:20 [main] [Pages.P05_CheckOutPage.ItemPrices(P05_CheckOutPage.java:51)] - 53.97
[INFO] 10-11-2024 20:24:20 [main] [Listeners.Itest.onTestSuccess(Itest.java:10)] - TestCaseCheckTheSumOfPricesSameAtCarAndChecoutAndTheSumPassed
[INFO] 10-11-2024 20:24:23 [main] [Listeners.Itest.onTestStart(Itest.java:18)] - TestCase CheckTheTotalPriceStarted
[INFO] 10-11-2024 20:24:25 [main] [Pages.P02_ProductsPage.selectRandomProduct(P02_ProductsPage.java:61)] - the numbers is [1, 3, 6]
[INFO] 10-11-2024 20:24:26 [main] [Pages.P04_InformationPage.FillFirstName(P04_InformationPage.java:24)] - Ahmed-2024-11-10-8-22-22PM
[INFO] 10-11-2024 20:24:26 [main] [Pages.P04_InformationPage.FillLastName(P04_InformationPage.java:31)] - Gamal-2024-11-10-8-22-22PM
[INFO] 10-11-2024 20:24:26 [main] [Pages.P04_InformationPage.FillZipCode(P04_InformationPage.java:38)] - 41616
[INFO] 10-11-2024 20:24:26 [main] [Pages.P05_CheckOutPage.ItemPrices(P05_CheckOutPage.java:51)] - 61.97
[INFO] 10-11-2024 20:24:26 [main] [Pages.P05_CheckOutPage.CheckTotalWithTaxes(P05_CheckOutPage.java:71)] - 66.93
[INFO] 10-11-2024 20:24:26 [main] [Pages.P05_CheckOutPage.CheckTotalWithTaxes(P05_CheckOutPage.java:72)] - 66.93
[INFO] 10-11-2024 20:24:27 [main] [Listeners.Itest.onTestSuccess(Itest.java:10)] - TestCaseCheckTheTotalPricePassed
[INFO] 10-11-2024 20:24:30 [main] [Listeners.Itest.onTestStart(Itest.java:18)] - TestCase CheckMessageStarted
[INFO] 10-11-2024 20:24:31 [main] [Pages.P02_ProductsPage.selectRandomProduct(P02_ProductsPage.java:61)] - the numbers is [1, 3, 6]
[INFO] 10-11-2024 20:24:32 [main] [Pages.P04_InformationPage.FillFirstName(P04_InformationPage.java:24)] - Ahmed-2024-11-10-8-22-22PM
[INFO] 10-11-2024 20:24:32 [main] [Pages.P04_InformationPage.FillLastName(P04_InformationPage.java:31)] - Gamal-2024-11-10-8-22-22PM
[INFO] 10-11-2024 20:24:32 [main] [Pages.P04_InformationPage.FillZipCode(P04_InformationPage.java:38)] - 41616
[INFO] 10-11-2024 20:24:33 [main] [Listeners.Itest.onTestSuccess(Itest.java:10)] - TestCaseCheckMessagePassed
[INFO] 10-11-2024 20:28:32 [main] [Listeners.Itest.onTestStart(Itest.java:18)] - TestCase valid_LoginStarted
[INFO] 10-11-2024 20:28:33 [main] [Listeners.Itest.onTestSuccess(Itest.java:10)] - TestCasevalid_LoginPassed
[INFO] 10-11-2024 20:28:36 [main] [Listeners.Itest.onTestStart(Itest.java:18)] - TestCase AddRandomProductsStarted
[INFO] 10-11-2024 20:28:38 [main] [Pages.P02_ProductsPage.selectRandomProduct(P02_ProductsPage.java:61)] - the numbers is [1, 4, 5]
[INFO] 10-11-2024 20:28:38 [main] [Pages.P02_ProductsPage.CompareBetweenSelectedAndResult(P02_ProductsPage.java:53)] - number is 6
[INFO] 10-11-2024 20:28:38 [main] [Listeners.Itest.onTestSuccess(Itest.java:10)] - TestCaseAddRandomProductsPassed
[INFO] 10-11-2024 20:28:43 [main] [Listeners.Itest.onTestStart(Itest.java:18)] - TestCase CheckAllProductsAddStarted
[INFO] 10-11-2024 20:28:45 [main] [Pages.P02_ProductsPage.ClickAddAllToCart(P02_ProductsPage.java:33)] - number of products is :6
[INFO] 10-11-2024 20:28:46 [main] [Pages.P02_ProductsPage.CompareBetweenSelectedAndResult(P02_ProductsPage.java:53)] - number is 6
[INFO] 10-11-2024 20:28:46 [main] [Listeners.Itest.onTestSuccess(Itest.java:10)] - TestCaseCheckAllProductsAddPassed
[INFO] 10-11-2024 20:28:52 [main] [Listeners.Itest.onTestStart(Itest.java:18)] - TestCase CheckContinueshoppingStarted
[INFO] 10-11-2024 20:28:54 [main] [Pages.P03_CartPage.CheckPage(P03_CartPage.java:26)] - https://www.saucedemo.com/v1/inventory.html
[INFO] 10-11-2024 20:28:54 [main] [Listeners.Itest.onTestSuccess(Itest.java:10)] - TestCaseCheckContinueshoppingPassed
[INFO] 10-11-2024 20:28:59 [main] [Listeners.Itest.onTestStart(Itest.java:18)] - TestCase CheckRedirectCheckoutStarted
[INFO] 10-11-2024 20:29:01 [main] [Pages.P03_CartPage.CheckPage(P03_CartPage.java:26)] - https://www.saucedemo.com/v1/checkout-step-one.html
[INFO] 10-11-2024 20:29:01 [main] [Listeners.Itest.onTestSuccess(Itest.java:10)] - TestCaseCheckRedirectCheckoutPassed
[INFO] 10-11-2024 20:29:05 [main] [Listeners.Itest.onTestStart(Itest.java:18)] - TestCase CheckRedirectTocartStarted
[INFO] 10-11-2024 20:29:07 [main] [Pages.P03_CartPage.CheckPage(P03_CartPage.java:26)] - https://www.saucedemo.com/v1/cart.html
[INFO] 10-11-2024 20:29:07 [main] [Listeners.Itest.onTestSuccess(Itest.java:10)] - TestCaseCheckRedirectTocartPassed
[INFO] 10-11-2024 20:29:11 [main] [Listeners.Itest.onTestStart(Itest.java:18)] - TestCase CheckThePriceSmeInCartStarted
[INFO] 10-11-2024 20:29:13 [main] [Pages.P02_ProductsPage.selectRandomProduct(P02_ProductsPage.java:61)] - the numbers is [2, 4, 6]
[INFO] 10-11-2024 20:29:14 [main] [Pages.P02_ProductsPage.ProductPagePrices(P02_ProductsPage.java:89)] - Total Prices75.97
[INFO] 10-11-2024 20:29:14 [main] [Pages.P03_CartPage.CartPagePrices(P03_CartPage.java:48)] - 75.97
[INFO] 10-11-2024 20:29:15 [main] [Pages.P03_CartPage.CartPagePrices(P03_CartPage.java:48)] - 75.97
[INFO] 10-11-2024 20:29:15 [main] [Listeners.Itest.onTestSuccess(Itest.java:10)] - TestCaseCheckThePriceSmeInCartPassed
[INFO] 10-11-2024 20:29:18 [main] [Listeners.Itest.onTestStart(Itest.java:18)] - TestCase CheckTheQuantityStarted
[INFO] 10-11-2024 20:29:19 [main] [Pages.P02_ProductsPage.selectRandomProduct(P02_ProductsPage.java:61)] - the numbers is [1, 3, 4]
[INFO] 10-11-2024 20:29:20 [main] [Pages.P03_CartPage.checkTheQuantity(P03_CartPage.java:32)] - the Quantity is :3
[INFO] 10-11-2024 20:29:20 [main] [Listeners.Itest.onTestSuccess(Itest.java:10)] - TestCaseCheckTheQuantityPassed
[INFO] 10-11-2024 20:29:23 [main] [Listeners.Itest.onTestStart(Itest.java:18)] - TestCase CancelButtonStarted
[INFO] 10-11-2024 20:29:25 [main] [Pages.P02_ProductsPage.selectRandomProduct(P02_ProductsPage.java:61)] - the numbers is [1, 2, 5]
[INFO] 10-11-2024 20:29:26 [main] [Pages.P04_InformationPage.FillFirstName(P04_InformationPage.java:24)] - Ahmed-2024-11-10-8-28-26PM
[INFO] 10-11-2024 20:29:26 [main] [Pages.P04_InformationPage.FillLastName(P04_InformationPage.java:31)] - Gamal-2024-11-10-8-28-26PM
[INFO] 10-11-2024 20:29:27 [main] [Pages.P04_InformationPage.FillZipCode(P04_InformationPage.java:38)] - 41616
[INFO] 10-11-2024 20:29:27 [main] [Listeners.Itest.onTestSuccess(Itest.java:10)] - TestCaseCancelButtonPassed
[INFO] 10-11-2024 20:29:31 [main] [Listeners.Itest.onTestStart(Itest.java:18)] - TestCase FillInformationsStarted
[INFO] 10-11-2024 20:29:33 [main] [Pages.P02_ProductsPage.selectRandomProduct(P02_ProductsPage.java:61)] - the numbers is [3, 5, 6]
[INFO] 10-11-2024 20:29:34 [main] [Pages.P04_InformationPage.FillFirstName(P04_InformationPage.java:24)] - Ahmed-2024-11-10-8-28-26PM
[INFO] 10-11-2024 20:29:34 [main] [Pages.P04_InformationPage.FillLastName(P04_InformationPage.java:31)] - Gamal-2024-11-10-8-28-26PM
[INFO] 10-11-2024 20:29:34 [main] [Pages.P04_InformationPage.FillZipCode(P04_InformationPage.java:38)] - 41616
[INFO] 10-11-2024 20:29:34 [main] [Listeners.Itest.onTestSuccess(Itest.java:10)] - TestCaseFillInformationsPassed
[INFO] 10-11-2024 20:29:38 [main] [Listeners.Itest.onTestStart(Itest.java:18)] - TestCase CheckCancelButtonRedirectionStarted
[INFO] 10-11-2024 20:29:39 [main] [Pages.P02_ProductsPage.selectRandomProduct(P02_ProductsPage.java:61)] - the numbers is [1, 2, 5]
[INFO] 10-11-2024 20:29:41 [main] [Pages.P04_InformationPage.FillFirstName(P04_InformationPage.java:24)] - Ahmed-2024-11-10-8-28-26PM
[INFO] 10-11-2024 20:29:41 [main] [Pages.P04_InformationPage.FillLastName(P04_InformationPage.java:31)] - Gamal-2024-11-10-8-28-26PM
[INFO] 10-11-2024 20:29:41 [main] [Pages.P04_InformationPage.FillZipCode(P04_InformationPage.java:38)] - 41616
[INFO] 10-11-2024 20:29:42 [main] [Listeners.Itest.onTestSuccess(Itest.java:10)] - TestCaseCheckCancelButtonRedirectionPassed
[INFO] 10-11-2024 20:29:46 [main] [Listeners.Itest.onTestStart(Itest.java:18)] - TestCase CheckFinishButtonRedirectionStarted
[INFO] 10-11-2024 20:29:47 [main] [Pages.P02_ProductsPage.selectRandomProduct(P02_ProductsPage.java:61)] - the numbers is [2, 4, 5]
[INFO] 10-11-2024 20:29:48 [main] [Pages.P04_InformationPage.FillFirstName(P04_InformationPage.java:24)] - Ahmed-2024-11-10-8-28-26PM
[INFO] 10-11-2024 20:29:49 [main] [Pages.P04_InformationPage.FillLastName(P04_InformationPage.java:31)] - Gamal-2024-11-10-8-28-26PM
[INFO] 10-11-2024 20:29:49 [main] [Pages.P04_InformationPage.FillZipCode(P04_InformationPage.java:38)] - 41616
[INFO] 10-11-2024 20:29:49 [main] [Listeners.Itest.onTestSuccess(Itest.java:10)] - TestCaseCheckFinishButtonRedirectionPassed
[INFO] 10-11-2024 20:29:53 [main] [Listeners.Itest.onTestStart(Itest.java:18)] - TestCase CheckQuantityBeforeFinishStarted
[INFO] 10-11-2024 20:29:54 [main] [Pages.P02_ProductsPage.selectRandomProduct(P02_ProductsPage.java:61)] - the numbers is [3, 4, 6]
[INFO] 10-11-2024 20:29:55 [main] [Pages.P04_InformationPage.FillFirstName(P04_InformationPage.java:24)] - Ahmed-2024-11-10-8-28-26PM
[INFO] 10-11-2024 20:29:56 [main] [Pages.P04_InformationPage.FillLastName(P04_InformationPage.java:31)] - Gamal-2024-11-10-8-28-26PM
[INFO] 10-11-2024 20:29:56 [main] [Pages.P04_InformationPage.FillZipCode(P04_InformationPage.java:38)] - 41616
[INFO] 10-11-2024 20:29:56 [main] [Pages.P05_CheckOutPage.CheckProductsQuantity(P05_CheckOutPage.java:29)] - Product Quantity is : 3
[INFO] 10-11-2024 20:29:56 [main] [Pages.P05_CheckOutPage.CheckProductsQuantity(P05_CheckOutPage.java:29)] - Product Quantity is : 3
[INFO] 10-11-2024 20:29:56 [main] [Listeners.Itest.onTestSuccess(Itest.java:10)] - TestCaseCheckQuantityBeforeFinishPassed
[INFO] 10-11-2024 20:29:59 [main] [Listeners.Itest.onTestStart(Itest.java:18)] - TestCase CheckTheSumOfPricesSameAtCarAndChecoutAndTheSumStarted
[INFO] 10-11-2024 20:30:00 [main] [Pages.P02_ProductsPage.selectRandomProduct(P02_ProductsPage.java:61)] - the numbers is [1, 3, 6]
[INFO] 10-11-2024 20:30:01 [main] [Pages.P03_CartPage.CartPagePrices(P03_CartPage.java:48)] - 61.97
[INFO] 10-11-2024 20:30:01 [main] [Pages.P04_InformationPage.FillFirstName(P04_InformationPage.java:24)] - Ahmed-2024-11-10-8-28-26PM
[INFO] 10-11-2024 20:30:02 [main] [Pages.P04_InformationPage.FillLastName(P04_InformationPage.java:31)] - Gamal-2024-11-10-8-28-26PM
[INFO] 10-11-2024 20:30:02 [main] [Pages.P04_InformationPage.FillZipCode(P04_InformationPage.java:38)] - 41616
[INFO] 10-11-2024 20:30:02 [main] [Pages.P05_CheckOutPage.CheckProductsPrices(P05_CheckOutPage.java:45)] - 61.97
[INFO] 10-11-2024 20:30:02 [main] [Pages.P05_CheckOutPage.ItemPrices(P05_CheckOutPage.java:51)] - 61.97
[INFO] 10-11-2024 20:30:02 [main] [Pages.P05_CheckOutPage.ItemPrices(P05_CheckOutPage.java:51)] - 61.97
[INFO] 10-11-2024 20:30:02 [main] [Listeners.Itest.onTestSuccess(Itest.java:10)] - TestCaseCheckTheSumOfPricesSameAtCarAndChecoutAndTheSumPassed
[INFO] 10-11-2024 20:30:05 [main] [Listeners.Itest.onTestStart(Itest.java:18)] - TestCase CheckTheTotalPriceStarted
[INFO] 10-11-2024 20:30:07 [main] [Pages.P02_ProductsPage.selectRandomProduct(P02_ProductsPage.java:61)] - the numbers is [3, 4, 6]
[INFO] 10-11-2024 20:30:08 [main] [Pages.P04_InformationPage.FillFirstName(P04_InformationPage.java:24)] - Ahmed-2024-11-10-8-28-26PM
[INFO] 10-11-2024 20:30:08 [main] [Pages.P04_InformationPage.FillLastName(P04_InformationPage.java:31)] - Gamal-2024-11-10-8-28-26PM
[INFO] 10-11-2024 20:30:08 [main] [Pages.P04_InformationPage.FillZipCode(P04_InformationPage.java:38)] - 41616
[INFO] 10-11-2024 20:30:08 [main] [Pages.P05_CheckOutPage.ItemPrices(P05_CheckOutPage.java:51)] - 81.97
[INFO] 10-11-2024 20:30:09 [main] [Pages.P05_CheckOutPage.CheckTotalWithTaxes(P05_CheckOutPage.java:71)] - 88.53
[INFO] 10-11-2024 20:30:09 [main] [Pages.P05_CheckOutPage.CheckTotalWithTaxes(P05_CheckOutPage.java:72)] - 88.53
[INFO] 10-11-2024 20:30:09 [main] [Listeners.Itest.onTestSuccess(Itest.java:10)] - TestCaseCheckTheTotalPricePassed
[INFO] 10-11-2024 20:30:11 [main] [Listeners.Itest.onTestStart(Itest.java:18)] - TestCase CheckMessageStarted
[INFO] 10-11-2024 20:30:13 [main] [Pages.P02_ProductsPage.selectRandomProduct(P02_ProductsPage.java:61)] - the numbers is [2, 3, 6]
[INFO] 10-11-2024 20:30:14 [main] [Pages.P04_InformationPage.FillFirstName(P04_InformationPage.java:24)] - Ahmed-2024-11-10-8-28-26PM
[INFO] 10-11-2024 20:30:14 [main] [Pages.P04_InformationPage.FillLastName(P04_InformationPage.java:31)] - Gamal-2024-11-10-8-28-26PM
[INFO] 10-11-2024 20:30:14 [main] [Pages.P04_InformationPage.FillZipCode(P04_InformationPage.java:38)] - 41616
[INFO] 10-11-2024 20:30:15 [main] [Listeners.Itest.onTestSuccess(Itest.java:10)] - TestCaseCheckMessagePassed
[INFO] 10-11-2024 20:37:49 [main] [Listeners.Itest.onTestStart(Itest.java:18)] - TestCase AddRandomProductsStarted
[INFO] 10-11-2024 20:37:52 [main] [Pages.P02_ProductsPage.selectRandomProduct(P02_ProductsPage.java:61)] - the numbers is [2, 4, 6]
[INFO] 10-11-2024 20:37:52 [main] [Pages.P02_ProductsPage.CompareBetweenSelectedAndResult(P02_ProductsPage.java:53)] - number is 6
[INFO] 10-11-2024 20:37:52 [main] [Listeners.Itest.onTestSuccess(Itest.java:10)] - TestCaseAddRandomProductsPassed
[INFO] 10-11-2024 20:37:56 [main] [Listeners.Itest.onTestStart(Itest.java:18)] - TestCase CheckAllProductsAddStarted
[INFO] 10-11-2024 20:37:57 [main] [Pages.P02_ProductsPage.ClickAddAllToCart(P02_ProductsPage.java:33)] - number of products is :6
[INFO] 10-11-2024 20:37:58 [main] [Pages.P02_ProductsPage.CompareBetweenSelectedAndResult(P02_ProductsPage.java:53)] - number is 6
[INFO] 10-11-2024 20:37:58 [main] [Listeners.Itest.onTestSuccess(Itest.java:10)] - TestCaseCheckAllProductsAddPassed
[INFO] 10-11-2024 20:39:11 [main] [Listeners.Itest.onTestStart(Itest.java:18)] - TestCase AddRandomProductsStarted
[INFO] 10-11-2024 20:39:12 [main] [Pages.P02_ProductsPage.selectRandomProduct(P02_ProductsPage.java:61)] - the numbers is [1, 5, 6]
[INFO] 10-11-2024 20:39:13 [main] [Pages.P02_ProductsPage.CompareBetweenSelectedAndResult(P02_ProductsPage.java:53)] - number is 6
[INFO] 10-11-2024 20:39:13 [main] [Listeners.Itest.onTestSuccess(Itest.java:10)] - TestCaseAddRandomProductsPassed
[INFO] 10-11-2024 20:39:16 [main] [Listeners.Itest.onTestStart(Itest.java:18)] - TestCase CheckAllProductsAddStarted
[INFO] 10-11-2024 20:39:17 [main] [Pages.P02_ProductsPage.ClickAddAllToCart(P02_ProductsPage.java:33)] - number of products is :6
[INFO] 10-11-2024 20:39:18 [main] [Pages.P02_ProductsPage.CompareBetweenSelectedAndResult(P02_ProductsPage.java:53)] - number is 6
[INFO] 10-11-2024 20:39:18 [main] [Listeners.Itest.onTestSuccess(Itest.java:10)] - TestCaseCheckAllProductsAddPassed
[INFO] 10-11-2024 20:44:08 [main] [Listeners.Itest.onTestStart(Itest.java:18)] - TestCase CheckAllProductsAddStarted
[INFO] 10-11-2024 20:44:10 [main] [Pages.P02_ProductsPage.ClickAddAllToCart(P02_ProductsPage.java:33)] - number of products is :6
[INFO] 10-11-2024 20:44:11 [main] [Pages.P02_ProductsPage.CompareBetweenSelectedAndResult(P02_ProductsPage.java:53)] - number is 6
[INFO] 10-11-2024 20:44:11 [main] [Listeners.Itest.onTestSuccess(Itest.java:10)] - TestCaseCheckAllProductsAddPassed
[INFO] 10-11-2024 20:54:58 [main] [Listeners.Itest.onTestStart(Itest.java:18)] - TestCase valid_LoginStarted
[INFO] 10-11-2024 20:54:59 [main] [Listeners.Itest.onTestSuccess(Itest.java:10)] - TestCasevalid_LoginPassed
[INFO] 10-11-2024 22:41:41 [main] [Tests.T01_LoginTest.setup(T01_LoginTest.java:35)] - null
[INFO] 10-11-2024 22:41:54 [main] [Listeners.Itest.onTestStart(Itest.java:18)] - TestCase valid_LoginStarted
[INFO] 10-11-2024 22:41:56 [main] [Listeners.Itest.onTestSuccess(Itest.java:10)] - TestCasevalid_LoginPassed
[INFO] 10-11-2024 22:44:17 [main] [Tests.T01_LoginTest.setup(T01_LoginTest.java:35)] - edge
[INFO] 10-11-2024 22:44:45 [main] [Tests.T01_LoginTest.setup(T01_LoginTest.java:37)] - Chrome is open
[INFO] 10-11-2024 22:44:49 [main] [Listeners.Itest.onTestStart(Itest.java:18)] - TestCase valid_LoginStarted
[INFO] 10-11-2024 22:44:50 [main] [Listeners.Itest.onTestSuccess(Itest.java:10)] - TestCasevalid_LoginPassed
[INFO] 10-11-2024 22:49:34 [main] [Tests.T01_LoginTest.setup(T01_LoginTest.java:35)] - edge
[INFO] 10-11-2024 22:49:42 [main] [Tests.T01_LoginTest.setup(T01_LoginTest.java:37)] - Chrome is open
[INFO] 10-11-2024 22:49:45 [main] [Listeners.Itest.onTestStart(Itest.java:18)] - TestCase valid_LoginStarted
[INFO] 10-11-2024 22:49:46 [main] [Listeners.Itest.onTestSuccess(Itest.java:10)] - TestCasevalid_LoginPassed
[INFO] 10-11-2024 22:50:53 [main] [Tests.T01_LoginTest.setup(T01_LoginTest.java:35)] - null
[INFO] 10-11-2024 22:50:55 [main] [Tests.T01_LoginTest.setup(T01_LoginTest.java:37)] - Chrome is open
[INFO] 10-11-2024 22:50:58 [main] [Listeners.Itest.onTestStart(Itest.java:18)] - TestCase valid_LoginStarted
[INFO] 10-11-2024 22:50:59 [main] [Listeners.Itest.onTestSuccess(Itest.java:10)] - TestCasevalid_LoginPassed
[INFO] 10-11-2024 22:52:37 [main] [Tests.T01_LoginTest.setup(T01_LoginTest.java:35)] - null
[INFO] 10-11-2024 22:52:41 [main] [Tests.T01_LoginTest.setup(T01_LoginTest.java:37)] - Chrome is open
[INFO] 10-11-2024 22:52:44 [main] [Listeners.Itest.onTestStart(Itest.java:18)] - TestCase valid_LoginStarted
[INFO] 10-11-2024 22:52:45 [main] [Listeners.Itest.onTestSuccess(Itest.java:10)] - TestCasevalid_LoginPassed
[INFO] 10-11-2024 22:52:46 [main] [Tests.T02_ProductsTC.setup(T02_ProductsTC.java:35)] - null
[INFO] 10-11-2024 22:52:48 [main] [Tests.T02_ProductsTC.setup(T02_ProductsTC.java:37)] - Chrome is open
[INFO] 10-11-2024 22:52:50 [main] [Listeners.Itest.onTestStart(Itest.java:18)] - TestCase AddRandomProductsStarted
[INFO] 10-11-2024 22:52:52 [main] [Pages.P02_ProductsPage.selectRandomProduct(P02_ProductsPage.java:61)] - the numbers is [3, 4, 6]
[INFO] 10-11-2024 22:52:52 [main] [Pages.P02_ProductsPage.CompareBetweenSelectedAndResult(P02_ProductsPage.java:53)] - number is 6
[INFO] 10-11-2024 22:52:52 [main] [Listeners.Itest.onTestSuccess(Itest.java:10)] - TestCaseAddRandomProductsPassed
[INFO] 10-11-2024 22:52:53 [main] [Tests.T02_ProductsTC.setup(T02_ProductsTC.java:35)] - null
[INFO] 10-11-2024 22:52:54 [main] [Tests.T02_ProductsTC.setup(T02_ProductsTC.java:37)] - Chrome is open
[INFO] 10-11-2024 22:52:55 [main] [Listeners.Itest.onTestStart(Itest.java:18)] - TestCase CheckAllProductsAddStarted
[INFO] 10-11-2024 22:53:01 [main] [Tests.T03_CartTC.setup(T03_CartTC.java:36)] - null
[INFO] 10-11-2024 22:53:02 [main] [Tests.T03_CartTC.setup(T03_CartTC.java:38)] - Chrome is open
[INFO] 10-11-2024 22:53:04 [main] [Listeners.Itest.onTestStart(Itest.java:18)] - TestCase CheckContinueshoppingStarted
[INFO] 10-11-2024 22:53:06 [main] [Pages.P03_CartPage.CheckPage(P03_CartPage.java:26)] - https://www.saucedemo.com/v1/inventory.html
[INFO] 10-11-2024 22:53:06 [main] [Listeners.Itest.onTestSuccess(Itest.java:10)] - TestCaseCheckContinueshoppingPassed
[INFO] 10-11-2024 22:53:06 [main] [Tests.T03_CartTC.setup(T03_CartTC.java:36)] - null
[INFO] 10-11-2024 22:53:08 [main] [Tests.T03_CartTC.setup(T03_CartTC.java:38)] - Chrome is open
[INFO] 10-11-2024 22:53:11 [main] [Listeners.Itest.onTestStart(Itest.java:18)] - TestCase CheckRedirectCheckoutStarted
[INFO] 10-11-2024 22:53:13 [main] [Pages.P03_CartPage.CheckPage(P03_CartPage.java:26)] - https://www.saucedemo.com/v1/checkout-step-one.html
[INFO] 10-11-2024 22:53:13 [main] [Listeners.Itest.onTestSuccess(Itest.java:10)] - TestCaseCheckRedirectCheckoutPassed
[INFO] 10-11-2024 22:53:14 [main] [Tests.T03_CartTC.setup(T03_CartTC.java:36)] - null
[INFO] 10-11-2024 22:53:15 [main] [Tests.T03_CartTC.setup(T03_CartTC.java:38)] - Chrome is open
[INFO] 10-11-2024 22:53:17 [main] [Listeners.Itest.onTestStart(Itest.java:18)] - TestCase CheckRedirectTocartStarted
[INFO] 10-11-2024 22:53:19 [main] [Pages.P03_CartPage.CheckPage(P03_CartPage.java:26)] - https://www.saucedemo.com/v1/cart.html
[INFO] 10-11-2024 22:53:19 [main] [Listeners.Itest.onTestSuccess(Itest.java:10)] - TestCaseCheckRedirectTocartPassed
[INFO] 10-11-2024 22:53:19 [main] [Tests.T03_CartTC.setup(T03_CartTC.java:36)] - null
[INFO] 10-11-2024 22:53:21 [main] [Tests.T03_CartTC.setup(T03_CartTC.java:38)] - Chrome is open
[INFO] 10-11-2024 22:53:22 [main] [Listeners.Itest.onTestStart(Itest.java:18)] - TestCase CheckThePriceSmeInCartStarted
[INFO] 10-11-2024 22:53:24 [main] [Pages.P02_ProductsPage.selectRandomProduct(P02_ProductsPage.java:61)] - the numbers is [2, 3, 6]
[INFO] 10-11-2024 22:53:24 [main] [Pages.P02_ProductsPage.ProductPagePrices(P02_ProductsPage.java:89)] - Total Prices41.97
[INFO] 10-11-2024 22:53:24 [main] [Pages.P03_CartPage.CartPagePrices(P03_CartPage.java:48)] - 41.97
[INFO] 10-11-2024 22:53:25 [main] [Pages.P03_CartPage.CartPagePrices(P03_CartPage.java:48)] - 41.97
[INFO] 10-11-2024 22:53:25 [main] [Listeners.Itest.onTestSuccess(Itest.java:10)] - TestCaseCheckThePriceSmeInCartPassed
[INFO] 10-11-2024 22:53:25 [main] [Tests.T03_CartTC.setup(T03_CartTC.java:36)] - null
[INFO] 10-11-2024 22:53:26 [main] [Tests.T03_CartTC.setup(T03_CartTC.java:38)] - Chrome is open
[INFO] 10-11-2024 22:53:28 [main] [Listeners.Itest.onTestStart(Itest.java:18)] - TestCase CheckTheQuantityStarted
[INFO] 10-11-2024 22:53:30 [main] [Pages.P02_ProductsPage.selectRandomProduct(P02_ProductsPage.java:61)] - the numbers is [3, 4, 5]
[INFO] 10-11-2024 22:53:30 [main] [Pages.P03_CartPage.checkTheQuantity(P03_CartPage.java:32)] - the Quantity is :3
[INFO] 10-11-2024 22:53:30 [main] [Listeners.Itest.onTestSuccess(Itest.java:10)] - TestCaseCheckTheQuantityPassed
[INFO] 10-11-2024 22:53:30 [main] [Tests.T04_InformationTC.setup(T04_InformationTC.java:40)] - null
[INFO] 10-11-2024 22:53:32 [main] [Tests.T04_InformationTC.setup(T04_InformationTC.java:42)] - Chrome is open
[INFO] 10-11-2024 22:53:33 [main] [Listeners.Itest.onTestStart(Itest.java:18)] - TestCase CancelButtonStarted
[INFO] 10-11-2024 22:53:35 [main] [Pages.P02_ProductsPage.selectRandomProduct(P02_ProductsPage.java:61)] - the numbers is [2, 4, 5]
[INFO] 10-11-2024 22:53:35 [main] [Pages.P04_InformationPage.FillFirstName(P04_InformationPage.java:24)] - Ahmed-2024-11-10-10-52-37PM
[INFO] 10-11-2024 22:53:35 [main] [Pages.P04_InformationPage.FillLastName(P04_InformationPage.java:31)] - Gamal-2024-11-10-10-52-37PM
[INFO] 10-11-2024 22:53:36 [main] [Pages.P04_InformationPage.FillZipCode(P04_InformationPage.java:38)] - 41616
[INFO] 10-11-2024 22:53:36 [main] [Listeners.Itest.onTestSuccess(Itest.java:10)] - TestCaseCancelButtonPassed
[INFO] 10-11-2024 22:53:36 [main] [Tests.T04_InformationTC.setup(T04_InformationTC.java:40)] - null
[INFO] 10-11-2024 22:53:37 [main] [Tests.T04_InformationTC.setup(T04_InformationTC.java:42)] - Chrome is open
[INFO] 10-11-2024 22:53:39 [main] [Listeners.Itest.onTestStart(Itest.java:18)] - TestCase FillInformationsStarted
[INFO] 10-11-2024 22:53:40 [main] [Pages.P02_ProductsPage.selectRandomProduct(P02_ProductsPage.java:61)] - the numbers is [1, 2, 3]
[INFO] 10-11-2024 22:53:41 [main] [Pages.P04_InformationPage.FillFirstName(P04_InformationPage.java:24)] - Ahmed-2024-11-10-10-52-37PM
[INFO] 10-11-2024 22:53:41 [main] [Pages.P04_InformationPage.FillLastName(P04_InformationPage.java:31)] - Gamal-2024-11-10-10-52-37PM
[INFO] 10-11-2024 22:53:41 [main] [Pages.P04_InformationPage.FillZipCode(P04_InformationPage.java:38)] - 41616
[INFO] 10-11-2024 22:53:42 [main] [Listeners.Itest.onTestSuccess(Itest.java:10)] - TestCaseFillInformationsPassed
[INFO] 10-11-2024 22:53:42 [main] [Tests.T05_CheckoutTC.setup(T05_CheckoutTC.java:40)] - null
[INFO] 10-11-2024 22:53:44 [main] [Tests.T05_CheckoutTC.setup(T05_CheckoutTC.java:42)] - Chrome is open
[INFO] 10-11-2024 22:53:46 [main] [Listeners.Itest.onTestStart(Itest.java:18)] - TestCase CheckCancelButtonRedirectionStarted
[INFO] 10-11-2024 22:53:47 [main] [Pages.P02_ProductsPage.selectRandomProduct(P02_ProductsPage.java:61)] - the numbers is [1, 2, 6]
[INFO] 10-11-2024 22:53:48 [main] [Pages.P04_InformationPage.FillFirstName(P04_InformationPage.java:24)] - Ahmed-2024-11-10-10-52-37PM
[INFO] 10-11-2024 22:53:48 [main] [Pages.P04_InformationPage.FillLastName(P04_InformationPage.java:31)] - Gamal-2024-11-10-10-52-37PM
[INFO] 10-11-2024 22:53:48 [main] [Pages.P04_InformationPage.FillZipCode(P04_InformationPage.java:38)] - 41616
[INFO] 10-11-2024 22:53:49 [main] [Listeners.Itest.onTestSuccess(Itest.java:10)] - TestCaseCheckCancelButtonRedirectionPassed
[INFO] 10-11-2024 22:53:49 [main] [Tests.T05_CheckoutTC.setup(T05_CheckoutTC.java:40)] - null
[INFO] 10-11-2024 22:53:51 [main] [Tests.T05_CheckoutTC.setup(T05_CheckoutTC.java:42)] - Chrome is open
[INFO] 10-11-2024 22:53:53 [main] [Listeners.Itest.onTestStart(Itest.java:18)] - TestCase CheckFinishButtonRedirectionStarted
[INFO] 10-11-2024 22:53:55 [main] [Pages.P02_ProductsPage.selectRandomProduct(P02_ProductsPage.java:61)] - the numbers is [2, 3, 4]
[INFO] 10-11-2024 22:53:56 [main] [Pages.P04_InformationPage.FillFirstName(P04_InformationPage.java:24)] - Ahmed-2024-11-10-10-52-37PM
[INFO] 10-11-2024 22:53:56 [main] [Pages.P04_InformationPage.FillLastName(P04_InformationPage.java:31)] - Gamal-2024-11-10-10-52-37PM
[INFO] 10-11-2024 22:53:56 [main] [Pages.P04_InformationPage.FillZipCode(P04_InformationPage.java:38)] - 41616
[INFO] 10-11-2024 22:53:57 [main] [Listeners.Itest.onTestSuccess(Itest.java:10)] - TestCaseCheckFinishButtonRedirectionPassed
[INFO] 10-11-2024 22:53:57 [main] [Tests.T05_CheckoutTC.setup(T05_CheckoutTC.java:40)] - null
[INFO] 10-11-2024 22:53:59 [main] [Tests.T05_CheckoutTC.setup(T05_CheckoutTC.java:42)] - Chrome is open
[INFO] 10-11-2024 22:54:01 [main] [Listeners.Itest.onTestStart(Itest.java:18)] - TestCase CheckQuantityBeforeFinishStarted
[INFO] 10-11-2024 22:54:02 [main] [Pages.P02_ProductsPage.selectRandomProduct(P02_ProductsPage.java:61)] - the numbers is [1, 3, 6]
[INFO] 10-11-2024 22:54:03 [main] [Pages.P04_InformationPage.FillFirstName(P04_InformationPage.java:24)] - Ahmed-2024-11-10-10-52-37PM
[INFO] 10-11-2024 22:54:03 [main] [Pages.P04_InformationPage.FillLastName(P04_InformationPage.java:31)] - Gamal-2024-11-10-10-52-37PM
[INFO] 10-11-2024 22:54:03 [main] [Pages.P04_InformationPage.FillZipCode(P04_InformationPage.java:38)] - 41616
[INFO] 10-11-2024 22:54:04 [main] [Pages.P05_CheckOutPage.CheckProductsQuantity(P05_CheckOutPage.java:29)] - Product Quantity is : 3
[INFO] 10-11-2024 22:54:04 [main] [Pages.P05_CheckOutPage.CheckProductsQuantity(P05_CheckOutPage.java:29)] - Product Quantity is : 3
[INFO] 10-11-2024 22:54:04 [main] [Listeners.Itest.onTestSuccess(Itest.java:10)] - TestCaseCheckQuantityBeforeFinishPassed
[INFO] 10-11-2024 22:54:04 [main] [Tests.T05_CheckoutTC.setup(T05_CheckoutTC.java:40)] - null
[INFO] 10-11-2024 22:54:06 [main] [Tests.T05_CheckoutTC.setup(T05_CheckoutTC.java:42)] - Chrome is open
[INFO] 10-11-2024 22:54:08 [main] [Listeners.Itest.onTestStart(Itest.java:18)] - TestCase CheckTheSumOfPricesSameAtCarAndChecoutAndTheSumStarted
[INFO] 10-11-2024 22:54:10 [main] [Pages.P02_ProductsPage.selectRandomProduct(P02_ProductsPage.java:61)] - the numbers is [2, 3, 4]
[INFO] 10-11-2024 22:54:11 [main] [Pages.P03_CartPage.CartPagePrices(P03_CartPage.java:48)] - 75.97
[INFO] 10-11-2024 22:54:11 [main] [Pages.P04_InformationPage.FillFirstName(P04_InformationPage.java:24)] - Ahmed-2024-11-10-10-52-37PM
[INFO] 10-11-2024 22:54:12 [main] [Pages.P04_InformationPage.FillLastName(P04_InformationPage.java:31)] - Gamal-2024-11-10-10-52-37PM
[INFO] 10-11-2024 22:54:12 [main] [Pages.P04_InformationPage.FillZipCode(P04_InformationPage.java:38)] - 41616
[INFO] 10-11-2024 22:54:12 [main] [Pages.P05_CheckOutPage.CheckProductsPrices(P05_CheckOutPage.java:45)] - 75.97
[INFO] 10-11-2024 22:54:12 [main] [Pages.P05_CheckOutPage.ItemPrices(P05_CheckOutPage.java:51)] - 75.97
[INFO] 10-11-2024 22:54:13 [main] [Pages.P05_CheckOutPage.ItemPrices(P05_CheckOutPage.java:51)] - 75.97
[INFO] 10-11-2024 22:54:13 [main] [Listeners.Itest.onTestSuccess(Itest.java:10)] - TestCaseCheckTheSumOfPricesSameAtCarAndChecoutAndTheSumPassed
[INFO] 10-11-2024 22:54:13 [main] [Tests.T05_CheckoutTC.setup(T05_CheckoutTC.java:40)] - null
[INFO] 10-11-2024 22:54:15 [main] [Tests.T05_CheckoutTC.setup(T05_CheckoutTC.java:42)] - Chrome is open
[INFO] 10-11-2024 22:54:17 [main] [Listeners.Itest.onTestStart(Itest.java:18)] - TestCase CheckTheTotalPriceStarted
[INFO] 10-11-2024 22:54:19 [main] [Pages.P02_ProductsPage.selectRandomProduct(P02_ProductsPage.java:61)] - the numbers is [3, 4, 6]
[INFO] 10-11-2024 22:54:20 [main] [Pages.P04_InformationPage.FillFirstName(P04_InformationPage.java:24)] - Ahmed-2024-11-10-10-52-37PM
[INFO] 10-11-2024 22:54:20 [main] [Pages.P04_InformationPage.FillLastName(P04_InformationPage.java:31)] - Gamal-2024-11-10-10-52-37PM
[INFO] 10-11-2024 22:54:21 [main] [Pages.P04_InformationPage.FillZipCode(P04_InformationPage.java:38)] - 41616
[INFO] 10-11-2024 22:54:21 [main] [Pages.P05_CheckOutPage.ItemPrices(P05_CheckOutPage.java:51)] - 81.97
[INFO] 10-11-2024 22:54:21 [main] [Pages.P05_CheckOutPage.CheckTotalWithTaxes(P05_CheckOutPage.java:71)] - 88.53
[INFO] 10-11-2024 22:54:21 [main] [Pages.P05_CheckOutPage.CheckTotalWithTaxes(P05_CheckOutPage.java:72)] - 88.53
[INFO] 10-11-2024 22:54:21 [main] [Listeners.Itest.onTestSuccess(Itest.java:10)] - TestCaseCheckTheTotalPricePassed
[INFO] 10-11-2024 22:54:21 [main] [Tests.T06_FinishTC.setup(T06_FinishTC.java:36)] - null
[INFO] 10-11-2024 22:54:24 [main] [Tests.T06_FinishTC.setup(T06_FinishTC.java:38)] - Chrome is open
[INFO] 10-11-2024 22:54:25 [main] [Listeners.Itest.onTestStart(Itest.java:18)] - TestCase CheckMessageStarted
[INFO] 10-11-2024 22:54:27 [main] [Pages.P02_ProductsPage.selectRandomProduct(P02_ProductsPage.java:61)] - the numbers is [2, 3, 5]
[INFO] 10-11-2024 22:54:28 [main] [Pages.P04_InformationPage.FillFirstName(P04_InformationPage.java:24)] - Ahmed-2024-11-10-10-52-37PM
[INFO] 10-11-2024 22:54:28 [main] [Pages.P04_InformationPage.FillLastName(P04_InformationPage.java:31)] - Gamal-2024-11-10-10-52-37PM
[INFO] 10-11-2024 22:54:28 [main] [Pages.P04_InformationPage.FillZipCode(P04_InformationPage.java:38)] - 41616
[INFO] 10-11-2024 22:54:29 [main] [Listeners.Itest.onTestSuccess(Itest.java:10)] - TestCaseCheckMessagePassed
[INFO] 10-11-2024 22:56:12 [main] [Tests.T02_ProductsTC.setup(T02_ProductsTC.java:35)] - null
[INFO] 10-11-2024 22:56:14 [main] [Tests.T02_ProductsTC.setup(T02_ProductsTC.java:37)] - Chrome is open
[INFO] 10-11-2024 22:56:16 [main] [Listeners.Itest.onTestStart(Itest.java:18)] - TestCase CheckAllProductsAddStarted
[INFO] 10-11-2024 22:56:18 [main] [Pages.P02_ProductsPage.ClickAddAllToCart(P02_ProductsPage.java:33)] - number of products is :6
[INFO] 10-11-2024 22:56:19 [main] [Pages.P02_ProductsPage.CompareBetweenSelectedAndResult(P02_ProductsPage.java:53)] - number is 6
[INFO] 10-11-2024 22:56:19 [main] [Listeners.Itest.onTestSuccess(Itest.java:10)] - TestCaseCheckAllProductsAddPassed
[INFO] 10-11-2024 22:57:13 [main] [Tests.T01_LoginTest.setup(T01_LoginTest.java:35)] - null
[INFO] 10-11-2024 22:57:15 [main] [Tests.T01_LoginTest.setup(T01_LoginTest.java:37)] - Chrome is open
[INFO] 10-11-2024 22:57:18 [main] [Listeners.Itest.onTestStart(Itest.java:18)] - TestCase valid_LoginStarted
[INFO] 10-11-2024 22:57:20 [main] [Listeners.Itest.onTestSuccess(Itest.java:10)] - TestCasevalid_LoginPassed
[INFO] 10-11-2024 22:57:49 [main] [Tests.T02_ProductsTC.setup(T02_ProductsTC.java:35)] - null
[INFO] 10-11-2024 22:57:52 [main] [Tests.T02_ProductsTC.setup(T02_ProductsTC.java:37)] - Chrome is open
[INFO] 10-11-2024 22:57:55 [main] [Listeners.Itest.onTestStart(Itest.java:18)] - TestCase CheckAllProductsAddStarted
[INFO] 10-11-2024 22:57:56 [main] [Pages.P02_ProductsPage.ClickAddAllToCart(P02_ProductsPage.java:33)] - number of products is :6
[INFO] 10-11-2024 22:57:58 [main] [Pages.P02_ProductsPage.CompareBetweenSelectedAndResult(P02_ProductsPage.java:53)] - number is 6
[INFO] 10-11-2024 22:57:58 [main] [Listeners.Itest.onTestSuccess(Itest.java:10)] - TestCaseCheckAllProductsAddPassed
[INFO] 10-11-2024 22:58:17 [main] [Tests.T01_LoginTest.setup(T01_LoginTest.java:35)] - null
[INFO] 10-11-2024 22:58:21 [main] [Tests.T01_LoginTest.setup(T01_LoginTest.java:37)] - Chrome is open
[INFO] 10-11-2024 22:58:23 [main] [Listeners.Itest.onTestStart(Itest.java:18)] - TestCase valid_LoginStarted
[INFO] 10-11-2024 22:58:25 [main] [Listeners.Itest.onTestSuccess(Itest.java:10)] - TestCasevalid_LoginPassed
[INFO] 10-11-2024 22:58:25 [main] [Tests.T02_ProductsTC.setup(T02_ProductsTC.java:35)] - null
[INFO] 10-11-2024 22:58:29 [main] [Tests.T02_ProductsTC.setup(T02_ProductsTC.java:37)] - Chrome is open
[INFO] 10-11-2024 22:58:33 [main] [Listeners.Itest.onTestStart(Itest.java:18)] - TestCase AddRandomProductsStarted
[INFO] 10-11-2024 22:58:34 [main] [Pages.P02_ProductsPage.selectRandomProduct(P02_ProductsPage.java:61)] - the numbers is [1, 2, 4]
[INFO] 10-11-2024 22:58:35 [main] [Pages.P02_ProductsPage.CompareBetweenSelectedAndResult(P02_ProductsPage.java:53)] - number is 6
[INFO] 10-11-2024 22:58:35 [main] [Listeners.Itest.onTestSuccess(Itest.java:10)] - TestCaseAddRandomProductsPassed
[INFO] 10-11-2024 22:58:35 [main] [Tests.T02_ProductsTC.setup(T02_ProductsTC.java:35)] - null
[INFO] 10-11-2024 22:58:37 [main] [Tests.T02_ProductsTC.setup(T02_ProductsTC.java:37)] - Chrome is open
[INFO] 10-11-2024 22:58:41 [main] [Listeners.Itest.onTestStart(Itest.java:18)] - TestCase CheckAllProductsAddStarted
[INFO] 10-11-2024 22:58:43 [main] [Pages.P02_ProductsPage.ClickAddAllToCart(P02_ProductsPage.java:33)] - number of products is :6
[INFO] 10-11-2024 22:58:44 [main] [Pages.P02_ProductsPage.CompareBetweenSelectedAndResult(P02_ProductsPage.java:53)] - number is 6
[INFO] 10-11-2024 22:58:44 [main] [Listeners.Itest.onTestSuccess(Itest.java:10)] - TestCaseCheckAllProductsAddPassed
[INFO] 10-11-2024 22:58:44 [main] [Tests.T03_CartTC.setup(T03_CartTC.java:36)] - null
[INFO] 10-11-2024 22:58:46 [main] [Tests.T03_CartTC.setup(T03_CartTC.java:38)] - Chrome is open
[INFO] 10-11-2024 22:58:47 [main] [Listeners.Itest.onTestStart(Itest.java:18)] - TestCase CheckContinueshoppingStarted
[INFO] 10-11-2024 22:58:49 [main] [Pages.P03_CartPage.CheckPage(P03_CartPage.java:26)] - https://www.saucedemo.com/v1/inventory.html
[INFO] 10-11-2024 22:58:49 [main] [Listeners.Itest.onTestSuccess(Itest.java:10)] - TestCaseCheckContinueshoppingPassed
[INFO] 10-11-2024 22:58:49 [main] [Tests.T03_CartTC.setup(T03_CartTC.java:36)] - null
[INFO] 10-11-2024 22:58:51 [main] [Tests.T03_CartTC.setup(T03_CartTC.java:38)] - Chrome is open
[INFO] 10-11-2024 22:58:53 [main] [Listeners.Itest.onTestStart(Itest.java:18)] - TestCase CheckRedirectCheckoutStarted
[INFO] 10-11-2024 22:58:55 [main] [Pages.P03_CartPage.CheckPage(P03_CartPage.java:26)] - https://www.saucedemo.com/v1/checkout-step-one.html
[INFO] 10-11-2024 22:58:55 [main] [Listeners.Itest.onTestSuccess(Itest.java:10)] - TestCaseCheckRedirectCheckoutPassed
[INFO] 10-11-2024 22:58:55 [main] [Tests.T03_CartTC.setup(T03_CartTC.java:36)] - null
[INFO] 10-11-2024 22:58:57 [main] [Tests.T03_CartTC.setup(T03_CartTC.java:38)] - Chrome is open
[INFO] 10-11-2024 22:58:59 [main] [Listeners.Itest.onTestStart(Itest.java:18)] - TestCase CheckRedirectTocartStarted
[INFO] 10-11-2024 22:59:00 [main] [Pages.P03_CartPage.CheckPage(P03_CartPage.java:26)] - https://www.saucedemo.com/v1/cart.html
[INFO] 10-11-2024 22:59:00 [main] [Listeners.Itest.onTestSuccess(Itest.java:10)] - TestCaseCheckRedirectTocartPassed
[INFO] 10-11-2024 22:59:01 [main] [Tests.T03_CartTC.setup(T03_CartTC.java:36)] - null
[INFO] 10-11-2024 22:59:02 [main] [Tests.T03_CartTC.setup(T03_CartTC.java:38)] - Chrome is open
[INFO] 10-11-2024 22:59:04 [main] [Listeners.Itest.onTestStart(Itest.java:18)] - TestCase CheckThePriceSmeInCartStarted
[INFO] 10-11-2024 22:59:06 [main] [Pages.P02_ProductsPage.selectRandomProduct(P02_ProductsPage.java:61)] - the numbers is [1, 3, 6]
[INFO] 10-11-2024 22:59:06 [main] [Pages.P02_ProductsPage.ProductPagePrices(P02_ProductsPage.java:89)] - Total Prices61.97
[INFO] 10-11-2024 22:59:07 [main] [Pages.P03_CartPage.CartPagePrices(P03_CartPage.java:48)] - 61.97
[INFO] 10-11-2024 22:59:07 [main] [Pages.P03_CartPage.CartPagePrices(P03_CartPage.java:48)] - 61.97
[INFO] 10-11-2024 22:59:07 [main] [Listeners.Itest.onTestSuccess(Itest.java:10)] - TestCaseCheckThePriceSmeInCartPassed
[INFO] 10-11-2024 22:59:07 [main] [Tests.T03_CartTC.setup(T03_CartTC.java:36)] - null
[INFO] 10-11-2024 22:59:08 [main] [Tests.T03_CartTC.setup(T03_CartTC.java:38)] - Chrome is open
[INFO] 10-11-2024 22:59:10 [main] [Listeners.Itest.onTestStart(Itest.java:18)] - TestCase CheckTheQuantityStarted
[INFO] 10-11-2024 22:59:11 [main] [Pages.P02_ProductsPage.selectRandomProduct(P02_ProductsPage.java:61)] - the numbers is [1, 4, 5]
[INFO] 10-11-2024 22:59:12 [main] [Pages.P03_CartPage.checkTheQuantity(P03_CartPage.java:32)] - the Quantity is :3
[INFO] 10-11-2024 22:59:12 [main] [Listeners.Itest.onTestSuccess(Itest.java:10)] - TestCaseCheckTheQuantityPassed
[INFO] 10-11-2024 22:59:12 [main] [Tests.T04_InformationTC.setup(T04_InformationTC.java:40)] - null
[INFO] 10-11-2024 22:59:13 [main] [Tests.T04_InformationTC.setup(T04_InformationTC.java:42)] - Chrome is open
[INFO] 10-11-2024 22:59:15 [main] [Listeners.Itest.onTestStart(Itest.java:18)] - TestCase CancelButtonStarted
[INFO] 10-11-2024 22:59:17 [main] [Pages.P02_ProductsPage.selectRandomProduct(P02_ProductsPage.java:61)] - the numbers is [1, 5, 6]
[INFO] 10-11-2024 22:59:18 [main] [Pages.P04_InformationPage.FillFirstName(P04_InformationPage.java:24)] - Ahmed-2024-11-10-10-58-17PM
[INFO] 10-11-2024 22:59:18 [main] [Pages.P04_InformationPage.FillLastName(P04_InformationPage.java:31)] - Gamal-2024-11-10-10-58-17PM
[INFO] 10-11-2024 22:59:18 [main] [Pages.P04_InformationPage.FillZipCode(P04_InformationPage.java:38)] - 41616
[INFO] 10-11-2024 22:59:18 [main] [Listeners.Itest.onTestSuccess(Itest.java:10)] - TestCaseCancelButtonPassed
[INFO] 10-11-2024 22:59:18 [main] [Tests.T04_InformationTC.setup(T04_InformationTC.java:40)] - null
[INFO] 10-11-2024 22:59:19 [main] [Tests.T04_InformationTC.setup(T04_InformationTC.java:42)] - Chrome is open
[INFO] 10-11-2024 22:59:21 [main] [Listeners.Itest.onTestStart(Itest.java:18)] - TestCase FillInformationsStarted
[INFO] 10-11-2024 22:59:22 [main] [Pages.P02_ProductsPage.selectRandomProduct(P02_ProductsPage.java:61)] - the numbers is [1, 4, 6]
[INFO] 10-11-2024 22:59:23 [main] [Pages.P04_InformationPage.FillFirstName(P04_InformationPage.java:24)] - Ahmed-2024-11-10-10-58-17PM
[INFO] 10-11-2024 22:59:23 [main] [Pages.P04_InformationPage.FillLastName(P04_InformationPage.java:31)] - Gamal-2024-11-10-10-58-17PM
[INFO] 10-11-2024 22:59:23 [main] [Pages.P04_InformationPage.FillZipCode(P04_InformationPage.java:38)] - 41616
[INFO] 10-11-2024 22:59:24 [main] [Listeners.Itest.onTestSuccess(Itest.java:10)] - TestCaseFillInformationsPassed
[INFO] 10-11-2024 22:59:24 [main] [Tests.T05_CheckoutTC.setup(T05_CheckoutTC.java:40)] - null
[INFO] 10-11-2024 22:59:25 [main] [Tests.T05_CheckoutTC.setup(T05_CheckoutTC.java:42)] - Chrome is open
[INFO] 10-11-2024 22:59:27 [main] [Listeners.Itest.onTestStart(Itest.java:18)] - TestCase CheckCancelButtonRedirectionStarted
[INFO] 10-11-2024 22:59:28 [main] [Pages.P02_ProductsPage.selectRandomProduct(P02_ProductsPage.java:61)] - the numbers is [2, 4, 5]
[INFO] 10-11-2024 22:59:29 [main] [Pages.P04_InformationPage.FillFirstName(P04_InformationPage.java:24)] - Ahmed-2024-11-10-10-58-17PM
[INFO] 10-11-2024 22:59:29 [main] [Pages.P04_InformationPage.FillLastName(P04_InformationPage.java:31)] - Gamal-2024-11-10-10-58-17PM
[INFO] 10-11-2024 22:59:29 [main] [Pages.P04_InformationPage.FillZipCode(P04_InformationPage.java:38)] - 41616
[INFO] 10-11-2024 22:59:30 [main] [Listeners.Itest.onTestSuccess(Itest.java:10)] - TestCaseCheckCancelButtonRedirectionPassed
[INFO] 10-11-2024 22:59:30 [main] [Tests.T05_CheckoutTC.setup(T05_CheckoutTC.java:40)] - null
[INFO] 10-11-2024 22:59:31 [main] [Tests.T05_CheckoutTC.setup(T05_CheckoutTC.java:42)] - Chrome is open
[INFO] 10-11-2024 22:59:33 [main] [Listeners.Itest.onTestStart(Itest.java:18)] - TestCase CheckFinishButtonRedirectionStarted
[INFO] 10-11-2024 22:59:34 [main] [Pages.P02_ProductsPage.selectRandomProduct(P02_ProductsPage.java:61)] - the numbers is [1, 3, 5]
[INFO] 10-11-2024 22:59:35 [main] [Pages.P04_InformationPage.FillFirstName(P04_InformationPage.java:24)] - Ahmed-2024-11-10-10-58-17PM
[INFO] 10-11-2024 22:59:35 [main] [Pages.P04_InformationPage.FillLastName(P04_InformationPage.java:31)] - Gamal-2024-11-10-10-58-17PM
[INFO] 10-11-2024 22:59:35 [main] [Pages.P04_InformationPage.FillZipCode(P04_InformationPage.java:38)] - 41616
[INFO] 10-11-2024 22:59:36 [main] [Listeners.Itest.onTestSuccess(Itest.java:10)] - TestCaseCheckFinishButtonRedirectionPassed
[INFO] 10-11-2024 22:59:36 [main] [Tests.T05_CheckoutTC.setup(T05_CheckoutTC.java:40)] - null
[INFO] 10-11-2024 22:59:38 [main] [Tests.T05_CheckoutTC.setup(T05_CheckoutTC.java:42)] - Chrome is open
[INFO] 10-11-2024 22:59:39 [main] [Listeners.Itest.onTestStart(Itest.java:18)] - TestCase CheckQuantityBeforeFinishStarted
[INFO] 10-11-2024 22:59:40 [main] [Pages.P02_ProductsPage.selectRandomProduct(P02_ProductsPage.java:61)] - the numbers is [1, 2, 4]
[INFO] 10-11-2024 22:59:41 [main] [Pages.P04_InformationPage.FillFirstName(P04_InformationPage.java:24)] - Ahmed-2024-11-10-10-58-17PM
[INFO] 10-11-2024 22:59:41 [main] [Pages.P04_InformationPage.FillLastName(P04_InformationPage.java:31)] - Gamal-2024-11-10-10-58-17PM
[INFO] 10-11-2024 22:59:41 [main] [Pages.P04_InformationPage.FillZipCode(P04_InformationPage.java:38)] - 41616
[INFO] 10-11-2024 22:59:42 [main] [Pages.P05_CheckOutPage.CheckProductsQuantity(P05_CheckOutPage.java:29)] - Product Quantity is : 3
[INFO] 10-11-2024 22:59:42 [main] [Pages.P05_CheckOutPage.CheckProductsQuantity(P05_CheckOutPage.java:29)] - Product Quantity is : 3
[INFO] 10-11-2024 22:59:42 [main] [Listeners.Itest.onTestSuccess(Itest.java:10)] - TestCaseCheckQuantityBeforeFinishPassed
[INFO] 10-11-2024 22:59:42 [main] [Tests.T05_CheckoutTC.setup(T05_CheckoutTC.java:40)] - null
[INFO] 10-11-2024 22:59:44 [main] [Tests.T05_CheckoutTC.setup(T05_CheckoutTC.java:42)] - Chrome is open
[INFO] 10-11-2024 22:59:46 [main] [Listeners.Itest.onTestStart(Itest.java:18)] - TestCase CheckTheSumOfPricesSameAtCarAndChecoutAndTheSumStarted
[INFO] 10-11-2024 22:59:47 [main] [Pages.P02_ProductsPage.selectRandomProduct(P02_ProductsPage.java:61)] - the numbers is [3, 5, 6]
[INFO] 10-11-2024 22:59:48 [main] [Pages.P03_CartPage.CartPagePrices(P03_CartPage.java:48)] - 39.97
[INFO] 10-11-2024 22:59:48 [main] [Pages.P04_InformationPage.FillFirstName(P04_InformationPage.java:24)] - Ahmed-2024-11-10-10-58-17PM
[INFO] 10-11-2024 22:59:48 [main] [Pages.P04_InformationPage.FillLastName(P04_InformationPage.java:31)] - Gamal-2024-11-10-10-58-17PM
[INFO] 10-11-2024 22:59:48 [main] [Pages.P04_InformationPage.FillZipCode(P04_InformationPage.java:38)] - 41616
[INFO] 10-11-2024 22:59:49 [main] [Pages.P05_CheckOutPage.CheckProductsPrices(P05_CheckOutPage.java:45)] - 39.97
[INFO] 10-11-2024 22:59:49 [main] [Pages.P05_CheckOutPage.ItemPrices(P05_CheckOutPage.java:51)] - 39.97
[INFO] 10-11-2024 22:59:49 [main] [Pages.P05_CheckOutPage.ItemPrices(P05_CheckOutPage.java:51)] - 39.97
[INFO] 10-11-2024 22:59:49 [main] [Listeners.Itest.onTestSuccess(Itest.java:10)] - TestCaseCheckTheSumOfPricesSameAtCarAndChecoutAndTheSumPassed
[INFO] 10-11-2024 22:59:49 [main] [Tests.T05_CheckoutTC.setup(T05_CheckoutTC.java:40)] - null
[INFO] 10-11-2024 22:59:50 [main] [Tests.T05_CheckoutTC.setup(T05_CheckoutTC.java:42)] - Chrome is open
[INFO] 10-11-2024 22:59:52 [main] [Listeners.Itest.onTestStart(Itest.java:18)] - TestCase CheckTheTotalPriceStarted
[INFO] 10-11-2024 22:59:53 [main] [Pages.P02_ProductsPage.selectRandomProduct(P02_ProductsPage.java:61)] - the numbers is [1, 3, 4]
[INFO] 10-11-2024 22:59:54 [main] [Pages.P04_InformationPage.FillFirstName(P04_InformationPage.java:24)] - Ahmed-2024-11-10-10-58-17PM
[INFO] 10-11-2024 22:59:54 [main] [Pages.P04_InformationPage.FillLastName(P04_InformationPage.java:31)] - Gamal-2024-11-10-10-58-17PM
[INFO] 10-11-2024 22:59:54 [main] [Pages.P04_InformationPage.FillZipCode(P04_InformationPage.java:38)] - 41616
[INFO] 10-11-2024 22:59:55 [main] [Pages.P05_CheckOutPage.ItemPrices(P05_CheckOutPage.java:51)] - 95.97
[INFO] 10-11-2024 22:59:55 [main] [Pages.P05_CheckOutPage.CheckTotalWithTaxes(P05_CheckOutPage.java:71)] - 103.65
[INFO] 10-11-2024 22:59:55 [main] [Pages.P05_CheckOutPage.CheckTotalWithTaxes(P05_CheckOutPage.java:72)] - 103.65
[INFO] 10-11-2024 22:59:55 [main] [Listeners.Itest.onTestSuccess(Itest.java:10)] - TestCaseCheckTheTotalPricePassed
[INFO] 10-11-2024 22:59:55 [main] [Tests.T06_FinishTC.setup(T06_FinishTC.java:36)] - null
[INFO] 10-11-2024 22:59:56 [main] [Tests.T06_FinishTC.setup(T06_FinishTC.java:38)] - Chrome is open
[INFO] 10-11-2024 22:59:58 [main] [Listeners.Itest.onTestStart(Itest.java:18)] - TestCase CheckMessageStarted
[INFO] 10-11-2024 22:59:59 [main] [Pages.P02_ProductsPage.selectRandomProduct(P02_ProductsPage.java:61)] - the numbers is [3, 5, 6]
[INFO] 10-11-2024 23:00:00 [main] [Pages.P04_InformationPage.FillFirstName(P04_InformationPage.java:24)] - Ahmed-2024-11-10-10-58-17PM
[INFO] 10-11-2024 23:00:00 [main] [Pages.P04_InformationPage.FillLastName(P04_InformationPage.java:31)] - Gamal-2024-11-10-10-58-17PM
[INFO] 10-11-2024 23:00:00 [main] [Pages.P04_InformationPage.FillZipCode(P04_InformationPage.java:38)] - 41616
[INFO] 10-11-2024 23:00:01 [main] [Listeners.Itest.onTestSuccess(Itest.java:10)] - TestCaseCheckMessagePassed
[INFO] 10-11-2024 23:30:03 [main] [Tests.T01_LoginTest.setup(T01_LoginTest.java:35)] - null
[INFO] 10-11-2024 23:30:38 [main] [Tests.T01_LoginTest.setup(T01_LoginTest.java:37)] - Chrome is open
[INFO] 10-11-2024 23:30:39 [main] [Listeners.Itest.onTestStart(Itest.java:18)] - TestCase valid_LoginStarted
[INFO] 10-11-2024 23:30:41 [main] [Listeners.Itest.onTestSuccess(Itest.java:10)] - TestCasevalid_LoginPassed
[INFO] 10-11-2024 23:52:50 [main] [Tests.T01_LoginTest.setup(T01_LoginTest.java:35)] - null
[INFO] 10-11-2024 23:53:13 [main] [Tests.T01_LoginTest.setup(T01_LoginTest.java:37)] - Chrome is open
[INFO] 10-11-2024 23:53:14 [main] [Listeners.Itest.onTestStart(Itest.java:18)] - TestCase valid_LoginStarted
[INFO] 10-11-2024 23:53:16 [main] [Listeners.Itest.onTestSuccess(Itest.java:10)] - TestCasevalid_LoginPassed
