[INFO] 08-11-2024 00:01:11 [main] [Listeners.Itest.onTestStart(Itest.java:18)] - TestCase CheckThePriceSmeInCartStarted
[INFO] 08-11-2024 00:01:13 [main] [Pages.P02_ProductsPage.selectRandomProduct(P02_ProductsPage.java:66)] - the numbers is [1, 2, 5]
[INFO] 08-11-2024 00:01:14 [main] [Pages.P02_ProductsPage.AllProductsPricesProductPage(P02_ProductsPage.java:93)] - {Sauce Labs Bike Light=$9.99, Sauce Labs Backpack=$29.99, Sauce Labs Bolt T-Shirt=$7.99}
[INFO] 08-11-2024 00:01:15 [main] [Pages.P03_CartPage.AllProductsPricesCartPage(P03_CartPage.java:49)] - {Sauce Labs Bike Light=9.99, Sauce Labs Backpack=29.99, Sauce Labs Onesie=7.99}
[INFO] 08-11-2024 00:02:00 [main] [Listeners.Itest.onTestStart(Itest.java:18)] - TestCase CheckThePriceSmeInCartStarted
[INFO] 08-11-2024 00:02:15 [main] [Pages.P02_ProductsPage.selectRandomProduct(P02_ProductsPage.java:66)] - the numbers is [2, 3, 5]
[INFO] 08-11-2024 00:02:22 [main] [Pages.P02_ProductsPage.AllProductsPricesProductPage(P02_ProductsPage.java:93)] - {Sauce Labs Bike Light=$15.99, Sauce Labs Backpack=$9.99, Sauce Labs Bolt T-Shirt=$7.99}
[INFO] 08-11-2024 00:02:54 [main] [Pages.P03_CartPage.AllProductsPricesCartPage(P03_CartPage.java:49)] - {Sauce Labs Bike Light=9.99, Sauce Labs Bolt T-Shirt=15.99, Sauce Labs Onesie=7.99}
[INFO] 08-11-2024 00:04:08 [main] [Listeners.Itest.onTestStart(Itest.java:18)] - TestCase CheckThePriceSmeInCartStarted
[INFO] 08-11-2024 00:04:18 [main] [Pages.P02_ProductsPage.selectRandomProduct(P02_ProductsPage.java:66)] - the numbers is [3, 5, 6]
[INFO] 08-11-2024 00:04:21 [main] [Pages.P02_ProductsPage.AllProductsPricesProductPage(P02_ProductsPage.java:93)] - {Sauce Labs Bike Light=$7.99, Sauce Labs Backpack=$15.99, Sauce Labs Bolt T-Shirt=$15.99}
[INFO] 08-11-2024 00:05:10 [main] [Pages.P03_CartPage.AllProductsPricesCartPage(P03_CartPage.java:49)] - {Test.allTheThings() T-Shirt (Red)=15.99, Sauce Labs Bolt T-Shirt=15.99, Sauce Labs Onesie=7.99}
[INFO] 08-11-2024 00:09:54 [main] [Listeners.Itest.onTestStart(Itest.java:18)] - TestCase CheckThePriceSmeInCartStarted
[INFO] 08-11-2024 00:10:25 [main] [Pages.P02_ProductsPage.selectRandomProduct(P02_ProductsPage.java:66)] - the numbers is [1, 2, 4]
[INFO] 08-11-2024 00:10:28 [main] [Pages.P02_ProductsPage.AllProductsPricesProductPage(P02_ProductsPage.java:93)] - {Sauce Labs Bike Light=$9.99, Sauce Labs Backpack=$29.99, Sauce Labs Bolt T-Shirt=$49.99}
[INFO] 08-11-2024 00:10:44 [main] [Pages.P03_CartPage.AllProductsPricesCartPage(P03_CartPage.java:49)] - {Sauce Labs Bike Light=9.99, Sauce Labs Backpack=29.99, Sauce Labs Fleece Jacket=49.99}
[INFO] 08-11-2024 00:11:32 [main] [Listeners.Itest.onTestStart(Itest.java:18)] - TestCase CheckThePriceSmeInCartStarted
[INFO] 08-11-2024 00:11:48 [main] [Pages.P02_ProductsPage.selectRandomProduct(P02_ProductsPage.java:66)] - the numbers is [2, 3, 6]
[INFO] 08-11-2024 00:11:50 [main] [Pages.P02_ProductsPage.AllProductsPricesProductPage(P02_ProductsPage.java:93)] - {Sauce Labs Bike Light=$15.99, Sauce Labs Backpack=$9.99, Sauce Labs Bolt T-Shirt=$15.99}
[INFO] 08-11-2024 00:11:56 [main] [Pages.P03_CartPage.AllProductsPricesCartPage(P03_CartPage.java:49)] - {Sauce Labs Bike Light=9.99, Test.allTheThings() T-Shirt (Red)=15.99, Sauce Labs Bolt T-Shirt=15.99}
[INFO] 08-11-2024 00:13:44 [main] [Listeners.Itest.onTestStart(Itest.java:18)] - TestCase CheckThePriceSmeInCartStarted
[INFO] 08-11-2024 00:14:01 [main] [Pages.P02_ProductsPage.selectRandomProduct(P02_ProductsPage.java:66)] - the numbers is [3, 4, 6]
[INFO] 08-11-2024 00:14:03 [main] [Pages.P02_ProductsPage.AllProductsPricesProductPage(P02_ProductsPage.java:88)] - [[[ChromeDriver: chrome on windows (fd4020216da5a2061cdfe52946e78bcb)] -> xpath: //button[text()="REMOVE"]//preceding-sibling::div[@class='inventory_item_price']], [[ChromeDriver: chrome on windows (fd4020216da5a2061cdfe52946e78bcb)] -> xpath: //button[text()="REMOVE"]//preceding-sibling::div[@class='inventory_item_price']], [[ChromeDriver: chrome on windows (fd4020216da5a2061cdfe52946e78bcb)] -> xpath: //button[text()="REMOVE"]//preceding-sibling::div[@class='inventory_item_price']]]
[INFO] 08-11-2024 00:14:04 [main] [Pages.P02_ProductsPage.AllProductsPricesProductPage(P02_ProductsPage.java:88)] - [[[ChromeDriver: chrome on windows (fd4020216da5a2061cdfe52946e78bcb)] -> xpath: //button[text()="REMOVE"]//preceding-sibling::div[@class='inventory_item_price']], [[ChromeDriver: chrome on windows (fd4020216da5a2061cdfe52946e78bcb)] -> xpath: //button[text()="REMOVE"]//preceding-sibling::div[@class='inventory_item_price']], [[ChromeDriver: chrome on windows (fd4020216da5a2061cdfe52946e78bcb)] -> xpath: //button[text()="REMOVE"]//preceding-sibling::div[@class='inventory_item_price']]]
[INFO] 08-11-2024 00:14:04 [main] [Pages.P02_ProductsPage.AllProductsPricesProductPage(P02_ProductsPage.java:88)] - [[[ChromeDriver: chrome on windows (fd4020216da5a2061cdfe52946e78bcb)] -> xpath: //button[text()="REMOVE"]//preceding-sibling::div[@class='inventory_item_price']], [[ChromeDriver: chrome on windows (fd4020216da5a2061cdfe52946e78bcb)] -> xpath: //button[text()="REMOVE"]//preceding-sibling::div[@class='inventory_item_price']], [[ChromeDriver: chrome on windows (fd4020216da5a2061cdfe52946e78bcb)] -> xpath: //button[text()="REMOVE"]//preceding-sibling::div[@class='inventory_item_price']]]
[INFO] 08-11-2024 00:14:04 [main] [Pages.P02_ProductsPage.AllProductsPricesProductPage(P02_ProductsPage.java:94)] - {Sauce Labs Bike Light=$49.99, Sauce Labs Backpack=$15.99, Sauce Labs Bolt T-Shirt=$15.99}
[INFO] 08-11-2024 16:04:25 [main] [Listeners.Itest.onTestStart(Itest.java:18)] - TestCase CheckThePriceSmeInCartStarted
[INFO] 08-11-2024 16:04:27 [main] [Pages.P02_ProductsPage.selectRandomProduct(P02_ProductsPage.java:61)] - the numbers is [2, 4, 6]
[INFO] 08-11-2024 16:04:27 [main] [Pages.P02_ProductsPage.ProductPagePrices(P02_ProductsPage.java:82)] - 9.99
[INFO] 08-11-2024 16:04:27 [main] [Pages.P02_ProductsPage.ProductPagePrices(P02_ProductsPage.java:85)] - 19.98
[INFO] 08-11-2024 16:04:27 [main] [Pages.P02_ProductsPage.ProductPagePrices(P02_ProductsPage.java:82)] - 49.99
[INFO] 08-11-2024 16:04:27 [main] [Pages.P02_ProductsPage.ProductPagePrices(P02_ProductsPage.java:85)] - 99.98
[INFO] 08-11-2024 16:04:27 [main] [Pages.P02_ProductsPage.ProductPagePrices(P02_ProductsPage.java:82)] - 15.99
[INFO] 08-11-2024 16:04:27 [main] [Pages.P02_ProductsPage.ProductPagePrices(P02_ProductsPage.java:85)] - 31.98
[INFO] 08-11-2024 16:04:27 [main] [Listeners.Itest.onTestSuccess(Itest.java:10)] - TestCaseCheckThePriceSmeInCartPassed
[INFO] 08-11-2024 16:05:55 [main] [Listeners.Itest.onTestStart(Itest.java:18)] - TestCase CheckThePriceSmeInCartStarted
[INFO] 08-11-2024 16:06:05 [main] [Pages.P02_ProductsPage.selectRandomProduct(P02_ProductsPage.java:61)] - the numbers is [1, 3, 5]
[INFO] 08-11-2024 16:06:16 [main] [Pages.P02_ProductsPage.ProductPagePrices(P02_ProductsPage.java:82)] - 29.99
[INFO] 08-11-2024 16:06:16 [main] [Pages.P02_ProductsPage.ProductPagePrices(P02_ProductsPage.java:85)] - 59.98
[INFO] 08-11-2024 16:06:16 [main] [Pages.P02_ProductsPage.ProductPagePrices(P02_ProductsPage.java:82)] - 15.99
[INFO] 08-11-2024 16:06:16 [main] [Pages.P02_ProductsPage.ProductPagePrices(P02_ProductsPage.java:85)] - 31.98
[INFO] 08-11-2024 16:06:17 [main] [Pages.P02_ProductsPage.ProductPagePrices(P02_ProductsPage.java:82)] - 7.99
[INFO] 08-11-2024 16:06:17 [main] [Pages.P02_ProductsPage.ProductPagePrices(P02_ProductsPage.java:85)] - 15.98
[INFO] 08-11-2024 16:06:50 [main] [Listeners.Itest.onTestSuccess(Itest.java:10)] - TestCaseCheckThePriceSmeInCartPassed
[INFO] 08-11-2024 16:07:06 [main] [Listeners.Itest.onTestStart(Itest.java:18)] - TestCase CheckThePriceSmeInCartStarted
[INFO] 08-11-2024 16:07:14 [main] [Pages.P02_ProductsPage.selectRandomProduct(P02_ProductsPage.java:61)] - the numbers is [1, 2, 3]
[INFO] 08-11-2024 16:07:18 [main] [Pages.P02_ProductsPage.ProductPagePrices(P02_ProductsPage.java:82)] - 29.99
[INFO] 08-11-2024 16:07:18 [main] [Pages.P02_ProductsPage.ProductPagePrices(P02_ProductsPage.java:82)] - 9.99
[INFO] 08-11-2024 16:07:18 [main] [Pages.P02_ProductsPage.ProductPagePrices(P02_ProductsPage.java:82)] - 15.99
[INFO] 08-11-2024 16:07:18 [main] [Pages.P02_ProductsPage.ProductPagePrices(P02_ProductsPage.java:88)] - 31.98
[INFO] 08-11-2024 16:08:35 [main] [Listeners.Itest.onTestSuccess(Itest.java:10)] - TestCaseCheckThePriceSmeInCartPassed
[INFO] 08-11-2024 16:08:49 [main] [Listeners.Itest.onTestStart(Itest.java:18)] - TestCase CheckThePriceSmeInCartStarted
[INFO] 08-11-2024 16:08:59 [main] [Pages.P02_ProductsPage.selectRandomProduct(P02_ProductsPage.java:61)] - the numbers is [2, 5, 6]
[INFO] 08-11-2024 16:09:03 [main] [Pages.P02_ProductsPage.ProductPagePrices(P02_ProductsPage.java:82)] - 9.99
[INFO] 08-11-2024 16:09:03 [main] [Pages.P02_ProductsPage.ProductPagePrices(P02_ProductsPage.java:82)] - 7.99
[INFO] 08-11-2024 16:09:03 [main] [Pages.P02_ProductsPage.ProductPagePrices(P02_ProductsPage.java:82)] - 15.99
[INFO] 08-11-2024 16:09:03 [main] [Pages.P02_ProductsPage.ProductPagePrices(P02_ProductsPage.java:88)] - 31.98
[INFO] 08-11-2024 16:09:44 [main] [Listeners.Itest.onTestSuccess(Itest.java:10)] - TestCaseCheckThePriceSmeInCartPassed
[INFO] 08-11-2024 16:10:00 [main] [Listeners.Itest.onTestStart(Itest.java:18)] - TestCase CheckThePriceSmeInCartStarted
[INFO] 08-11-2024 16:10:05 [main] [Pages.P02_ProductsPage.selectRandomProduct(P02_ProductsPage.java:61)] - the numbers is [3, 5, 6]
[INFO] 08-11-2024 16:10:06 [main] [Pages.P02_ProductsPage.ProductPagePrices(P02_ProductsPage.java:82)] - 15.99
[INFO] 08-11-2024 16:10:06 [main] [Pages.P02_ProductsPage.ProductPagePrices(P02_ProductsPage.java:82)] - 7.99
[INFO] 08-11-2024 16:10:07 [main] [Pages.P02_ProductsPage.ProductPagePrices(P02_ProductsPage.java:82)] - 15.99
[INFO] 08-11-2024 16:10:07 [main] [Pages.P02_ProductsPage.ProductPagePrices(P02_ProductsPage.java:88)] - 31.979999542236328
[INFO] 08-11-2024 16:11:05 [main] [Listeners.Itest.onTestSuccess(Itest.java:10)] - TestCaseCheckThePriceSmeInCartPassed
[INFO] 08-11-2024 16:11:20 [main] [Listeners.Itest.onTestStart(Itest.java:18)] - TestCase CheckThePriceSmeInCartStarted
[INFO] 08-11-2024 16:11:29 [main] [Pages.P02_ProductsPage.selectRandomProduct(P02_ProductsPage.java:61)] - the numbers is [3, 4, 5]
[INFO] 08-11-2024 16:11:31 [main] [Pages.P02_ProductsPage.ProductPagePrices(P02_ProductsPage.java:82)] - 15.99
[INFO] 08-11-2024 16:11:31 [main] [Pages.P02_ProductsPage.ProductPagePrices(P02_ProductsPage.java:82)] - 49.99
[INFO] 08-11-2024 16:11:31 [main] [Pages.P02_ProductsPage.ProductPagePrices(P02_ProductsPage.java:82)] - 7.99
[INFO] 08-11-2024 16:11:31 [main] [Pages.P02_ProductsPage.ProductPagePrices(P02_ProductsPage.java:88)] - 7.989999771118164
[INFO] 08-11-2024 16:11:40 [main] [Listeners.Itest.onTestSuccess(Itest.java:10)] - TestCaseCheckThePriceSmeInCartPassed
[INFO] 08-11-2024 16:16:18 [main] [Listeners.Itest.onTestStart(Itest.java:18)] - TestCase CheckThePriceSmeInCartStarted
[INFO] 08-11-2024 16:16:25 [main] [Pages.P02_ProductsPage.selectRandomProduct(P02_ProductsPage.java:61)] - the numbers is [2, 4, 5]
[INFO] 08-11-2024 16:16:26 [main] [Pages.P02_ProductsPage.ProductPagePrices(P02_ProductsPage.java:85)] - 9.99
[INFO] 08-11-2024 16:16:26 [main] [Pages.P02_ProductsPage.ProductPagePrices(P02_ProductsPage.java:85)] - 49.99
[INFO] 08-11-2024 16:16:26 [main] [Pages.P02_ProductsPage.ProductPagePrices(P02_ProductsPage.java:85)] - 7.99
[INFO] 08-11-2024 16:16:26 [main] [Pages.P02_ProductsPage.ProductPagePrices(P02_ProductsPage.java:91)] - Total Prices67.97000122070312
[INFO] 08-11-2024 16:16:54 [main] [Listeners.Itest.onTestSuccess(Itest.java:10)] - TestCaseCheckThePriceSmeInCartPassed
[INFO] 08-11-2024 16:17:11 [main] [Listeners.Itest.onTestStart(Itest.java:18)] - TestCase CheckThePriceSmeInCartStarted
[INFO] 08-11-2024 16:17:51 [main] [Pages.P02_ProductsPage.selectRandomProduct(P02_ProductsPage.java:61)] - the numbers is [1, 3, 4]
[INFO] 08-11-2024 16:17:52 [main] [Pages.P02_ProductsPage.ProductPagePrices(P02_ProductsPage.java:85)] - 29.99
[INFO] 08-11-2024 16:17:52 [main] [Pages.P02_ProductsPage.ProductPagePrices(P02_ProductsPage.java:85)] - 15.99
[INFO] 08-11-2024 16:17:52 [main] [Pages.P02_ProductsPage.ProductPagePrices(P02_ProductsPage.java:85)] - 49.99
[INFO] 08-11-2024 16:17:52 [main] [Pages.P02_ProductsPage.ProductPagePrices(P02_ProductsPage.java:91)] - Total Prices95.97000122070312
[INFO] 08-11-2024 16:18:23 [main] [Listeners.Itest.onTestSuccess(Itest.java:10)] - TestCaseCheckThePriceSmeInCartPassed
[INFO] 08-11-2024 16:18:37 [main] [Listeners.Itest.onTestStart(Itest.java:18)] - TestCase CheckThePriceSmeInCartStarted
[INFO] 08-11-2024 16:19:23 [main] [Pages.P02_ProductsPage.selectRandomProduct(P02_ProductsPage.java:61)] - the numbers is [1, 2, 4]
[INFO] 08-11-2024 16:19:30 [main] [Pages.P02_ProductsPage.ProductPagePrices(P02_ProductsPage.java:85)] - 29.99
[INFO] 08-11-2024 16:19:30 [main] [Pages.P02_ProductsPage.ProductPagePrices(P02_ProductsPage.java:85)] - 9.99
[INFO] 08-11-2024 16:19:30 [main] [Pages.P02_ProductsPage.ProductPagePrices(P02_ProductsPage.java:85)] - 49.99
[INFO] 08-11-2024 16:19:30 [main] [Pages.P02_ProductsPage.ProductPagePrices(P02_ProductsPage.java:91)] - Total Prices379.86000061035156
[INFO] 08-11-2024 16:19:42 [main] [Listeners.Itest.onTestSuccess(Itest.java:10)] - TestCaseCheckThePriceSmeInCartPassed
[INFO] 08-11-2024 16:19:56 [main] [Listeners.Itest.onTestStart(Itest.java:18)] - TestCase CheckThePriceSmeInCartStarted
[INFO] 08-11-2024 16:20:37 [main] [Pages.P02_ProductsPage.selectRandomProduct(P02_ProductsPage.java:61)] - the numbers is [2, 3, 6]
[INFO] 08-11-2024 16:20:39 [main] [Pages.P02_ProductsPage.ProductPagePrices(P02_ProductsPage.java:85)] - 9.99
[INFO] 08-11-2024 16:20:40 [main] [Pages.P02_ProductsPage.ProductPagePrices(P02_ProductsPage.java:85)] - 15.99
[INFO] 08-11-2024 16:20:40 [main] [Pages.P02_ProductsPage.ProductPagePrices(P02_ProductsPage.java:85)] - 15.99
[INFO] 08-11-2024 16:20:40 [main] [Pages.P02_ProductsPage.ProductPagePrices(P02_ProductsPage.java:91)] - Total Prices31.979999542236328
[INFO] 08-11-2024 16:21:07 [main] [Listeners.Itest.onTestSuccess(Itest.java:10)] - TestCaseCheckThePriceSmeInCartPassed
[INFO] 08-11-2024 16:26:00 [main] [Listeners.Itest.onTestStart(Itest.java:18)] - TestCase CheckThePriceSmeInCartStarted
[INFO] 08-11-2024 16:26:15 [main] [Pages.P02_ProductsPage.selectRandomProduct(P02_ProductsPage.java:61)] - the numbers is [1, 5, 6]
[INFO] 08-11-2024 16:26:24 [main] [Pages.P03_CartPage.CartPagePrices(P03_CartPage.java:43)] - 29.99
[INFO] 08-11-2024 16:26:24 [main] [Pages.P03_CartPage.CartPagePrices(P03_CartPage.java:43)] - 7.99
[INFO] 08-11-2024 16:26:25 [main] [Pages.P03_CartPage.CartPagePrices(P03_CartPage.java:43)] - 15.99
[INFO] 08-11-2024 16:26:25 [main] [Pages.P03_CartPage.CartPagePrices(P03_CartPage.java:48)] - Total Prices53.96999931335449
[INFO] 08-11-2024 16:29:07 [main] [Listeners.Itest.onTestSuccess(Itest.java:10)] - TestCaseCheckThePriceSmeInCartPassed
[INFO] 08-11-2024 16:29:23 [main] [Listeners.Itest.onTestStart(Itest.java:18)] - TestCase CheckThePriceSmeInCartStarted
[INFO] 08-11-2024 16:29:32 [main] [Pages.P02_ProductsPage.selectRandomProduct(P02_ProductsPage.java:61)] - the numbers is [2, 4, 5]
[INFO] 08-11-2024 16:29:36 [main] [Pages.P03_CartPage.CartPagePrices(P03_CartPage.java:43)] - 9.99
[INFO] 08-11-2024 16:29:37 [main] [Pages.P03_CartPage.CartPagePrices(P03_CartPage.java:43)] - 9.99
[INFO] 08-11-2024 16:29:37 [main] [Pages.P03_CartPage.CartPagePrices(P03_CartPage.java:43)] - 9.99
[INFO] 08-11-2024 16:29:37 [main] [Pages.P03_CartPage.CartPagePrices(P03_CartPage.java:48)] - Total Prices29.97
[INFO] 08-11-2024 16:31:34 [main] [Listeners.Itest.onTestSuccess(Itest.java:10)] - TestCaseCheckThePriceSmeInCartPassed
[INFO] 08-11-2024 16:49:31 [main] [Listeners.Itest.onTestStart(Itest.java:18)] - TestCase CheckThePriceSmeInCartStarted
[INFO] 08-11-2024 16:49:33 [main] [Pages.P02_ProductsPage.selectRandomProduct(P02_ProductsPage.java:61)] - the numbers is [1, 3, 4]
[INFO] 08-11-2024 16:49:33 [main] [Pages.P02_ProductsPage.ProductPagePrices(P02_ProductsPage.java:85)] - 29.99
[INFO] 08-11-2024 16:49:33 [main] [Pages.P02_ProductsPage.ProductPagePrices(P02_ProductsPage.java:85)] - 15.99
[INFO] 08-11-2024 16:49:33 [main] [Pages.P02_ProductsPage.ProductPagePrices(P02_ProductsPage.java:85)] - 49.99
[INFO] 08-11-2024 16:49:33 [main] [Pages.P02_ProductsPage.ProductPagePrices(P02_ProductsPage.java:90)] - Total Prices95.97
[INFO] 08-11-2024 16:49:33 [main] [Pages.P03_CartPage.CartPagePrices(P03_CartPage.java:43)] - 29.99
[INFO] 08-11-2024 16:49:33 [main] [Pages.P03_CartPage.CartPagePrices(P03_CartPage.java:43)] - 29.99
[INFO] 08-11-2024 16:49:33 [main] [Pages.P03_CartPage.CartPagePrices(P03_CartPage.java:43)] - 29.99
[INFO] 08-11-2024 16:49:33 [main] [Pages.P03_CartPage.CartPagePrices(P03_CartPage.java:43)] - 29.99
[INFO] 08-11-2024 16:49:34 [main] [Pages.P03_CartPage.CartPagePrices(P03_CartPage.java:43)] - 29.99
[INFO] 08-11-2024 16:49:34 [main] [Pages.P03_CartPage.CartPagePrices(P03_CartPage.java:43)] - 29.99
[INFO] 08-11-2024 16:49:34 [main] [Pages.P03_CartPage.CartPagePrices(P03_CartPage.java:48)] - Total Prices179.94
[INFO] 08-11-2024 16:49:34 [main] [Pages.P03_CartPage.CartPagePrices(P03_CartPage.java:43)] - 29.99
[INFO] 08-11-2024 16:49:34 [main] [Pages.P03_CartPage.CartPagePrices(P03_CartPage.java:43)] - 29.99
[INFO] 08-11-2024 16:49:34 [main] [Pages.P03_CartPage.CartPagePrices(P03_CartPage.java:43)] - 29.99
[INFO] 08-11-2024 16:49:34 [main] [Pages.P03_CartPage.CartPagePrices(P03_CartPage.java:43)] - 29.99
[INFO] 08-11-2024 16:49:34 [main] [Pages.P03_CartPage.CartPagePrices(P03_CartPage.java:43)] - 29.99
[INFO] 08-11-2024 16:49:34 [main] [Pages.P03_CartPage.CartPagePrices(P03_CartPage.java:43)] - 29.99
[INFO] 08-11-2024 16:49:34 [main] [Pages.P03_CartPage.CartPagePrices(P03_CartPage.java:48)] - Total Prices359.87997
[INFO] 08-11-2024 16:50:26 [main] [Listeners.Itest.onTestStart(Itest.java:18)] - TestCase CheckThePriceSmeInCartStarted
[INFO] 08-11-2024 16:50:34 [main] [Pages.P02_ProductsPage.selectRandomProduct(P02_ProductsPage.java:61)] - the numbers is [3, 4, 6]
[INFO] 08-11-2024 16:50:37 [main] [Pages.P02_ProductsPage.ProductPagePrices(P02_ProductsPage.java:85)] - 15.99
[INFO] 08-11-2024 16:50:37 [main] [Pages.P02_ProductsPage.ProductPagePrices(P02_ProductsPage.java:85)] - 49.99
[INFO] 08-11-2024 16:50:38 [main] [Pages.P02_ProductsPage.ProductPagePrices(P02_ProductsPage.java:85)] - 15.99
[INFO] 08-11-2024 16:50:38 [main] [Pages.P02_ProductsPage.ProductPagePrices(P02_ProductsPage.java:90)] - Total Prices81.97
[INFO] 08-11-2024 16:51:07 [main] [Listeners.Itest.onTestSuccess(Itest.java:10)] - TestCaseCheckThePriceSmeInCartPassed
[INFO] 08-11-2024 16:51:38 [main] [Listeners.Itest.onTestStart(Itest.java:18)] - TestCase CheckThePriceSmeInCartStarted
[INFO] 08-11-2024 16:51:44 [main] [Pages.P02_ProductsPage.selectRandomProduct(P02_ProductsPage.java:61)] - the numbers is [4, 5, 6]
[INFO] 08-11-2024 16:51:45 [main] [Pages.P02_ProductsPage.ProductPagePrices(P02_ProductsPage.java:85)] - 49.99
[INFO] 08-11-2024 16:51:45 [main] [Pages.P02_ProductsPage.ProductPagePrices(P02_ProductsPage.java:85)] - 7.99
[INFO] 08-11-2024 16:51:45 [main] [Pages.P02_ProductsPage.ProductPagePrices(P02_ProductsPage.java:85)] - 15.99
[INFO] 08-11-2024 16:51:45 [main] [Pages.P02_ProductsPage.ProductPagePrices(P02_ProductsPage.java:90)] - Total Prices73.97
[INFO] 08-11-2024 16:51:52 [main] [Pages.P03_CartPage.CartPagePrices(P03_CartPage.java:43)] - 29.99
[INFO] 08-11-2024 16:51:52 [main] [Pages.P03_CartPage.CartPagePrices(P03_CartPage.java:43)] - 29.99
[INFO] 08-11-2024 16:51:52 [main] [Pages.P03_CartPage.CartPagePrices(P03_CartPage.java:43)] - 29.99
[INFO] 08-11-2024 16:51:53 [main] [Pages.P03_CartPage.CartPagePrices(P03_CartPage.java:43)] - 29.99
[INFO] 08-11-2024 16:51:53 [main] [Pages.P03_CartPage.CartPagePrices(P03_CartPage.java:43)] - 29.99
[INFO] 08-11-2024 16:51:53 [main] [Pages.P03_CartPage.CartPagePrices(P03_CartPage.java:43)] - 29.99
[INFO] 08-11-2024 16:51:53 [main] [Pages.P03_CartPage.CartPagePrices(P03_CartPage.java:48)] - Total Prices179.94
[INFO] 08-11-2024 16:52:47 [main] [Listeners.Itest.onTestSuccess(Itest.java:10)] - TestCaseCheckThePriceSmeInCartPassed
[INFO] 08-11-2024 16:53:02 [main] [Listeners.Itest.onTestStart(Itest.java:18)] - TestCase CheckThePriceSmeInCartStarted
[INFO] 08-11-2024 16:53:17 [main] [Pages.P02_ProductsPage.selectRandomProduct(P02_ProductsPage.java:61)] - the numbers is [1, 4, 6]
[INFO] 08-11-2024 16:53:19 [main] [Pages.P02_ProductsPage.ProductPagePrices(P02_ProductsPage.java:85)] - 29.99
[INFO] 08-11-2024 16:53:19 [main] [Pages.P02_ProductsPage.ProductPagePrices(P02_ProductsPage.java:85)] - 49.99
[INFO] 08-11-2024 16:53:19 [main] [Pages.P02_ProductsPage.ProductPagePrices(P02_ProductsPage.java:85)] - 15.99
[INFO] 08-11-2024 16:53:19 [main] [Pages.P02_ProductsPage.ProductPagePrices(P02_ProductsPage.java:90)] - Total Prices95.97
[INFO] 08-11-2024 16:53:25 [main] [Pages.P03_CartPage.CartPagePrices(P03_CartPage.java:43)] - 29.99
[INFO] 08-11-2024 16:53:25 [main] [Pages.P03_CartPage.CartPagePrices(P03_CartPage.java:43)] - 9.99
[INFO] 08-11-2024 16:53:25 [main] [Pages.P03_CartPage.CartPagePrices(P03_CartPage.java:43)] - 15.99
[INFO] 08-11-2024 16:53:25 [main] [Pages.P03_CartPage.CartPagePrices(P03_CartPage.java:43)] - 49.99
[INFO] 08-11-2024 16:53:25 [main] [Pages.P03_CartPage.CartPagePrices(P03_CartPage.java:43)] - 7.99
[INFO] 08-11-2024 16:53:25 [main] [Pages.P03_CartPage.CartPagePrices(P03_CartPage.java:43)] - 15.99
[INFO] 08-11-2024 16:53:26 [main] [Pages.P03_CartPage.CartPagePrices(P03_CartPage.java:48)] - Total Prices129.94
[INFO] 08-11-2024 16:53:51 [main] [Listeners.Itest.onTestSuccess(Itest.java:10)] - TestCaseCheckThePriceSmeInCartPassed
[INFO] 08-11-2024 16:54:05 [main] [Listeners.Itest.onTestStart(Itest.java:18)] - TestCase CheckThePriceSmeInCartStarted
[INFO] 08-11-2024 16:54:12 [main] [Pages.P02_ProductsPage.selectRandomProduct(P02_ProductsPage.java:61)] - the numbers is [1, 3, 5]
[INFO] 08-11-2024 16:54:14 [main] [Pages.P02_ProductsPage.ProductPagePrices(P02_ProductsPage.java:85)] - 29.99
[INFO] 08-11-2024 16:54:14 [main] [Pages.P02_ProductsPage.ProductPagePrices(P02_ProductsPage.java:85)] - 15.99
[INFO] 08-11-2024 16:54:14 [main] [Pages.P02_ProductsPage.ProductPagePrices(P02_ProductsPage.java:85)] - 7.99
[INFO] 08-11-2024 16:54:14 [main] [Pages.P02_ProductsPage.ProductPagePrices(P02_ProductsPage.java:90)] - Total Prices53.97
[INFO] 08-11-2024 16:54:43 [main] [Pages.P03_CartPage.CartPagePrices(P03_CartPage.java:43)] - 29.99
[INFO] 08-11-2024 16:54:43 [main] [Pages.P03_CartPage.CartPagePrices(P03_CartPage.java:43)] - 9.99
[INFO] 08-11-2024 16:54:43 [main] [Pages.P03_CartPage.CartPagePrices(P03_CartPage.java:43)] - 15.99
[INFO] 08-11-2024 16:54:43 [main] [Pages.P03_CartPage.CartPagePrices(P03_CartPage.java:43)] - 49.99
[INFO] 08-11-2024 16:54:43 [main] [Pages.P03_CartPage.CartPagePrices(P03_CartPage.java:43)] - 7.99
[INFO] 08-11-2024 16:54:43 [main] [Pages.P03_CartPage.CartPagePrices(P03_CartPage.java:43)] - 15.99
[INFO] 08-11-2024 16:54:43 [main] [Pages.P03_CartPage.CartPagePrices(P03_CartPage.java:48)] - Total Prices129.94
[INFO] 08-11-2024 16:54:57 [main] [Listeners.Itest.onTestSuccess(Itest.java:10)] - TestCaseCheckThePriceSmeInCartPassed
[INFO] 08-11-2024 16:56:00 [main] [Listeners.Itest.onTestStart(Itest.java:18)] - TestCase CheckThePriceSmeInCartStarted
[INFO] 08-11-2024 16:56:07 [main] [Pages.P02_ProductsPage.selectRandomProduct(P02_ProductsPage.java:61)] - the numbers is [3, 4, 6]
[INFO] 08-11-2024 16:56:08 [main] [Pages.P02_ProductsPage.ProductPagePrices(P02_ProductsPage.java:85)] - 15.99
[INFO] 08-11-2024 16:56:08 [main] [Pages.P02_ProductsPage.ProductPagePrices(P02_ProductsPage.java:85)] - 49.99
[INFO] 08-11-2024 16:56:08 [main] [Pages.P02_ProductsPage.ProductPagePrices(P02_ProductsPage.java:85)] - 15.99
[INFO] 08-11-2024 16:56:08 [main] [Pages.P02_ProductsPage.ProductPagePrices(P02_ProductsPage.java:90)] - Total Prices81.97
[INFO] 08-11-2024 16:56:27 [main] [Pages.P03_CartPage.CartPagePrices(P03_CartPage.java:43)] - 15.99
[INFO] 08-11-2024 16:56:27 [main] [Pages.P03_CartPage.CartPagePrices(P03_CartPage.java:43)] - 49.99
[INFO] 08-11-2024 16:56:27 [main] [Pages.P03_CartPage.CartPagePrices(P03_CartPage.java:43)] - 15.99
[INFO] 08-11-2024 16:56:27 [main] [Pages.P03_CartPage.CartPagePrices(P03_CartPage.java:48)] - Total Prices81.97
[INFO] 08-11-2024 16:56:38 [main] [Listeners.Itest.onTestSuccess(Itest.java:10)] - TestCaseCheckThePriceSmeInCartPassed
[INFO] 08-11-2024 16:56:52 [main] [Listeners.Itest.onTestStart(Itest.java:18)] - TestCase CheckThePriceSmeInCartStarted
[INFO] 08-11-2024 16:56:53 [main] [Pages.P02_ProductsPage.selectRandomProduct(P02_ProductsPage.java:61)] - the numbers is [1, 3, 5]
[INFO] 08-11-2024 16:56:53 [main] [Pages.P02_ProductsPage.ProductPagePrices(P02_ProductsPage.java:85)] - 29.99
[INFO] 08-11-2024 16:56:54 [main] [Pages.P02_ProductsPage.ProductPagePrices(P02_ProductsPage.java:85)] - 15.99
[INFO] 08-11-2024 16:56:54 [main] [Pages.P02_ProductsPage.ProductPagePrices(P02_ProductsPage.java:85)] - 7.99
[INFO] 08-11-2024 16:56:54 [main] [Pages.P02_ProductsPage.ProductPagePrices(P02_ProductsPage.java:90)] - Total Prices53.97
[INFO] 08-11-2024 16:56:54 [main] [Pages.P03_CartPage.CartPagePrices(P03_CartPage.java:43)] - 29.99
[INFO] 08-11-2024 16:56:54 [main] [Pages.P03_CartPage.CartPagePrices(P03_CartPage.java:43)] - 15.99
[INFO] 08-11-2024 16:56:54 [main] [Pages.P03_CartPage.CartPagePrices(P03_CartPage.java:43)] - 7.99
[INFO] 08-11-2024 16:56:54 [main] [Pages.P03_CartPage.CartPagePrices(P03_CartPage.java:48)] - Total Prices53.97
[INFO] 08-11-2024 16:56:54 [main] [Pages.P03_CartPage.CartPagePrices(P03_CartPage.java:43)] - 29.99
[INFO] 08-11-2024 16:56:54 [main] [Pages.P03_CartPage.CartPagePrices(P03_CartPage.java:43)] - 15.99
[INFO] 08-11-2024 16:56:54 [main] [Pages.P03_CartPage.CartPagePrices(P03_CartPage.java:43)] - 7.99
[INFO] 08-11-2024 16:56:54 [main] [Pages.P03_CartPage.CartPagePrices(P03_CartPage.java:48)] - Total Prices107.939995
[INFO] 08-11-2024 16:57:52 [main] [Listeners.Itest.onTestStart(Itest.java:18)] - TestCase CheckThePriceSmeInCartStarted
[INFO] 08-11-2024 16:57:53 [main] [Pages.P02_ProductsPage.selectRandomProduct(P02_ProductsPage.java:61)] - the numbers is [2, 5, 6]
[INFO] 08-11-2024 16:57:53 [main] [Pages.P02_ProductsPage.ProductPagePrices(P02_ProductsPage.java:85)] - 9.99
[INFO] 08-11-2024 16:57:53 [main] [Pages.P02_ProductsPage.ProductPagePrices(P02_ProductsPage.java:85)] - 7.99
[INFO] 08-11-2024 16:57:53 [main] [Pages.P02_ProductsPage.ProductPagePrices(P02_ProductsPage.java:85)] - 15.99
[INFO] 08-11-2024 16:57:53 [main] [Pages.P02_ProductsPage.ProductPagePrices(P02_ProductsPage.java:90)] - Total Prices33.97
[INFO] 08-11-2024 16:57:54 [main] [Pages.P03_CartPage.CartPagePrices(P03_CartPage.java:43)] - 9.99
[INFO] 08-11-2024 16:57:54 [main] [Pages.P03_CartPage.CartPagePrices(P03_CartPage.java:43)] - 7.99
[INFO] 08-11-2024 16:57:54 [main] [Pages.P03_CartPage.CartPagePrices(P03_CartPage.java:43)] - 15.99
[INFO] 08-11-2024 16:57:54 [main] [Pages.P03_CartPage.CartPagePrices(P03_CartPage.java:48)] - Total Prices33.97
[INFO] 08-11-2024 16:57:54 [main] [Pages.P03_CartPage.CartPagePrices(P03_CartPage.java:43)] - 9.99
[INFO] 08-11-2024 16:57:54 [main] [Pages.P03_CartPage.CartPagePrices(P03_CartPage.java:43)] - 7.99
[INFO] 08-11-2024 16:57:54 [main] [Pages.P03_CartPage.CartPagePrices(P03_CartPage.java:43)] - 15.99
[INFO] 08-11-2024 16:57:54 [main] [Pages.P03_CartPage.CartPagePrices(P03_CartPage.java:48)] - Total Prices33.97
[INFO] 08-11-2024 16:57:54 [main] [Listeners.Itest.onTestSuccess(Itest.java:10)] - TestCaseCheckThePriceSmeInCartPassed
[INFO] 08-11-2024 17:01:13 [main] [Listeners.Itest.onTestStart(Itest.java:18)] - TestCase CheckThePriceSmeInCartStarted
[INFO] 08-11-2024 17:01:15 [main] [Pages.P02_ProductsPage.selectRandomProduct(P02_ProductsPage.java:61)] - the numbers is [2, 5, 6]
[INFO] 08-11-2024 17:01:15 [main] [Pages.P02_ProductsPage.ProductPagePrices(P02_ProductsPage.java:89)] - Total Prices33.97
[INFO] 08-11-2024 17:01:16 [main] [Pages.P03_CartPage.CartPagePrices(P03_CartPage.java:47)] - Total Prices33.97
[INFO] 08-11-2024 17:01:16 [main] [Pages.P03_CartPage.CartPagePrices(P03_CartPage.java:47)] - Total Prices33.97
[INFO] 08-11-2024 17:01:16 [main] [Listeners.Itest.onTestSuccess(Itest.java:10)] - TestCaseCheckThePriceSmeInCartPassed
[INFO] 08-11-2024 19:37:27 [main] [Listeners.Itest.onTestStart(Itest.java:18)] - TestCase CheckThePriceSmeInCartStarted
[INFO] 08-11-2024 19:37:30 [main] [Pages.P02_ProductsPage.selectRandomProduct(P02_ProductsPage.java:63)] - the numbers is [2, 4, 6]
[INFO] 08-11-2024 19:37:31 [main] [Pages.P02_ProductsPage.ProductPagePrices(P02_ProductsPage.java:91)] - Total Prices75.97
[INFO] 08-11-2024 19:37:31 [main] [Pages.P03_CartPage.CartPagePrices(P03_CartPage.java:49)] - Total Prices75.97
[INFO] 08-11-2024 19:37:32 [main] [Pages.P03_CartPage.CartPagePrices(P03_CartPage.java:49)] - Total Prices75.97
[INFO] 08-11-2024 19:37:32 [main] [Listeners.Itest.onTestSuccess(Itest.java:10)] - TestCaseCheckThePriceSmeInCartPassed
[INFO] 08-11-2024 19:37:49 [main] [Listeners.Itest.onTestStart(Itest.java:18)] - TestCase CheckThePriceSmeInCartStarted
[INFO] 08-11-2024 19:37:50 [main] [Pages.P02_ProductsPage.selectRandomProduct(P02_ProductsPage.java:63)] - the numbers is [1, 3, 6]
[INFO] 08-11-2024 19:37:51 [main] [Pages.P02_ProductsPage.ProductPagePrices(P02_ProductsPage.java:91)] - Total Prices61.97
[INFO] 08-11-2024 19:37:51 [main] [Pages.P03_CartPage.CartPagePrices(P03_CartPage.java:49)] - Total Prices61.97
[INFO] 08-11-2024 19:37:51 [main] [Pages.P03_CartPage.CartPagePrices(P03_CartPage.java:49)] - Total Prices61.97
[INFO] 08-11-2024 19:37:51 [main] [Listeners.Itest.onTestSuccess(Itest.java:10)] - TestCaseCheckThePriceSmeInCartPassed
[INFO] 08-11-2024 19:38:14 [main] [Listeners.Itest.onTestStart(Itest.java:18)] - TestCase CheckThePriceSmeInCartStarted
[INFO] 08-11-2024 19:38:16 [main] [Pages.P02_ProductsPage.selectRandomProduct(P02_ProductsPage.java:63)] - the numbers is [2, 5, 6]
[INFO] 08-11-2024 19:38:17 [main] [Pages.P02_ProductsPage.ProductPagePrices(P02_ProductsPage.java:91)] - Total Prices33.97
[INFO] 08-11-2024 19:38:17 [main] [Pages.P03_CartPage.CartPagePrices(P03_CartPage.java:49)] - Total Prices33.97
[INFO] 08-11-2024 19:38:17 [main] [Pages.P03_CartPage.CartPagePrices(P03_CartPage.java:49)] - Total Prices33.97
[INFO] 08-11-2024 19:38:18 [main] [Listeners.Itest.onTestSuccess(Itest.java:10)] - TestCaseCheckThePriceSmeInCartPassed
[INFO] 08-11-2024 19:38:38 [main] [Listeners.Itest.onTestStart(Itest.java:18)] - TestCase CheckThePriceSmeInCartStarted
[INFO] 08-11-2024 19:38:39 [main] [Pages.P02_ProductsPage.selectRandomProduct(P02_ProductsPage.java:63)] - the numbers is [2, 5, 6]
[INFO] 08-11-2024 19:38:40 [main] [Pages.P02_ProductsPage.ProductPagePrices(P02_ProductsPage.java:91)] - Total Prices33.97
[INFO] 08-11-2024 19:38:40 [main] [Pages.P03_CartPage.CartPagePrices(P03_CartPage.java:49)] - Total Prices33.97
[INFO] 08-11-2024 19:38:40 [main] [Pages.P03_CartPage.CartPagePrices(P03_CartPage.java:49)] - Total Prices33.97
[INFO] 08-11-2024 19:38:40 [main] [Listeners.Itest.onTestSuccess(Itest.java:10)] - TestCaseCheckThePriceSmeInCartPassed
[INFO] 08-11-2024 19:38:59 [main] [Listeners.Itest.onTestStart(Itest.java:18)] - TestCase CheckThePriceSmeInCartStarted
[INFO] 08-11-2024 19:39:00 [main] [Pages.P02_ProductsPage.selectRandomProduct(P02_ProductsPage.java:63)] - the numbers is [1, 2, 4]
[INFO] 08-11-2024 19:39:01 [main] [Pages.P02_ProductsPage.ProductPagePrices(P02_ProductsPage.java:91)] - Total Prices89.97
[INFO] 08-11-2024 19:39:01 [main] [Pages.P03_CartPage.CartPagePrices(P03_CartPage.java:49)] - Total Prices89.97
[INFO] 08-11-2024 19:39:01 [main] [Pages.P03_CartPage.CartPagePrices(P03_CartPage.java:49)] - Total Prices89.97
[INFO] 08-11-2024 19:39:01 [main] [Listeners.Itest.onTestSuccess(Itest.java:10)] - TestCaseCheckThePriceSmeInCartPassed
[INFO] 08-11-2024 19:39:36 [main] [Listeners.Itest.onTestStart(Itest.java:18)] - TestCase CheckThePriceSmeInCartStarted
[INFO] 08-11-2024 19:40:02 [main] [Listeners.Itest.onTestStart(Itest.java:18)] - TestCase CheckThePriceSmeInCartStarted
[INFO] 08-11-2024 19:40:06 [main] [Pages.P02_ProductsPage.selectRandomProduct(P02_ProductsPage.java:63)] - the numbers is [1, 3, 5]
[INFO] 08-11-2024 19:40:07 [main] [Pages.P02_ProductsPage.ProductPagePrices(P02_ProductsPage.java:91)] - Total Prices53.97
[INFO] 08-11-2024 19:40:07 [main] [Pages.P03_CartPage.CartPagePrices(P03_CartPage.java:49)] - Total Prices53.97
[INFO] 08-11-2024 19:40:07 [main] [Pages.P03_CartPage.CartPagePrices(P03_CartPage.java:49)] - Total Prices53.97
[INFO] 08-11-2024 19:40:07 [main] [Listeners.Itest.onTestSuccess(Itest.java:10)] - TestCaseCheckThePriceSmeInCartPassed
[INFO] 08-11-2024 19:40:42 [main] [Listeners.Itest.onTestStart(Itest.java:18)] - TestCase CheckThePriceSmeInCartStarted
[INFO] 08-11-2024 19:40:43 [main] [Pages.P02_ProductsPage.selectRandomProduct(P02_ProductsPage.java:63)] - the numbers is [2, 4, 5]
[INFO] 08-11-2024 19:40:43 [main] [Pages.P02_ProductsPage.ProductPagePrices(P02_ProductsPage.java:91)] - Total Prices67.97
[INFO] 08-11-2024 19:40:44 [main] [Pages.P03_CartPage.CartPagePrices(P03_CartPage.java:49)] - Total Prices67.97
[INFO] 08-11-2024 19:40:44 [main] [Pages.P03_CartPage.CartPagePrices(P03_CartPage.java:49)] - Total Prices67.97
[INFO] 08-11-2024 19:40:44 [main] [Listeners.Itest.onTestSuccess(Itest.java:10)] - TestCaseCheckThePriceSmeInCartPassed
[INFO] 08-11-2024 19:42:56 [main] [Listeners.Itest.onTestStart(Itest.java:18)] - TestCase CheckRedirectTocartStarted
[INFO] 08-11-2024 19:42:59 [main] [Pages.P03_CartPage.CheckPage(P03_CartPage.java:27)] - https://www.saucedemo.com/v1/cart.html
[INFO] 08-11-2024 19:42:59 [main] [Listeners.Itest.onTestSuccess(Itest.java:10)] - TestCaseCheckRedirectTocartPassed
[INFO] 08-11-2024 19:43:03 [main] [Listeners.Itest.onTestStart(Itest.java:18)] - TestCase CheckThePriceSmeInCartStarted
[INFO] 08-11-2024 19:43:06 [main] [Listeners.Itest.onTestStart(Itest.java:18)] - TestCase CheckTheQuantityStarted
[INFO] 08-11-2024 19:43:29 [main] [Listeners.Itest.onTestStart(Itest.java:18)] - TestCase CheckRedirectTocartStarted
[INFO] 08-11-2024 19:43:38 [main] [Listeners.Itest.onTestStart(Itest.java:18)] - TestCase CheckRedirectTocartStarted
[INFO] 08-11-2024 19:43:42 [main] [Listeners.Itest.onTestStart(Itest.java:18)] - TestCase CheckThePriceSmeInCartStarted
[INFO] 08-11-2024 19:43:45 [main] [Listeners.Itest.onTestStart(Itest.java:18)] - TestCase CheckThePriceSmeInCartStarted
[INFO] 08-11-2024 19:43:49 [main] [Listeners.Itest.onTestStart(Itest.java:18)] - TestCase CheckTheQuantityStarted
[INFO] 08-11-2024 19:47:50 [main] [Listeners.Itest.onTestStart(Itest.java:18)] - TestCase CheckRedirectTocartStarted
[INFO] 08-11-2024 19:47:51 [main] [Pages.P03_CartPage.CheckPage(P03_CartPage.java:27)] - https://www.saucedemo.com/v1/cart.html
[INFO] 08-11-2024 19:47:51 [main] [Listeners.Itest.onTestSuccess(Itest.java:10)] - TestCaseCheckRedirectTocartPassed
[INFO] 08-11-2024 19:48:23 [main] [Listeners.Itest.onTestStart(Itest.java:18)] - TestCase CheckRedirectTocartStarted
[INFO] 08-11-2024 19:48:25 [main] [Pages.P03_CartPage.CheckPage(P03_CartPage.java:27)] - https://www.saucedemo.com/v1/cart.html
[INFO] 08-11-2024 19:48:25 [main] [Listeners.Itest.onTestSuccess(Itest.java:10)] - TestCaseCheckRedirectTocartPassed
[INFO] 08-11-2024 19:50:02 [main] [Listeners.Itest.onTestStart(Itest.java:18)] - TestCase CheckTheQuantityStarted
[INFO] 08-11-2024 19:50:33 [main] [Listeners.Itest.onTestStart(Itest.java:18)] - TestCase CheckTheQuantityStarted
[INFO] 08-11-2024 19:50:46 [main] [Listeners.Itest.onTestStart(Itest.java:18)] - TestCase CheckRedirectTocartStarted
[INFO] 08-11-2024 19:51:10 [main] [Listeners.Itest.onTestStart(Itest.java:18)] - TestCase CheckRedirectTocartStarted
[INFO] 08-11-2024 20:01:00 [main] [Listeners.Itest.onTestStart(Itest.java:18)] - TestCase CheckRedirectTocartStarted
[INFO] 08-11-2024 20:01:02 [main] [Pages.P03_CartPage.CheckPage(P03_CartPage.java:27)] - https://www.saucedemo.com/v1/cart.html
[INFO] 08-11-2024 20:01:02 [main] [Listeners.Itest.onTestSuccess(Itest.java:10)] - TestCaseCheckRedirectTocartPassed
[INFO] 08-11-2024 20:01:28 [main] [Listeners.Itest.onTestStart(Itest.java:18)] - TestCase CheckRedirectTocartStarted
[INFO] 08-11-2024 20:01:31 [main] [Pages.P03_CartPage.CheckPage(P03_CartPage.java:27)] - https://www.saucedemo.com/v1/cart.html
[INFO] 08-11-2024 20:01:31 [main] [Listeners.Itest.onTestSuccess(Itest.java:10)] - TestCaseCheckRedirectTocartPassed
[INFO] 08-11-2024 20:04:56 [main] [Listeners.Itest.onTestStart(Itest.java:18)] - TestCase CheckshoppingStarted
[INFO] 08-11-2024 20:04:58 [main] [Listeners.Itest.onTestSuccess(Itest.java:10)] - TestCaseCheckshoppingPassed
[INFO] 08-11-2024 20:10:30 [main] [Listeners.Itest.onTestStart(Itest.java:18)] - TestCase CheckContinueshoppingStarted
[INFO] 08-11-2024 20:10:32 [main] [Listeners.Itest.onTestSuccess(Itest.java:10)] - TestCaseCheckContinueshoppingPassed
[INFO] 08-11-2024 20:10:53 [main] [Listeners.Itest.onTestStart(Itest.java:18)] - TestCase CheckContinueshoppingStarted
[INFO] 08-11-2024 20:11:33 [main] [Listeners.Itest.onTestSuccess(Itest.java:10)] - TestCaseCheckContinueshoppingPassed
[INFO] 08-11-2024 20:11:49 [main] [Listeners.Itest.onTestStart(Itest.java:18)] - TestCase CheckContinueshoppingStarted
[INFO] 08-11-2024 20:14:48 [main] [Listeners.Itest.onTestSuccess(Itest.java:10)] - TestCaseCheckContinueshoppingPassed
[INFO] 08-11-2024 20:15:00 [main] [Listeners.Itest.onTestStart(Itest.java:18)] - TestCase CheckContinueshoppingStarted
[INFO] 08-11-2024 20:15:02 [main] [Pages.P03_CartPage.CheckPage(P03_CartPage.java:27)] - https://www.saucedemo.com/v1/inventory.html
[INFO] 08-11-2024 20:15:02 [main] [Listeners.Itest.onTestSuccess(Itest.java:10)] - TestCaseCheckContinueshoppingPassed
[INFO] 08-11-2024 20:18:46 [main] [Listeners.Itest.onTestStart(Itest.java:18)] - TestCase CheckRedirectCheckoutStarted
[INFO] 08-11-2024 20:18:48 [main] [Pages.P03_CartPage.CheckPage(P03_CartPage.java:27)] - https://www.saucedemo.com/v1/checkout-step-one.html
[INFO] 08-11-2024 20:18:48 [main] [Listeners.Itest.onTestSuccess(Itest.java:10)] - TestCaseCheckRedirectCheckoutPassed
[INFO] 08-11-2024 22:39:06 [main] [Pages.P02_ProductsPage.selectRandomProduct(P02_ProductsPage.java:61)] - the numbers is [2, 3, 4]
[INFO] 08-11-2024 22:40:04 [main] [Pages.P02_ProductsPage.selectRandomProduct(P02_ProductsPage.java:61)] - the numbers is [1, 3, 4]
[INFO] 08-11-2024 22:44:05 [main] [Pages.P02_ProductsPage.selectRandomProduct(P02_ProductsPage.java:61)] - the numbers is [1, 3, 4]
[INFO] 08-11-2024 22:44:34 [main] [Pages.P02_ProductsPage.selectRandomProduct(P02_ProductsPage.java:61)] - the numbers is [4, 5, 6]
[INFO] 08-11-2024 22:47:09 [main] [Pages.P02_ProductsPage.selectRandomProduct(P02_ProductsPage.java:61)] - the numbers is [1, 5, 6]
[INFO] 08-11-2024 22:48:31 [main] [Pages.P02_ProductsPage.selectRandomProduct(P02_ProductsPage.java:61)] - the numbers is [2, 4, 6]
[INFO] 08-11-2024 22:48:58 [main] [Pages.P02_ProductsPage.selectRandomProduct(P02_ProductsPage.java:61)] - the numbers is [3, 4, 6]
[INFO] 08-11-2024 22:51:08 [main] [Pages.P02_ProductsPage.selectRandomProduct(P02_ProductsPage.java:61)] - the numbers is [4, 5, 6]
[INFO] 08-11-2024 22:54:03 [main] [Listeners.Itest.onTestStart(Itest.java:18)] - TestCase FillInformationsStarted
[INFO] 08-11-2024 22:54:05 [main] [Pages.P02_ProductsPage.selectRandomProduct(P02_ProductsPage.java:61)] - the numbers is [2, 3, 5]
[INFO] 08-11-2024 22:54:06 [main] [Listeners.Itest.onTestSuccess(Itest.java:10)] - TestCaseFillInformationsPassed
[INFO] 08-11-2024 22:55:48 [main] [Listeners.Itest.onTestStart(Itest.java:18)] - TestCase FillInformationsStarted
[INFO] 08-11-2024 22:55:50 [main] [Pages.P02_ProductsPage.selectRandomProduct(P02_ProductsPage.java:61)] - the numbers is [2, 5, 6]
[INFO] 08-11-2024 22:55:51 [main] [Pages.P04_InformationPage.FillFirstName(P04_CheckoutPage.java:24)] - Ahmed-2024-11-08-10-55-44PM
[INFO] 08-11-2024 22:55:51 [main] [Pages.P04_InformationPage.FillLastName(P04_CheckoutPage.java:31)] - Gamal-2024-11-08-10-55-44PM
[INFO] 08-11-2024 22:55:51 [main] [Pages.P04_InformationPage.FillZipCode(P04_CheckoutPage.java:38)] - 41616
[INFO] 08-11-2024 22:55:51 [main] [Listeners.Itest.onTestSuccess(Itest.java:10)] - TestCaseFillInformationsPassed
[INFO] 08-11-2024 22:58:10 [main] [Listeners.Itest.onTestStart(Itest.java:18)] - TestCase FillInformationsStarted
[INFO] 08-11-2024 22:58:11 [main] [Pages.P02_ProductsPage.selectRandomProduct(P02_ProductsPage.java:61)] - the numbers is [4, 5, 6]
[INFO] 08-11-2024 22:58:12 [main] [Pages.P04_InformationPage.FillFirstName(P04_CheckoutPage.java:24)] - Ahmed-2024-11-08-10-58-06PM
[INFO] 08-11-2024 22:58:12 [main] [Pages.P04_InformationPage.FillLastName(P04_CheckoutPage.java:31)] - Gamal-2024-11-08-10-58-06PM
[INFO] 08-11-2024 22:58:12 [main] [Pages.P04_InformationPage.FillZipCode(P04_CheckoutPage.java:38)] - 41616
[INFO] 08-11-2024 22:58:13 [main] [Tests.T04_InformationTC.FillInformations(T04_InformationTC.java:58)] - Ahmed-2024-11-08-10-58-06PM
[INFO] 08-11-2024 22:58:13 [main] [Tests.T04_InformationTC.FillInformations(T04_InformationTC.java:59)] - Gamal-2024-11-08-10-58-06PM
[INFO] 08-11-2024 22:58:13 [main] [Listeners.Itest.onTestSuccess(Itest.java:10)] - TestCaseFillInformationsPassed
[INFO] 08-11-2024 23:37:22 [main] [Listeners.Itest.onTestStart(Itest.java:18)] - TestCase FillInformationsStarted
[INFO] 08-11-2024 23:37:25 [main] [Pages.P02_ProductsPage.selectRandomProduct(P02_ProductsPage.java:61)] - the numbers is [2, 4, 5]
[INFO] 08-11-2024 23:37:26 [main] [Pages.P04_InformationPage.FillFirstName(P04_CheckoutPage.java:24)] - Ahmed-2024-11-08-11-37-11PM
[INFO] 08-11-2024 23:37:26 [main] [Pages.P04_InformationPage.FillLastName(P04_CheckoutPage.java:31)] - Gamal-2024-11-08-11-37-11PM
[INFO] 08-11-2024 23:37:26 [main] [Pages.P04_InformationPage.FillZipCode(P04_CheckoutPage.java:38)] - 41616
[INFO] 08-11-2024 23:37:27 [main] [Listeners.Itest.onTestSuccess(Itest.java:10)] - TestCaseFillInformationsPassed
[INFO] 08-11-2024 23:37:56 [main] [Listeners.Itest.onTestStart(Itest.java:18)] - TestCase FillInformationsStarted
[INFO] 08-11-2024 23:37:58 [main] [Pages.P02_ProductsPage.selectRandomProduct(P02_ProductsPage.java:61)] - the numbers is [1, 4, 6]
[INFO] 08-11-2024 23:37:58 [main] [Pages.P04_InformationPage.FillFirstName(P04_CheckoutPage.java:24)] - Ahmed-2024-11-08-11-37-51PM
[INFO] 08-11-2024 23:37:59 [main] [Pages.P04_InformationPage.FillLastName(P04_CheckoutPage.java:31)] - Gamal-2024-11-08-11-37-51PM
[INFO] 08-11-2024 23:37:59 [main] [Pages.P04_InformationPage.FillZipCode(P04_CheckoutPage.java:38)] - 41616
[INFO] 08-11-2024 23:37:59 [main] [Listeners.Itest.onTestSuccess(Itest.java:10)] - TestCaseFillInformationsPassed
[INFO] 08-11-2024 23:56:07 [main] [Listeners.Itest.onTestStart(Itest.java:18)] - TestCase CancelButtonStarted
[INFO] 08-11-2024 23:56:09 [main] [Pages.P02_ProductsPage.selectRandomProduct(P02_ProductsPage.java:61)] - the numbers is [1, 3, 6]
[INFO] 08-11-2024 23:56:10 [main] [Pages.P04_InformationPage.FillFirstName(P04_CheckoutPage.java:24)] - Ahmed-2024-11-08-11-56-00PM
[INFO] 08-11-2024 23:56:10 [main] [Pages.P04_InformationPage.FillLastName(P04_CheckoutPage.java:31)] - Gamal-2024-11-08-11-56-00PM
[INFO] 08-11-2024 23:56:10 [main] [Pages.P04_InformationPage.FillZipCode(P04_CheckoutPage.java:38)] - 41616
[INFO] 08-11-2024 23:56:10 [main] [Listeners.Itest.onTestSuccess(Itest.java:10)] - TestCaseCancelButtonPassed
