[INFO] 07-11-2024 15:47:28 [main] [Listeners.Itest.onTestStart(Itest.java:18)] - TestCase CheckRedirectTocartStarted
[INFO] 07-11-2024 15:47:31 [main] [Pages.P02_ProductsPage.AllProductsPricesProductPage(P02_ProductsPage.java:90)] - {Sauce Labs Bike Light=$9.99, Test.allTheThings() T-Shirt (Red)=$15.99, Sauce Labs Backpack=$29.99, Sauce Labs Bolt T-Shirt=$15.99, Sauce Labs Fleece Jacket=$49.99, Sauce Labs Onesie=$7.99}
[INFO] 07-11-2024 15:47:31 [main] [Listeners.Itest.onTestSuccess(Itest.java:10)] - TestCaseCheckRedirectTocartPassed
[INFO] 07-11-2024 15:50:28 [main] [Listeners.Itest.onTestStart(Itest.java:18)] - TestCase AddRandomProductsStarted
[INFO] 07-11-2024 15:50:30 [main] [Pages.P02_ProductsPage.selectRandomProduct(P02_ProductsPage.java:63)] - the numbers is [2, 3, 4, 6]
[INFO] 07-11-2024 15:50:32 [main] [Pages.P02_ProductsPage.CompareBetweenSelectedAndResult(P02_ProductsPage.java:55)] - number is 6
[INFO] 07-11-2024 15:50:32 [main] [Listeners.Itest.onTestSuccess(Itest.java:10)] - TestCaseAddRandomProductsPassed
[INFO] 07-11-2024 15:53:00 [main] [Listeners.Itest.onTestStart(Itest.java:18)] - TestCase AddRandomProductsStarted
[INFO] 07-11-2024 15:53:04 [main] [Pages.P02_ProductsPage.selectRandomProduct(P02_ProductsPage.java:63)] - the numbers is [1, 4, 5, 6]
[INFO] 07-11-2024 15:53:05 [main] [Pages.P02_ProductsPage.CompareBetweenSelectedAndResult(P02_ProductsPage.java:55)] - number is 6
[INFO] 07-11-2024 15:53:05 [main] [Listeners.Itest.onTestSuccess(Itest.java:10)] - TestCaseAddRandomProductsPassed
[INFO] 07-11-2024 15:57:37 [main] [Listeners.Itest.onTestStart(Itest.java:18)] - TestCase AddRandomProductsStarted
[INFO] 07-11-2024 15:57:39 [main] [Pages.P02_ProductsPage.selectRandomProduct(P02_ProductsPage.java:63)] - the numbers is [3, 4, 5, 6]
[INFO] 07-11-2024 15:57:40 [main] [Pages.P02_ProductsPage.CompareBetweenSelectedAndResult(P02_ProductsPage.java:55)] - number is 6
[INFO] 07-11-2024 15:57:40 [main] [Listeners.Itest.onTestSuccess(Itest.java:10)] - TestCaseAddRandomProductsPassed
[INFO] 07-11-2024 15:58:24 [main] [Listeners.Itest.onTestStart(Itest.java:18)] - TestCase AddRandomProductsStarted
[INFO] 07-11-2024 15:58:27 [main] [Pages.P02_ProductsPage.selectRandomProduct(P02_ProductsPage.java:63)] - the numbers is [1, 2, 4, 6]
[INFO] 07-11-2024 15:58:30 [main] [Pages.P02_ProductsPage.CompareBetweenSelectedAndResult(P02_ProductsPage.java:55)] - number is 6
[INFO] 07-11-2024 15:58:30 [main] [Listeners.Itest.onTestSuccess(Itest.java:10)] - TestCaseAddRandomProductsPassed
[INFO] 07-11-2024 15:59:26 [main] [Listeners.Itest.onTestStart(Itest.java:18)] - TestCase AddRandomProductsStarted
[INFO] 07-11-2024 15:59:28 [main] [Pages.P02_ProductsPage.selectRandomProduct(P02_ProductsPage.java:63)] - the numbers is [2, 4, 5, 6]
[INFO] 07-11-2024 15:59:31 [main] [Pages.P02_ProductsPage.CompareBetweenSelectedAndResult(P02_ProductsPage.java:55)] - number is 6
[INFO] 07-11-2024 15:59:31 [main] [Listeners.Itest.onTestSuccess(Itest.java:10)] - TestCaseAddRandomProductsPassed
[INFO] 07-11-2024 16:01:19 [main] [Listeners.Itest.onTestStart(Itest.java:18)] - TestCase AddRandomProductsStarted
[INFO] 07-11-2024 16:01:21 [main] [Pages.P02_ProductsPage.selectRandomProduct(P02_ProductsPage.java:63)] - the numbers is [1, 2, 4, 6]
[INFO] 07-11-2024 16:01:24 [main] [Pages.P02_ProductsPage.CompareBetweenSelectedAndResult(P02_ProductsPage.java:55)] - number is 6
[INFO] 07-11-2024 16:01:24 [main] [Listeners.Itest.onTestSuccess(Itest.java:10)] - TestCaseAddRandomProductsPassed
[INFO] 07-11-2024 16:02:06 [main] [Listeners.Itest.onTestStart(Itest.java:18)] - TestCase AddRandomProductsStarted
[INFO] 07-11-2024 16:02:08 [main] [Pages.P02_ProductsPage.selectRandomProduct(P02_ProductsPage.java:63)] - the numbers is [2, 4, 5, 6]
[INFO] 07-11-2024 16:02:11 [main] [Pages.P02_ProductsPage.CompareBetweenSelectedAndResult(P02_ProductsPage.java:55)] - number is 6
[INFO] 07-11-2024 16:02:11 [main] [Listeners.Itest.onTestSuccess(Itest.java:10)] - TestCaseAddRandomProductsPassed
[INFO] 07-11-2024 16:04:06 [main] [Listeners.Itest.onTestStart(Itest.java:18)] - TestCase CheckRedirectTocartStarted
[INFO] 07-11-2024 16:04:17 [main] [Pages.P02_ProductsPage.AllProductsPricesProductPage(P02_ProductsPage.java:90)] - {Sauce Labs Bike Light=$9.99, Test.allTheThings() T-Shirt (Red)=$15.99, Sauce Labs Backpack=$29.99, Sauce Labs Bolt T-Shirt=$15.99, Sauce Labs Fleece Jacket=$49.99, Sauce Labs Onesie=$7.99}
[INFO] 07-11-2024 16:04:17 [main] [Listeners.Itest.onTestSuccess(Itest.java:10)] - TestCaseCheckRedirectTocartPassed
[INFO] 07-11-2024 16:06:28 [main] [Listeners.Itest.onTestStart(Itest.java:18)] - TestCase CheckRedirectTocartStarted
[INFO] 07-11-2024 16:06:30 [main] [Pages.P02_ProductsPage.AllProductsPricesProductPage(P02_ProductsPage.java:90)] - {Sauce Labs Bike Light=$9.99, Test.allTheThings() T-Shirt (Red)=$15.99, Sauce Labs Backpack=$29.99, Sauce Labs Bolt T-Shirt=$15.99, Sauce Labs Fleece Jacket=$49.99, Sauce Labs Onesie=$7.99}
[INFO] 07-11-2024 16:06:30 [main] [Listeners.Itest.onTestSuccess(Itest.java:10)] - TestCaseCheckRedirectTocartPassed
[INFO] 07-11-2024 16:08:18 [main] [Listeners.Itest.onTestStart(Itest.java:18)] - TestCase CheckRedirectTocartStarted
[INFO] 07-11-2024 16:08:21 [main] [Pages.P02_ProductsPage.AllProductsPricesProductPage(P02_ProductsPage.java:89)] - {Sauce Labs Backpack=$29.99}
[INFO] 07-11-2024 16:08:21 [main] [Pages.P02_ProductsPage.AllProductsPricesProductPage(P02_ProductsPage.java:89)] - {Sauce Labs Bike Light=$9.99, Sauce Labs Backpack=$29.99}
[INFO] 07-11-2024 16:08:21 [main] [Pages.P02_ProductsPage.AllProductsPricesProductPage(P02_ProductsPage.java:89)] - {Sauce Labs Bike Light=$9.99, Sauce Labs Backpack=$29.99, Sauce Labs Bolt T-Shirt=$15.99}
[INFO] 07-11-2024 16:08:21 [main] [Pages.P02_ProductsPage.AllProductsPricesProductPage(P02_ProductsPage.java:89)] - {Sauce Labs Bike Light=$9.99, Sauce Labs Backpack=$29.99, Sauce Labs Bolt T-Shirt=$15.99, Sauce Labs Fleece Jacket=$49.99}
[INFO] 07-11-2024 16:08:21 [main] [Pages.P02_ProductsPage.AllProductsPricesProductPage(P02_ProductsPage.java:89)] - {Sauce Labs Bike Light=$9.99, Sauce Labs Backpack=$29.99, Sauce Labs Bolt T-Shirt=$15.99, Sauce Labs Fleece Jacket=$49.99, Sauce Labs Onesie=$7.99}
[INFO] 07-11-2024 16:08:21 [main] [Pages.P02_ProductsPage.AllProductsPricesProductPage(P02_ProductsPage.java:89)] - {Sauce Labs Bike Light=$9.99, Test.allTheThings() T-Shirt (Red)=$15.99, Sauce Labs Backpack=$29.99, Sauce Labs Bolt T-Shirt=$15.99, Sauce Labs Fleece Jacket=$49.99, Sauce Labs Onesie=$7.99}
[INFO] 07-11-2024 16:08:21 [main] [Pages.P02_ProductsPage.AllProductsPricesProductPage(P02_ProductsPage.java:91)] - {Sauce Labs Bike Light=$9.99, Test.allTheThings() T-Shirt (Red)=$15.99, Sauce Labs Backpack=$29.99, Sauce Labs Bolt T-Shirt=$15.99, Sauce Labs Fleece Jacket=$49.99, Sauce Labs Onesie=$7.99}
[INFO] 07-11-2024 16:08:21 [main] [Listeners.Itest.onTestSuccess(Itest.java:10)] - TestCaseCheckRedirectTocartPassed
[INFO] 07-11-2024 16:10:07 [main] [Listeners.Itest.onTestStart(Itest.java:18)] - TestCase CheckTheQuantityStarted
[INFO] 07-11-2024 16:10:10 [main] [Pages.P02_ProductsPage.selectRandomProduct(P02_ProductsPage.java:63)] - the numbers is [1, 2, 3, 4]
[INFO] 07-11-2024 16:10:11 [main] [Pages.P03_CartPage.checkTheQuantity(P03_CartPage.java:27)] - the Quantity is :4
[INFO] 07-11-2024 16:10:11 [main] [Listeners.Itest.onTestSuccess(Itest.java:10)] - TestCaseCheckTheQuantityPassed
[INFO] 07-11-2024 16:10:36 [main] [Listeners.Itest.onTestStart(Itest.java:18)] - TestCase CheckRedirectTocartStarted
[INFO] 07-11-2024 16:10:39 [main] [Pages.P02_ProductsPage.AllProductsPricesProductPage(P02_ProductsPage.java:89)] - {Sauce Labs Backpack=$29.99}
[INFO] 07-11-2024 16:10:39 [main] [Pages.P02_ProductsPage.AllProductsPricesProductPage(P02_ProductsPage.java:89)] - {Sauce Labs Bike Light=$9.99, Sauce Labs Backpack=$29.99}
[INFO] 07-11-2024 16:10:39 [main] [Pages.P02_ProductsPage.AllProductsPricesProductPage(P02_ProductsPage.java:89)] - {Sauce Labs Bike Light=$9.99, Sauce Labs Backpack=$29.99, Sauce Labs Bolt T-Shirt=$15.99}
[INFO] 07-11-2024 16:10:39 [main] [Pages.P02_ProductsPage.AllProductsPricesProductPage(P02_ProductsPage.java:89)] - {Sauce Labs Bike Light=$9.99, Sauce Labs Backpack=$29.99, Sauce Labs Bolt T-Shirt=$15.99, Sauce Labs Fleece Jacket=$49.99}
[INFO] 07-11-2024 16:10:39 [main] [Pages.P02_ProductsPage.AllProductsPricesProductPage(P02_ProductsPage.java:89)] - {Sauce Labs Bike Light=$9.99, Sauce Labs Backpack=$29.99, Sauce Labs Bolt T-Shirt=$15.99, Sauce Labs Fleece Jacket=$49.99, Sauce Labs Onesie=$7.99}
[INFO] 07-11-2024 16:10:39 [main] [Pages.P02_ProductsPage.AllProductsPricesProductPage(P02_ProductsPage.java:89)] - {Sauce Labs Bike Light=$9.99, Test.allTheThings() T-Shirt (Red)=$15.99, Sauce Labs Backpack=$29.99, Sauce Labs Bolt T-Shirt=$15.99, Sauce Labs Fleece Jacket=$49.99, Sauce Labs Onesie=$7.99}
[INFO] 07-11-2024 16:10:39 [main] [Pages.P02_ProductsPage.AllProductsPricesProductPage(P02_ProductsPage.java:92)] - {Sauce Labs Bike Light=$9.99, Test.allTheThings() T-Shirt (Red)=$15.99, Sauce Labs Backpack=$29.99, Sauce Labs Bolt T-Shirt=$15.99, Sauce Labs Fleece Jacket=$49.99, Sauce Labs Onesie=$7.99}
[INFO] 07-11-2024 16:10:39 [main] [Listeners.Itest.onTestSuccess(Itest.java:10)] - TestCaseCheckRedirectTocartPassed
[INFO] 07-11-2024 16:11:45 [main] [Listeners.Itest.onTestStart(Itest.java:18)] - TestCase CheckRedirectTocartStarted
[INFO] 07-11-2024 16:11:48 [main] [Listeners.Itest.onTestSuccess(Itest.java:10)] - TestCaseCheckRedirectTocartPassed
[INFO] 07-11-2024 16:30:07 [main] [Listeners.Itest.onTestStart(Itest.java:18)] - TestCase CheckRedirectTocartStarted
[INFO] 07-11-2024 16:30:08 [main] [Pages.P02_ProductsPage.AllProductsPricesCartPage(P02_ProductsPage.java:88)] - {Sauce Labs Backpack=$29.99}
[INFO] 07-11-2024 16:30:08 [main] [Pages.P02_ProductsPage.AllProductsPricesCartPage(P02_ProductsPage.java:88)] - {Sauce Labs Bike Light=$9.99, Sauce Labs Backpack=$29.99}
[INFO] 07-11-2024 16:30:08 [main] [Pages.P02_ProductsPage.AllProductsPricesCartPage(P02_ProductsPage.java:88)] - {Sauce Labs Bike Light=$9.99, Sauce Labs Backpack=$29.99, Sauce Labs Bolt T-Shirt=$15.99}
[INFO] 07-11-2024 16:30:08 [main] [Pages.P02_ProductsPage.AllProductsPricesCartPage(P02_ProductsPage.java:88)] - {Sauce Labs Bike Light=$9.99, Sauce Labs Backpack=$29.99, Sauce Labs Bolt T-Shirt=$15.99, Sauce Labs Fleece Jacket=$49.99}
[INFO] 07-11-2024 16:30:09 [main] [Pages.P02_ProductsPage.AllProductsPricesCartPage(P02_ProductsPage.java:88)] - {Sauce Labs Bike Light=$9.99, Sauce Labs Backpack=$29.99, Sauce Labs Bolt T-Shirt=$15.99, Sauce Labs Fleece Jacket=$49.99, Sauce Labs Onesie=$7.99}
[INFO] 07-11-2024 16:30:09 [main] [Pages.P02_ProductsPage.AllProductsPricesCartPage(P02_ProductsPage.java:88)] - {Sauce Labs Bike Light=$9.99, Test.allTheThings() T-Shirt (Red)=$15.99, Sauce Labs Backpack=$29.99, Sauce Labs Bolt T-Shirt=$15.99, Sauce Labs Fleece Jacket=$49.99, Sauce Labs Onesie=$7.99}
[INFO] 07-11-2024 16:30:09 [main] [Pages.P02_ProductsPage.AllProductsPricesCartPage(P02_ProductsPage.java:90)] - {Sauce Labs Bike Light=$9.99, Test.allTheThings() T-Shirt (Red)=$15.99, Sauce Labs Backpack=$29.99, Sauce Labs Bolt T-Shirt=$15.99, Sauce Labs Fleece Jacket=$49.99, Sauce Labs Onesie=$7.99}
[INFO] 07-11-2024 16:30:09 [main] [Listeners.Itest.onTestSuccess(Itest.java:10)] - TestCaseCheckRedirectTocartPassed
[INFO] 07-11-2024 16:31:30 [main] [Listeners.Itest.onTestStart(Itest.java:18)] - TestCase CheckRedirectTocartStarted
[INFO] 07-11-2024 16:31:43 [main] [Pages.P03_CartPage.AllProductsPricesCartPage(P03_CartPage.java:48)] - {}
[INFO] 07-11-2024 16:31:43 [main] [Listeners.Itest.onTestSuccess(Itest.java:10)] - TestCaseCheckRedirectTocartPassed
[INFO] 07-11-2024 16:32:43 [main] [Listeners.Itest.onTestStart(Itest.java:18)] - TestCase CheckRedirectTocartStarted
[INFO] 07-11-2024 16:32:44 [main] [Pages.P02_ProductsPage.selectRandomProduct(P02_ProductsPage.java:63)] - the numbers is [1, 3, 6]
[INFO] 07-11-2024 16:32:45 [main] [Pages.P03_CartPage.AllProductsPricesCartPage(P03_CartPage.java:46)] - {Sauce Labs Backpack=29.99}
[INFO] 07-11-2024 16:32:45 [main] [Pages.P03_CartPage.AllProductsPricesCartPage(P03_CartPage.java:46)] - {Sauce Labs Backpack=29.99}
[INFO] 07-11-2024 16:32:45 [main] [Pages.P03_CartPage.AllProductsPricesCartPage(P03_CartPage.java:46)] - {Sauce Labs Backpack=29.99}
[INFO] 07-11-2024 16:32:45 [main] [Pages.P03_CartPage.AllProductsPricesCartPage(P03_CartPage.java:48)] - {Sauce Labs Backpack=29.99}
[INFO] 07-11-2024 16:32:45 [main] [Listeners.Itest.onTestSuccess(Itest.java:10)] - TestCaseCheckRedirectTocartPassed
[INFO] 07-11-2024 16:33:44 [main] [Listeners.Itest.onTestStart(Itest.java:18)] - TestCase CheckRedirectTocartStarted
[INFO] 07-11-2024 16:33:46 [main] [Pages.P02_ProductsPage.ClickAddAllToCart(P02_ProductsPage.java:35)] - number of products is :6
[INFO] 07-11-2024 16:33:47 [main] [Pages.P03_CartPage.AllProductsPricesCartPage(P03_CartPage.java:46)] - {Sauce Labs Backpack=29.99}
[INFO] 07-11-2024 16:33:47 [main] [Pages.P03_CartPage.AllProductsPricesCartPage(P03_CartPage.java:46)] - {Sauce Labs Backpack=29.99}
[INFO] 07-11-2024 16:33:48 [main] [Pages.P03_CartPage.AllProductsPricesCartPage(P03_CartPage.java:46)] - {Sauce Labs Backpack=29.99}
[INFO] 07-11-2024 16:33:48 [main] [Pages.P03_CartPage.AllProductsPricesCartPage(P03_CartPage.java:46)] - {Sauce Labs Backpack=29.99}
[INFO] 07-11-2024 16:33:48 [main] [Pages.P03_CartPage.AllProductsPricesCartPage(P03_CartPage.java:46)] - {Sauce Labs Backpack=29.99}
[INFO] 07-11-2024 16:33:48 [main] [Pages.P03_CartPage.AllProductsPricesCartPage(P03_CartPage.java:46)] - {Sauce Labs Backpack=29.99}
[INFO] 07-11-2024 16:33:48 [main] [Pages.P03_CartPage.AllProductsPricesCartPage(P03_CartPage.java:48)] - {Sauce Labs Backpack=29.99}
[INFO] 07-11-2024 16:33:48 [main] [Listeners.Itest.onTestSuccess(Itest.java:10)] - TestCaseCheckRedirectTocartPassed
[INFO] 07-11-2024 16:35:48 [main] [Listeners.Itest.onTestStart(Itest.java:18)] - TestCase CheckRedirectTocartStarted
[INFO] 07-11-2024 16:35:51 [main] [Pages.P02_ProductsPage.selectRandomProduct(P02_ProductsPage.java:63)] - the numbers is [1, 3, 4]
[INFO] 07-11-2024 16:35:51 [main] [Pages.P03_CartPage.AllProductsPricesCartPage(P03_CartPage.java:46)] - {Sauce Labs Backpack=29.99}
[INFO] 07-11-2024 16:35:51 [main] [Pages.P03_CartPage.AllProductsPricesCartPage(P03_CartPage.java:46)] - {Sauce Labs Backpack=29.99, Sauce Labs Bolt T-Shirt=15.99}
[INFO] 07-11-2024 16:35:52 [main] [Pages.P03_CartPage.AllProductsPricesCartPage(P03_CartPage.java:46)] - {Sauce Labs Backpack=29.99, Sauce Labs Bolt T-Shirt=15.99, Sauce Labs Fleece Jacket=49.99}
[INFO] 07-11-2024 16:35:52 [main] [Pages.P03_CartPage.AllProductsPricesCartPage(P03_CartPage.java:48)] - {Sauce Labs Backpack=29.99, Sauce Labs Bolt T-Shirt=15.99, Sauce Labs Fleece Jacket=49.99}
[INFO] 07-11-2024 16:35:52 [main] [Listeners.Itest.onTestSuccess(Itest.java:10)] - TestCaseCheckRedirectTocartPassed
[INFO] 07-11-2024 19:38:31 [main] [Listeners.Itest.onTestStart(Itest.java:18)] - TestCase CheckThePriceSmeInCartStarted
[INFO] 07-11-2024 19:38:34 [main] [Pages.P02_ProductsPage.selectRandomProduct(P02_ProductsPage.java:66)] - the numbers is [1, 2, 6]
[INFO] 07-11-2024 19:38:34 [main] [Pages.P02_ProductsPage.AllProductsPricesProductPage(P02_ProductsPage.java:91)] - {Sauce Labs Backpack=$29.99}
[INFO] 07-11-2024 19:38:35 [main] [Pages.P02_ProductsPage.AllProductsPricesProductPage(P02_ProductsPage.java:91)] - {Sauce Labs Bike Light=$9.99, Sauce Labs Backpack=$29.99}
[INFO] 07-11-2024 19:38:35 [main] [Pages.P02_ProductsPage.AllProductsPricesProductPage(P02_ProductsPage.java:91)] - {Sauce Labs Bike Light=$9.99, Sauce Labs Backpack=$29.99, Sauce Labs Bolt T-Shirt=$15.99}
[INFO] 07-11-2024 19:38:35 [main] [Pages.P02_ProductsPage.AllProductsPricesProductPage(P02_ProductsPage.java:91)] - {Sauce Labs Bike Light=$9.99, Sauce Labs Backpack=$29.99, Sauce Labs Bolt T-Shirt=$15.99, Sauce Labs Fleece Jacket=$49.99}
[INFO] 07-11-2024 19:38:35 [main] [Pages.P02_ProductsPage.AllProductsPricesProductPage(P02_ProductsPage.java:91)] - {Sauce Labs Bike Light=$9.99, Sauce Labs Backpack=$29.99, Sauce Labs Bolt T-Shirt=$15.99, Sauce Labs Fleece Jacket=$49.99, Sauce Labs Onesie=$7.99}
[INFO] 07-11-2024 19:38:35 [main] [Pages.P02_ProductsPage.AllProductsPricesProductPage(P02_ProductsPage.java:91)] - {Sauce Labs Bike Light=$9.99, Test.allTheThings() T-Shirt (Red)=$15.99, Sauce Labs Backpack=$29.99, Sauce Labs Bolt T-Shirt=$15.99, Sauce Labs Fleece Jacket=$49.99, Sauce Labs Onesie=$7.99}
[INFO] 07-11-2024 19:38:35 [main] [Pages.P02_ProductsPage.AllProductsPricesProductPage(P02_ProductsPage.java:93)] - {Sauce Labs Bike Light=$9.99, Test.allTheThings() T-Shirt (Red)=$15.99, Sauce Labs Backpack=$29.99, Sauce Labs Bolt T-Shirt=$15.99, Sauce Labs Fleece Jacket=$49.99, Sauce Labs Onesie=$7.99}
[INFO] 07-11-2024 19:38:36 [main] [Pages.P03_CartPage.AllProductsPricesCartPage(P03_CartPage.java:47)] - {Sauce Labs Backpack=29.99}
[INFO] 07-11-2024 19:38:36 [main] [Pages.P03_CartPage.AllProductsPricesCartPage(P03_CartPage.java:47)] - {Sauce Labs Bike Light=9.99, Sauce Labs Backpack=29.99}
[INFO] 07-11-2024 19:38:36 [main] [Pages.P03_CartPage.AllProductsPricesCartPage(P03_CartPage.java:47)] - {Sauce Labs Bike Light=9.99, Test.allTheThings() T-Shirt (Red)=15.99, Sauce Labs Backpack=29.99}
[INFO] 07-11-2024 19:38:36 [main] [Pages.P03_CartPage.AllProductsPricesCartPage(P03_CartPage.java:49)] - {Sauce Labs Bike Light=9.99, Test.allTheThings() T-Shirt (Red)=15.99, Sauce Labs Backpack=29.99}
[INFO] 07-11-2024 19:40:06 [main] [Listeners.Itest.onTestStart(Itest.java:18)] - TestCase CheckThePriceSmeInCartStarted
[INFO] 07-11-2024 19:40:08 [main] [Pages.P02_ProductsPage.selectRandomProduct(P02_ProductsPage.java:66)] - the numbers is [1, 4, 5]
[INFO] 07-11-2024 19:40:09 [main] [Pages.P02_ProductsPage.AllProductsPricesProductPage(P02_ProductsPage.java:93)] - {Sauce Labs Bike Light=$9.99, Test.allTheThings() T-Shirt (Red)=$15.99, Sauce Labs Backpack=$29.99, Sauce Labs Bolt T-Shirt=$15.99, Sauce Labs Fleece Jacket=$49.99, Sauce Labs Onesie=$7.99}
[INFO] 07-11-2024 19:40:09 [main] [Pages.P03_CartPage.AllProductsPricesCartPage(P03_CartPage.java:47)] - {Sauce Labs Backpack=29.99}
[INFO] 07-11-2024 19:40:09 [main] [Pages.P03_CartPage.AllProductsPricesCartPage(P03_CartPage.java:47)] - {Sauce Labs Backpack=29.99, Sauce Labs Fleece Jacket=49.99}
[INFO] 07-11-2024 19:40:09 [main] [Pages.P03_CartPage.AllProductsPricesCartPage(P03_CartPage.java:47)] - {Sauce Labs Backpack=29.99, Sauce Labs Fleece Jacket=49.99, Sauce Labs Onesie=7.99}
[INFO] 07-11-2024 19:40:09 [main] [Pages.P03_CartPage.AllProductsPricesCartPage(P03_CartPage.java:49)] - {Sauce Labs Backpack=29.99, Sauce Labs Fleece Jacket=49.99, Sauce Labs Onesie=7.99}
[INFO] 07-11-2024 19:41:40 [main] [Listeners.Itest.onTestStart(Itest.java:18)] - TestCase CheckThePriceSmeInCartStarted
[INFO] 07-11-2024 19:41:42 [main] [Pages.P02_ProductsPage.selectRandomProduct(P02_ProductsPage.java:66)] - the numbers is [2, 3, 4]
[INFO] 07-11-2024 19:41:43 [main] [Pages.P02_ProductsPage.AllProductsPricesProductPage(P02_ProductsPage.java:93)] - {Sauce Labs Bike Light=$9.99, Test.allTheThings() T-Shirt (Red)=$15.99, Sauce Labs Backpack=$29.99, Sauce Labs Bolt T-Shirt=$15.99, Sauce Labs Fleece Jacket=$49.99, Sauce Labs Onesie=$7.99}
[INFO] 07-11-2024 19:41:43 [main] [Pages.P02_ProductsPage.selectRandomProduct(P02_ProductsPage.java:66)] - the numbers is [1, 3, 4]
[INFO] 07-11-2024 19:41:43 [main] [Pages.P03_CartPage.AllProductsPricesCartPage(P03_CartPage.java:47)] - {Sauce Labs Bike Light=9.99}
[INFO] 07-11-2024 19:41:43 [main] [Pages.P03_CartPage.AllProductsPricesCartPage(P03_CartPage.java:47)] - {Sauce Labs Bike Light=9.99, Sauce Labs Backpack=29.99}
[INFO] 07-11-2024 19:41:43 [main] [Pages.P03_CartPage.AllProductsPricesCartPage(P03_CartPage.java:49)] - {Sauce Labs Bike Light=9.99, Sauce Labs Backpack=29.99}
[INFO] 07-11-2024 19:43:41 [main] [Listeners.Itest.onTestStart(Itest.java:18)] - TestCase CheckThePriceSmeInCartStarted
[INFO] 07-11-2024 19:43:43 [main] [Pages.P02_ProductsPage.selectRandomProduct(P02_ProductsPage.java:66)] - the numbers is [1, 3, 4]
[INFO] 07-11-2024 19:43:43 [main] [Pages.P02_ProductsPage.AllProductsPricesProductPage(P02_ProductsPage.java:93)] - {Sauce Labs Bike Light=$9.99, Test.allTheThings() T-Shirt (Red)=$15.99, Sauce Labs Backpack=$29.99, Sauce Labs Bolt T-Shirt=$15.99, Sauce Labs Fleece Jacket=$49.99, Sauce Labs Onesie=$7.99}
[INFO] 07-11-2024 19:43:43 [main] [Listeners.Itest.onTestSuccess(Itest.java:10)] - TestCaseCheckThePriceSmeInCartPassed
[INFO] 07-11-2024 19:47:04 [main] [Listeners.Itest.onTestStart(Itest.java:18)] - TestCase CheckThePriceSmeInCartStarted
[INFO] 07-11-2024 19:47:05 [main] [Pages.P02_ProductsPage.selectRandomProduct(P02_ProductsPage.java:66)] - the numbers is [1, 3, 4]
[INFO] 07-11-2024 19:47:06 [main] [Pages.P02_ProductsPage.AllProductsPricesProductPage(P02_ProductsPage.java:93)] - {Sauce Labs Bike Light=$9.99, Test.allTheThings() T-Shirt (Red)=$15.99, Sauce Labs Backpack=$29.99, Sauce Labs Bolt T-Shirt=$15.99, Sauce Labs Fleece Jacket=$49.99, Sauce Labs Onesie=$7.99}
[INFO] 07-11-2024 19:47:06 [main] [Listeners.Itest.onTestSuccess(Itest.java:10)] - TestCaseCheckThePriceSmeInCartPassed
[INFO] 07-11-2024 19:47:58 [main] [Listeners.Itest.onTestStart(Itest.java:18)] - TestCase CheckThePriceSmeInCartStarted
[INFO] 07-11-2024 19:50:15 [main] [Listeners.Itest.onTestStart(Itest.java:18)] - TestCase CheckThePriceSmeInCartStarted
[INFO] 07-11-2024 19:50:17 [main] [Pages.P02_ProductsPage.selectRandomProduct(P02_ProductsPage.java:66)] - the numbers is [4, 5, 6]
[INFO] 07-11-2024 19:50:18 [main] [Pages.P02_ProductsPage.AllProductsPricesProductPage(P02_ProductsPage.java:93)] - {Sauce Labs Bike Light=$9.99, Sauce Labs Backpack=$29.99, Sauce Labs Bolt T-Shirt=$15.99}
[INFO] 07-11-2024 19:50:18 [main] [Listeners.Itest.onTestSuccess(Itest.java:10)] - TestCaseCheckThePriceSmeInCartPassed
[INFO] 07-11-2024 19:51:31 [main] [Listeners.Itest.onTestStart(Itest.java:18)] - TestCase CheckThePriceSmeInCartStarted
[INFO] 07-11-2024 19:51:32 [main] [Pages.P02_ProductsPage.selectRandomProduct(P02_ProductsPage.java:66)] - the numbers is [2, 3, 4]
[INFO] 07-11-2024 19:51:32 [main] [Pages.P02_ProductsPage.AllProductsPricesProductPage(P02_ProductsPage.java:93)] - {Sauce Labs Bike Light=$9.99, Sauce Labs Backpack=$29.99, Sauce Labs Bolt T-Shirt=$15.99}
[INFO] 07-11-2024 19:51:32 [main] [Pages.P02_ProductsPage.selectRandomProduct(P02_ProductsPage.java:66)] - the numbers is [2, 4, 5]
[INFO] 07-11-2024 19:51:33 [main] [Pages.P03_CartPage.AllProductsPricesCartPage(P03_CartPage.java:47)] - {Sauce Labs Bolt T-Shirt=15.99}
[INFO] 07-11-2024 19:51:33 [main] [Pages.P03_CartPage.AllProductsPricesCartPage(P03_CartPage.java:47)] - {Sauce Labs Bolt T-Shirt=15.99, Sauce Labs Onesie=7.99}
[INFO] 07-11-2024 19:51:33 [main] [Pages.P03_CartPage.AllProductsPricesCartPage(P03_CartPage.java:49)] - {Sauce Labs Bolt T-Shirt=15.99, Sauce Labs Onesie=7.99}
[INFO] 07-11-2024 19:55:14 [main] [Listeners.Itest.onTestStart(Itest.java:18)] - TestCase CheckThePriceSmeInCartStarted
[INFO] 07-11-2024 19:55:16 [main] [Pages.P02_ProductsPage.selectRandomProduct(P02_ProductsPage.java:66)] - the numbers is [2, 5, 6]
[INFO] 07-11-2024 19:55:17 [main] [Pages.P03_CartPage.AllProductsPricesCartPage(P03_CartPage.java:47)] - {Sauce Labs Bike Light=9.99}
[INFO] 07-11-2024 19:55:17 [main] [Pages.P03_CartPage.AllProductsPricesCartPage(P03_CartPage.java:47)] - {Sauce Labs Bike Light=9.99, Sauce Labs Onesie=7.99}
[INFO] 07-11-2024 19:55:17 [main] [Pages.P03_CartPage.AllProductsPricesCartPage(P03_CartPage.java:47)] - {Sauce Labs Bike Light=9.99, Test.allTheThings() T-Shirt (Red)=15.99, Sauce Labs Onesie=7.99}
[INFO] 07-11-2024 19:55:17 [main] [Pages.P03_CartPage.AllProductsPricesCartPage(P03_CartPage.java:49)] - {Sauce Labs Bike Light=9.99, Test.allTheThings() T-Shirt (Red)=15.99, Sauce Labs Onesie=7.99}
[INFO] 07-11-2024 19:55:17 [main] [Listeners.Itest.onTestSuccess(Itest.java:10)] - TestCaseCheckThePriceSmeInCartPassed
[INFO] 07-11-2024 19:56:44 [main] [Listeners.Itest.onTestStart(Itest.java:18)] - TestCase CheckThePriceSmeInCartStarted
[INFO] 07-11-2024 19:56:45 [main] [Pages.P02_ProductsPage.selectRandomProduct(P02_ProductsPage.java:66)] - the numbers is [4, 5, 6]
[INFO] 07-11-2024 19:56:46 [main] [Pages.P02_ProductsPage.AllProductsPricesProductPage(P02_ProductsPage.java:93)] - {Sauce Labs Bike Light=$9.99, Sauce Labs Backpack=$29.99, Sauce Labs Bolt T-Shirt=$15.99}
[INFO] 07-11-2024 19:56:46 [main] [Pages.P03_CartPage.AllProductsPricesCartPage(P03_CartPage.java:49)] - {Test.allTheThings() T-Shirt (Red)=15.99, Sauce Labs Fleece Jacket=49.99, Sauce Labs Onesie=7.99}
[INFO] 07-11-2024 19:57:43 [main] [Listeners.Itest.onTestStart(Itest.java:18)] - TestCase CheckThePriceSmeInCartStarted
[INFO] 07-11-2024 19:58:15 [main] [Pages.P02_ProductsPage.selectRandomProduct(P02_ProductsPage.java:66)] - the numbers is [1, 4, 6]
[INFO] 07-11-2024 19:58:16 [main] [Pages.P02_ProductsPage.AllProductsPricesProductPage(P02_ProductsPage.java:93)] - {Sauce Labs Bike Light=$9.99, Sauce Labs Backpack=$29.99, Sauce Labs Bolt T-Shirt=$15.99}
[INFO] 07-11-2024 19:59:15 [main] [Pages.P03_CartPage.AllProductsPricesCartPage(P03_CartPage.java:49)] - {Test.allTheThings() T-Shirt (Red)=15.99, Sauce Labs Backpack=29.99, Sauce Labs Fleece Jacket=49.99}
[INFO] 07-11-2024 20:02:33 [main] [Listeners.Itest.onTestStart(Itest.java:18)] - TestCase CheckThePriceSmeInCartStarted
[INFO] 07-11-2024 20:02:47 [main] [Pages.P02_ProductsPage.selectRandomProduct(P02_ProductsPage.java:66)] - the numbers is [3, 5, 6]
[INFO] 07-11-2024 20:02:49 [main] [Pages.P02_ProductsPage.AllProductsPricesProductPage(P02_ProductsPage.java:93)] - {Sauce Labs Bike Light=$9.99, Sauce Labs Backpack=$29.99, Sauce Labs Bolt T-Shirt=$15.99}
[INFO] 07-11-2024 20:18:03 [main] [Listeners.Itest.onTestStart(Itest.java:18)] - TestCase CheckThePriceSmeInCartStarted
[INFO] 07-11-2024 20:18:07 [main] [Pages.P02_ProductsPage.selectRandomProduct(P02_ProductsPage.java:66)] - the numbers is [1, 3, 6]
[INFO] 07-11-2024 20:18:07 [main] [Pages.P02_ProductsPage.AllProductsPricesProductPage(P02_ProductsPage.java:93)] - {Sauce Labs Bike Light=$15.99, Sauce Labs Backpack=$29.99, Sauce Labs Bolt T-Shirt=$15.99}
[INFO] 07-11-2024 20:18:09 [main] [Pages.P03_CartPage.AllProductsPricesCartPage(P03_CartPage.java:49)] - {Test.allTheThings() T-Shirt (Red)=15.99, Sauce Labs Backpack=29.99, Sauce Labs Bolt T-Shirt=15.99}
[INFO] 07-11-2024 20:18:32 [main] [Listeners.Itest.onTestStart(Itest.java:18)] - TestCase CheckThePriceSmeInCartStarted
[INFO] 07-11-2024 20:18:42 [main] [Pages.P02_ProductsPage.selectRandomProduct(P02_ProductsPage.java:66)] - the numbers is [1, 5, 6]
[INFO] 07-11-2024 20:18:44 [main] [Pages.P02_ProductsPage.AllProductsPricesProductPage(P02_ProductsPage.java:93)] - {Sauce Labs Bike Light=$7.99, Sauce Labs Backpack=$29.99, Sauce Labs Bolt T-Shirt=$15.99}
[INFO] 07-11-2024 20:19:02 [main] [Pages.P03_CartPage.AllProductsPricesCartPage(P03_CartPage.java:49)] - {Test.allTheThings() T-Shirt (Red)=15.99, Sauce Labs Backpack=29.99, Sauce Labs Onesie=7.99}
[INFO] 07-11-2024 20:47:16 [main] [Listeners.Itest.onTestStart(Itest.java:18)] - TestCase CheckThePriceSmeInCartStarted
[INFO] 07-11-2024 20:47:29 [main] [Pages.P02_ProductsPage.selectRandomProduct(P02_ProductsPage.java:66)] - the numbers is [1, 4, 5]
[INFO] 07-11-2024 20:47:30 [main] [Pages.P02_ProductsPage.AllProductsPricesProductPage(P02_ProductsPage.java:93)] - {Sauce Labs Bike Light=$49.99, Sauce Labs Backpack=$29.99, Sauce Labs Bolt T-Shirt=$7.99}
[INFO] 07-11-2024 20:49:04 [main] [Pages.P03_CartPage.AllProductsPricesCartPage(P03_CartPage.java:49)] - {Sauce Labs Backpack=29.99, Sauce Labs Fleece Jacket=49.99, Sauce Labs Onesie=7.99}
[INFO] 07-11-2024 20:50:17 [main] [Listeners.Itest.onTestStart(Itest.java:18)] - TestCase CheckThePriceSmeInCartStarted
[INFO] 07-11-2024 20:50:25 [main] [Pages.P02_ProductsPage.selectRandomProduct(P02_ProductsPage.java:66)] - the numbers is [4, 5, 6]
[INFO] 07-11-2024 20:50:27 [main] [Pages.P02_ProductsPage.AllProductsPricesProductPage(P02_ProductsPage.java:93)] - {Sauce Labs Bike Light=$7.99, Sauce Labs Backpack=$49.99, Sauce Labs Bolt T-Shirt=$15.99}
[INFO] 07-11-2024 20:50:56 [main] [Listeners.Itest.onTestStart(Itest.java:18)] - TestCase CheckThePriceSmeInCartStarted
[INFO] 07-11-2024 20:51:05 [main] [Pages.P02_ProductsPage.selectRandomProduct(P02_ProductsPage.java:66)] - the numbers is [1, 4, 6]
[INFO] 07-11-2024 20:51:45 [main] [Pages.P02_ProductsPage.AllProductsPricesProductPage(P02_ProductsPage.java:93)] - {Sauce Labs Bike Light=$49.99, Sauce Labs Backpack=$29.99, Sauce Labs Bolt T-Shirt=$15.99}
[INFO] 07-11-2024 21:03:21 [main] [Listeners.Itest.onTestStart(Itest.java:18)] - TestCase CheckThePriceSmeInCartStarted
[INFO] 07-11-2024 21:03:30 [main] [Pages.P02_ProductsPage.selectRandomProduct(P02_ProductsPage.java:66)] - the numbers is [1, 2, 5]
[INFO] 07-11-2024 21:03:33 [main] [Pages.P02_ProductsPage.AllProductsPricesProductPage(P02_ProductsPage.java:93)] - {Sauce Labs Bike Light=$9.99, Sauce Labs Backpack=$29.99, Sauce Labs Bolt T-Shirt=$7.99}
[INFO] 07-11-2024 21:04:03 [main] [Pages.P03_CartPage.AllProductsPricesCartPage(P03_CartPage.java:49)] - {Sauce Labs Bike Light=9.99, Sauce Labs Backpack=29.99, Sauce Labs Onesie=7.99}
