[INFO] 09-11-2024 00:12:27 [main] [Listeners.Itest.onTestStart(Itest.java:18)] - TestCase CheckQuantityBeforeFinishStarted
[INFO] 09-11-2024 00:12:29 [main] [Pages.P02_ProductsPage.selectRandomProduct(P02_ProductsPage.java:61)] - the numbers is [2, 3, 4]
[INFO] 09-11-2024 00:14:14 [main] [Listeners.Itest.onTestStart(Itest.java:18)] - TestCase CheckQuantityBeforeFinishStarted
[INFO] 09-11-2024 00:14:16 [main] [Pages.P02_ProductsPage.selectRandomProduct(P02_ProductsPage.java:61)] - the numbers is [3, 5, 6]
[INFO] 09-11-2024 00:14:17 [main] [Pages.P04_InformationPage.FillFirstName(P04_InformationPage.java:24)] - Ahmed-2024-11-09-12-14-10AM
[INFO] 09-11-2024 00:14:17 [main] [Pages.P04_InformationPage.FillLastName(P04_InformationPage.java:31)] - Gamal-2024-11-09-12-14-10AM
[INFO] 09-11-2024 00:14:17 [main] [Pages.P04_InformationPage.FillZipCode(P04_InformationPage.java:38)] - 41616
[INFO] 09-11-2024 00:14:17 [main] [Listeners.Itest.onTestSuccess(Itest.java:10)] - TestCaseCheckQuantityBeforeFinishPassed
[INFO] 09-11-2024 00:15:21 [main] [Listeners.Itest.onTestStart(Itest.java:18)] - TestCase CheckQuantityBeforeFinishStarted
[INFO] 09-11-2024 00:15:22 [main] [Pages.P02_ProductsPage.selectRandomProduct(P02_ProductsPage.java:61)] - the numbers is [2, 3, 5]
[INFO] 09-11-2024 00:15:23 [main] [Pages.P04_InformationPage.FillFirstName(P04_InformationPage.java:24)] - Ahmed-2024-11-09-12-15-16AM
[INFO] 09-11-2024 00:15:23 [main] [Pages.P04_InformationPage.FillLastName(P04_InformationPage.java:31)] - Gamal-2024-11-09-12-15-16AM
[INFO] 09-11-2024 00:15:23 [main] [Pages.P04_InformationPage.FillZipCode(P04_InformationPage.java:38)] - 41616
[INFO] 09-11-2024 00:15:24 [main] [Pages.P05_CheckOutPage.CheckProductsQuantity(P05_CheckOutPage.java:21)] - Product Quantity is : 3
[INFO] 09-11-2024 00:15:24 [main] [Pages.P05_CheckOutPage.CheckProductsQuantity(P05_CheckOutPage.java:21)] - Product Quantity is : 3
[INFO] 09-11-2024 00:15:24 [main] [Listeners.Itest.onTestSuccess(Itest.java:10)] - TestCaseCheckQuantityBeforeFinishPassed
[INFO] 09-11-2024 00:27:47 [main] [Listeners.Itest.onTestStart(Itest.java:18)] - TestCase testStarted
[INFO] 09-11-2024 00:27:49 [main] [Pages.P02_ProductsPage.selectRandomProduct(P02_ProductsPage.java:61)] - the numbers is [2, 3, 4]
[INFO] 09-11-2024 00:27:50 [main] [Pages.P04_InformationPage.FillFirstName(P04_InformationPage.java:24)] - Ahmed-2024-11-09-12-27-42AM
[INFO] 09-11-2024 00:27:50 [main] [Pages.P04_InformationPage.FillLastName(P04_InformationPage.java:31)] - Gamal-2024-11-09-12-27-42AM
[INFO] 09-11-2024 00:27:50 [main] [Pages.P04_InformationPage.FillZipCode(P04_InformationPage.java:38)] - 41616
[INFO] 09-11-2024 00:28:51 [main] [Listeners.Itest.onTestStart(Itest.java:18)] - TestCase testStarted
[INFO] 09-11-2024 00:28:53 [main] [Pages.P02_ProductsPage.selectRandomProduct(P02_ProductsPage.java:61)] - the numbers is [1, 4, 6]
[INFO] 09-11-2024 00:28:54 [main] [Pages.P04_InformationPage.FillFirstName(P04_InformationPage.java:24)] - Ahmed-2024-11-09-12-28-47AM
[INFO] 09-11-2024 00:28:54 [main] [Pages.P04_InformationPage.FillLastName(P04_InformationPage.java:31)] - Gamal-2024-11-09-12-28-47AM
[INFO] 09-11-2024 00:28:54 [main] [Pages.P04_InformationPage.FillZipCode(P04_InformationPage.java:38)] - 41616
[INFO] 09-11-2024 00:30:46 [main] [Listeners.Itest.onTestStart(Itest.java:18)] - TestCase testStarted
[INFO] 09-11-2024 00:30:48 [main] [Pages.P02_ProductsPage.selectRandomProduct(P02_ProductsPage.java:61)] - the numbers is [2, 3, 5]
[INFO] 09-11-2024 00:30:49 [main] [Pages.P04_InformationPage.FillFirstName(P04_InformationPage.java:24)] - Ahmed-2024-11-09-12-30-37AM
[INFO] 09-11-2024 00:30:50 [main] [Pages.P04_InformationPage.FillLastName(P04_InformationPage.java:31)] - Gamal-2024-11-09-12-30-37AM
[INFO] 09-11-2024 00:30:50 [main] [Pages.P04_InformationPage.FillZipCode(P04_InformationPage.java:38)] - 41616
[INFO] 09-11-2024 00:30:50 [main] [Pages.P05_CheckOutPage.CheckProductsPrices(P05_CheckOutPage.java:40)] - 33.97
[INFO] 09-11-2024 00:30:50 [main] [Listeners.Itest.onTestSuccess(Itest.java:10)] - TestCasetestPassed
[INFO] 09-11-2024 00:31:23 [main] [Listeners.Itest.onTestStart(Itest.java:18)] - TestCase testStarted
[INFO] 09-11-2024 00:31:24 [main] [Pages.P02_ProductsPage.selectRandomProduct(P02_ProductsPage.java:61)] - the numbers is [1, 2, 6]
[INFO] 09-11-2024 00:31:25 [main] [Pages.P04_InformationPage.FillFirstName(P04_InformationPage.java:24)] - Ahmed-2024-11-09-12-31-18AM
[INFO] 09-11-2024 00:31:25 [main] [Pages.P04_InformationPage.FillLastName(P04_InformationPage.java:31)] - Gamal-2024-11-09-12-31-18AM
[INFO] 09-11-2024 00:31:25 [main] [Pages.P04_InformationPage.FillZipCode(P04_InformationPage.java:38)] - 41616
[INFO] 09-11-2024 00:31:26 [main] [Pages.P05_CheckOutPage.CheckProductsPrices(P05_CheckOutPage.java:40)] - 55.97
[INFO] 09-11-2024 00:31:26 [main] [Listeners.Itest.onTestSuccess(Itest.java:10)] - TestCasetestPassed
[INFO] 09-11-2024 00:35:13 [main] [Listeners.Itest.onTestStart(Itest.java:18)] - TestCase testStarted
[INFO] 09-11-2024 00:35:15 [main] [Pages.P02_ProductsPage.selectRandomProduct(P02_ProductsPage.java:61)] - the numbers is [2, 4, 6]
[INFO] 09-11-2024 00:35:16 [main] [Pages.P04_InformationPage.FillFirstName(P04_InformationPage.java:24)] - Ahmed-2024-11-09-12-35-04AM
[INFO] 09-11-2024 00:35:16 [main] [Pages.P04_InformationPage.FillLastName(P04_InformationPage.java:31)] - Gamal-2024-11-09-12-35-04AM
[INFO] 09-11-2024 00:35:16 [main] [Pages.P04_InformationPage.FillZipCode(P04_InformationPage.java:38)] - 41616
[INFO] 09-11-2024 00:35:16 [main] [Pages.P05_CheckOutPage.CheckProductsPrices(P05_CheckOutPage.java:40)] - 75.97
[INFO] 09-11-2024 00:35:16 [main] [Listeners.Itest.onTestSuccess(Itest.java:10)] - TestCasetestPassed
[INFO] 09-11-2024 00:39:21 [main] [Listeners.Itest.onTestStart(Itest.java:18)] - TestCase testStarted
[INFO] 09-11-2024 00:39:23 [main] [Pages.P02_ProductsPage.selectRandomProduct(P02_ProductsPage.java:61)] - the numbers is [3, 5, 6]
[INFO] 09-11-2024 00:39:24 [main] [Pages.P04_InformationPage.FillFirstName(P04_InformationPage.java:24)] - Ahmed-2024-11-09-12-39-14AM
[INFO] 09-11-2024 00:39:24 [main] [Pages.P04_InformationPage.FillLastName(P04_InformationPage.java:31)] - Gamal-2024-11-09-12-39-14AM
[INFO] 09-11-2024 00:39:24 [main] [Pages.P04_InformationPage.FillZipCode(P04_InformationPage.java:38)] - 41616
[INFO] 09-11-2024 00:39:37 [main] [Pages.P05_CheckOutPage.ItemPrices(P05_CheckOutPage.java:47)] - 39.97
[INFO] 09-11-2024 00:40:11 [main] [Listeners.Itest.onTestSuccess(Itest.java:10)] - TestCasetestPassed
[INFO] 09-11-2024 00:40:31 [main] [Listeners.Itest.onTestStart(Itest.java:18)] - TestCase testStarted
[INFO] 09-11-2024 00:40:32 [main] [Pages.P02_ProductsPage.selectRandomProduct(P02_ProductsPage.java:61)] - the numbers is [3, 5, 6]
[INFO] 09-11-2024 00:40:33 [main] [Pages.P04_InformationPage.FillFirstName(P04_InformationPage.java:24)] - Ahmed-2024-11-09-12-40-24AM
[INFO] 09-11-2024 00:40:34 [main] [Pages.P04_InformationPage.FillLastName(P04_InformationPage.java:31)] - Gamal-2024-11-09-12-40-24AM
[INFO] 09-11-2024 00:40:34 [main] [Pages.P04_InformationPage.FillZipCode(P04_InformationPage.java:38)] - 41616
[INFO] 09-11-2024 00:40:43 [main] [Pages.P05_CheckOutPage.ItemPrices(P05_CheckOutPage.java:47)] - 39.97
[INFO] 09-11-2024 00:40:45 [main] [Pages.P05_CheckOutPage.CheckProductsPrices(P05_CheckOutPage.java:40)] - 39.97
[INFO] 09-11-2024 00:40:51 [main] [Listeners.Itest.onTestSuccess(Itest.java:10)] - TestCasetestPassed
[INFO] 09-11-2024 00:51:48 [main] [Listeners.Itest.onTestStart(Itest.java:18)] - TestCase CheckTheSumOfPricesSameAtCarAndChecoutAndTheSumStarted
[INFO] 09-11-2024 00:51:50 [main] [Pages.P02_ProductsPage.selectRandomProduct(P02_ProductsPage.java:61)] - the numbers is [1, 3, 5]
[INFO] 09-11-2024 00:51:51 [main] [Pages.P03_CartPage.CartPagePrices(P03_CartPage.java:48)] - Total Prices53.97
[INFO] 09-11-2024 00:52:59 [main] [Listeners.Itest.onTestStart(Itest.java:18)] - TestCase CheckTheSumOfPricesSameAtCarAndChecoutAndTheSumStarted
[INFO] 09-11-2024 00:53:00 [main] [Pages.P02_ProductsPage.selectRandomProduct(P02_ProductsPage.java:61)] - the numbers is [2, 3, 4]
[INFO] 09-11-2024 00:53:01 [main] [Pages.P03_CartPage.CartPagePrices(P03_CartPage.java:48)] - Total Prices75.97
[INFO] 09-11-2024 00:53:01 [main] [Pages.P04_InformationPage.FillFirstName(P04_InformationPage.java:24)] - Ahmed-2024-11-09-12-52-53AM
[INFO] 09-11-2024 00:53:01 [main] [Pages.P04_InformationPage.FillLastName(P04_InformationPage.java:31)] - Gamal-2024-11-09-12-52-53AM
[INFO] 09-11-2024 00:53:01 [main] [Pages.P04_InformationPage.FillZipCode(P04_InformationPage.java:38)] - 41616
[INFO] 09-11-2024 00:53:02 [main] [Pages.P05_CheckOutPage.CheckProductsPrices(P05_CheckOutPage.java:40)] - 75.97
[INFO] 09-11-2024 00:53:02 [main] [Pages.P05_CheckOutPage.ItemPrices(P05_CheckOutPage.java:47)] - 75.97
[INFO] 09-11-2024 00:53:38 [main] [Listeners.Itest.onTestStart(Itest.java:18)] - TestCase CheckTheSumOfPricesSameAtCarAndChecoutAndTheSumStarted
[INFO] 09-11-2024 00:53:40 [main] [Pages.P02_ProductsPage.selectRandomProduct(P02_ProductsPage.java:61)] - the numbers is [2, 4, 6]
[INFO] 09-11-2024 00:53:41 [main] [Pages.P03_CartPage.CartPagePrices(P03_CartPage.java:48)] - Total Prices75.97
[INFO] 09-11-2024 00:53:41 [main] [Pages.P04_InformationPage.FillFirstName(P04_InformationPage.java:24)] - Ahmed-2024-11-09-12-53-34AM
[INFO] 09-11-2024 00:53:41 [main] [Pages.P04_InformationPage.FillLastName(P04_InformationPage.java:31)] - Gamal-2024-11-09-12-53-34AM
[INFO] 09-11-2024 00:53:41 [main] [Pages.P04_InformationPage.FillZipCode(P04_InformationPage.java:38)] - 41616
[INFO] 09-11-2024 00:53:42 [main] [Pages.P05_CheckOutPage.CheckProductsPrices(P05_CheckOutPage.java:40)] - 75.97
[INFO] 09-11-2024 00:53:42 [main] [Pages.P05_CheckOutPage.ItemPrices(P05_CheckOutPage.java:47)] - 75.97
[INFO] 09-11-2024 00:54:57 [main] [Listeners.Itest.onTestStart(Itest.java:18)] - TestCase CheckTheSumOfPricesSameAtCarAndChecoutAndTheSumStarted
[INFO] 09-11-2024 00:54:59 [main] [Pages.P02_ProductsPage.selectRandomProduct(P02_ProductsPage.java:61)] - the numbers is [2, 5, 6]
[INFO] 09-11-2024 00:55:00 [main] [Pages.P03_CartPage.CartPagePrices(P03_CartPage.java:48)] - Total Prices33.97
[INFO] 09-11-2024 00:55:00 [main] [Pages.P03_CartPage.CartPagePrices(P03_CartPage.java:49)] - 33.97
[INFO] 09-11-2024 00:55:00 [main] [Pages.P04_InformationPage.FillFirstName(P04_InformationPage.java:24)] - Ahmed-2024-11-09-12-54-53AM
[INFO] 09-11-2024 00:55:00 [main] [Pages.P04_InformationPage.FillLastName(P04_InformationPage.java:31)] - Gamal-2024-11-09-12-54-53AM
[INFO] 09-11-2024 00:55:00 [main] [Pages.P04_InformationPage.FillZipCode(P04_InformationPage.java:38)] - 41616
[INFO] 09-11-2024 00:55:01 [main] [Pages.P05_CheckOutPage.CheckProductsPrices(P05_CheckOutPage.java:40)] - 33.97
[INFO] 09-11-2024 00:55:01 [main] [Pages.P05_CheckOutPage.ItemPrices(P05_CheckOutPage.java:47)] - 33.97
[INFO] 09-11-2024 00:56:05 [main] [Listeners.Itest.onTestStart(Itest.java:18)] - TestCase CheckTheSumOfPricesSameAtCarAndChecoutAndTheSumStarted
[INFO] 09-11-2024 00:56:07 [main] [Pages.P02_ProductsPage.selectRandomProduct(P02_ProductsPage.java:61)] - the numbers is [1, 4, 6]
[INFO] 09-11-2024 00:56:08 [main] [Pages.P03_CartPage.CartPagePrices(P03_CartPage.java:48)] - Total Prices95.97
[INFO] 09-11-2024 00:56:08 [main] [Pages.P03_CartPage.CartPagePrices(P03_CartPage.java:49)] - 95.97
[INFO] 09-11-2024 00:56:08 [main] [Pages.P04_InformationPage.FillFirstName(P04_InformationPage.java:24)] - Ahmed-2024-11-09-12-55-56AM
[INFO] 09-11-2024 00:56:09 [main] [Pages.P04_InformationPage.FillLastName(P04_InformationPage.java:31)] - Gamal-2024-11-09-12-55-56AM
[INFO] 09-11-2024 00:56:09 [main] [Pages.P04_InformationPage.FillZipCode(P04_InformationPage.java:38)] - 41616
[INFO] 09-11-2024 00:56:09 [main] [Pages.P05_CheckOutPage.CheckProductsPrices(P05_CheckOutPage.java:40)] - 95.97
[INFO] 09-11-2024 00:56:09 [main] [Pages.P05_CheckOutPage.ItemPrices(P05_CheckOutPage.java:47)] - 95.97
[INFO] 09-11-2024 00:58:50 [main] [Listeners.Itest.onTestStart(Itest.java:18)] - TestCase CheckTheSumOfPricesSameAtCarAndChecoutAndTheSumStarted
[INFO] 09-11-2024 00:58:52 [main] [Pages.P02_ProductsPage.selectRandomProduct(P02_ProductsPage.java:61)] - the numbers is [4, 5, 6]
[INFO] 09-11-2024 00:58:52 [main] [Pages.P03_CartPage.CartPagePrices(P03_CartPage.java:48)] - Total Prices73.97
[INFO] 09-11-2024 00:58:52 [main] [Pages.P03_CartPage.CartPagePrices(P03_CartPage.java:49)] - 73.97
[INFO] 09-11-2024 00:58:53 [main] [Pages.P04_InformationPage.FillFirstName(P04_InformationPage.java:24)] - Ahmed-2024-11-09-12-58-43AM
[INFO] 09-11-2024 00:58:53 [main] [Pages.P04_InformationPage.FillLastName(P04_InformationPage.java:31)] - Gamal-2024-11-09-12-58-43AM
[INFO] 09-11-2024 00:58:53 [main] [Pages.P04_InformationPage.FillZipCode(P04_InformationPage.java:38)] - 41616
[INFO] 09-11-2024 00:58:53 [main] [Pages.P05_CheckOutPage.CheckProductsPrices(P05_CheckOutPage.java:40)] - 73.97
[INFO] 09-11-2024 00:58:54 [main] [Pages.P05_CheckOutPage.ItemPrices(P05_CheckOutPage.java:47)] - 73.97
[INFO] 09-11-2024 01:01:07 [main] [Listeners.Itest.onTestStart(Itest.java:18)] - TestCase CheckTheSumOfPricesSameAtCarAndChecoutAndTheSumStarted
[INFO] 09-11-2024 01:01:09 [main] [Pages.P02_ProductsPage.selectRandomProduct(P02_ProductsPage.java:61)] - the numbers is [1, 5, 6]
[INFO] 09-11-2024 01:01:09 [main] [Pages.P03_CartPage.CartPagePrices(P03_CartPage.java:48)] - 53.97
[INFO] 09-11-2024 01:01:10 [main] [Pages.P04_InformationPage.FillFirstName(P04_InformationPage.java:24)] - Ahmed-2024-11-09-1-1-03AM
[INFO] 09-11-2024 01:01:10 [main] [Pages.P04_InformationPage.FillLastName(P04_InformationPage.java:31)] - Gamal-2024-11-09-1-1-03AM
[INFO] 09-11-2024 01:01:10 [main] [Pages.P04_InformationPage.FillZipCode(P04_InformationPage.java:38)] - 41616
[INFO] 09-11-2024 01:01:10 [main] [Pages.P05_CheckOutPage.CheckProductsPrices(P05_CheckOutPage.java:40)] - 53.97
[INFO] 09-11-2024 01:01:10 [main] [Pages.P05_CheckOutPage.ItemPrices(P05_CheckOutPage.java:47)] - 53.97
[INFO] 09-11-2024 01:05:21 [main] [Listeners.Itest.onTestStart(Itest.java:18)] - TestCase CheckTheSumOfPricesSameAtCarAndChecoutAndTheSumStarted
[INFO] 09-11-2024 01:05:22 [main] [Pages.P02_ProductsPage.selectRandomProduct(P02_ProductsPage.java:61)] - the numbers is [1, 2, 4]
[INFO] 09-11-2024 01:05:23 [main] [Pages.P03_CartPage.CartPagePrices(P03_CartPage.java:48)] - 89.97
[INFO] 09-11-2024 01:05:24 [main] [Pages.P04_InformationPage.FillFirstName(P04_InformationPage.java:24)] - Ahmed-2024-11-09-1-5-17AM
[INFO] 09-11-2024 01:05:24 [main] [Pages.P04_InformationPage.FillLastName(P04_InformationPage.java:31)] - Gamal-2024-11-09-1-5-17AM
[INFO] 09-11-2024 01:05:24 [main] [Pages.P04_InformationPage.FillZipCode(P04_InformationPage.java:38)] - 41616
[INFO] 09-11-2024 01:05:24 [main] [Pages.P05_CheckOutPage.CheckProductsPrices(P05_CheckOutPage.java:40)] - 89.97
[INFO] 09-11-2024 01:05:24 [main] [Pages.P05_CheckOutPage.ItemPrices(P05_CheckOutPage.java:47)] - 89.97
[INFO] 09-11-2024 01:06:35 [main] [Listeners.Itest.onTestStart(Itest.java:18)] - TestCase CheckTheSumOfPricesSameAtCarAndChecoutAndTheSumStarted
[INFO] 09-11-2024 01:06:37 [main] [Pages.P02_ProductsPage.selectRandomProduct(P02_ProductsPage.java:61)] - the numbers is [2, 5, 6]
[INFO] 09-11-2024 01:06:37 [main] [Pages.P03_CartPage.CartPagePrices(P03_CartPage.java:48)] - 33.97
[INFO] 09-11-2024 01:06:38 [main] [Pages.P04_InformationPage.FillFirstName(P04_InformationPage.java:24)] - Ahmed-2024-11-09-1-6-31AM
[INFO] 09-11-2024 01:06:38 [main] [Pages.P04_InformationPage.FillLastName(P04_InformationPage.java:31)] - Gamal-2024-11-09-1-6-31AM
[INFO] 09-11-2024 01:06:38 [main] [Pages.P04_InformationPage.FillZipCode(P04_InformationPage.java:38)] - 41616
[INFO] 09-11-2024 01:06:38 [main] [Pages.P05_CheckOutPage.CheckProductsPrices(P05_CheckOutPage.java:40)] - 33.97
[INFO] 09-11-2024 01:06:39 [main] [Pages.P05_CheckOutPage.ItemPrices(P05_CheckOutPage.java:47)] - 33.97
[INFO] 09-11-2024 01:07:37 [main] [Listeners.Itest.onTestStart(Itest.java:18)] - TestCase CheckTheSumOfPricesSameAtCarAndChecoutAndTheSumStarted
[INFO] 09-11-2024 01:07:39 [main] [Pages.P02_ProductsPage.selectRandomProduct(P02_ProductsPage.java:61)] - the numbers is [1, 2, 3]
[INFO] 09-11-2024 01:07:39 [main] [Pages.P03_CartPage.CartPagePrices(P03_CartPage.java:48)] - 55.97
[INFO] 09-11-2024 01:07:40 [main] [Pages.P04_InformationPage.FillFirstName(P04_InformationPage.java:24)] - Ahmed-2024-11-09-1-7-31AM
[INFO] 09-11-2024 01:07:40 [main] [Pages.P04_InformationPage.FillLastName(P04_InformationPage.java:31)] - Gamal-2024-11-09-1-7-31AM
[INFO] 09-11-2024 01:07:40 [main] [Pages.P04_InformationPage.FillZipCode(P04_InformationPage.java:38)] - 41616
[INFO] 09-11-2024 01:07:40 [main] [Pages.P05_CheckOutPage.CheckProductsPrices(P05_CheckOutPage.java:40)] - 55.97
[INFO] 09-11-2024 01:07:41 [main] [Pages.P05_CheckOutPage.ItemPrices(P05_CheckOutPage.java:47)] - 55.97
[INFO] 09-11-2024 01:07:41 [main] [Listeners.Itest.onTestSuccess(Itest.java:10)] - TestCaseCheckTheSumOfPricesSameAtCarAndChecoutAndTheSumPassed
[INFO] 09-11-2024 01:09:10 [main] [Listeners.Itest.onTestStart(Itest.java:18)] - TestCase CheckTheSumOfPricesSameAtCarAndChecoutAndTheSumStarted
[INFO] 09-11-2024 01:09:11 [main] [Pages.P02_ProductsPage.selectRandomProduct(P02_ProductsPage.java:61)] - the numbers is [1, 2, 5]
[INFO] 09-11-2024 01:09:12 [main] [Pages.P03_CartPage.CartPagePrices(P03_CartPage.java:48)] - 47.97
[INFO] 09-11-2024 01:09:13 [main] [Pages.P04_InformationPage.FillFirstName(P04_InformationPage.java:24)] - Ahmed-2024-11-09-1-9-04AM
[INFO] 09-11-2024 01:09:13 [main] [Pages.P04_InformationPage.FillLastName(P04_InformationPage.java:31)] - Gamal-2024-11-09-1-9-04AM
[INFO] 09-11-2024 01:09:13 [main] [Pages.P04_InformationPage.FillZipCode(P04_InformationPage.java:38)] - 41616
[INFO] 09-11-2024 01:09:13 [main] [Pages.P05_CheckOutPage.CheckProductsPrices(P05_CheckOutPage.java:40)] - 47.97
[INFO] 09-11-2024 01:09:13 [main] [Pages.P05_CheckOutPage.ItemPrices(P05_CheckOutPage.java:46)] - 47.97
[INFO] 09-11-2024 01:09:13 [main] [Listeners.Itest.onTestSuccess(Itest.java:10)] - TestCaseCheckTheSumOfPricesSameAtCarAndChecoutAndTheSumPassed
[INFO] 09-11-2024 01:11:45 [main] [Listeners.Itest.onTestStart(Itest.java:18)] - TestCase CheckTheSumOfPricesSameAtCarAndChecoutAndTheSumStarted
[INFO] 09-11-2024 01:11:47 [main] [Pages.P02_ProductsPage.selectRandomProduct(P02_ProductsPage.java:61)] - the numbers is [2, 4, 5]
[INFO] 09-11-2024 01:11:47 [main] [Pages.P03_CartPage.CartPagePrices(P03_CartPage.java:48)] - 67.97
[INFO] 09-11-2024 01:11:48 [main] [Pages.P04_InformationPage.FillFirstName(P04_InformationPage.java:24)] - Ahmed-2024-11-09-1-11-40AM
[INFO] 09-11-2024 01:11:48 [main] [Pages.P04_InformationPage.FillLastName(P04_InformationPage.java:31)] - Gamal-2024-11-09-1-11-40AM
[INFO] 09-11-2024 01:11:48 [main] [Pages.P04_InformationPage.FillZipCode(P04_InformationPage.java:38)] - 41616
[INFO] 09-11-2024 01:11:48 [main] [Pages.P05_CheckOutPage.CheckProductsPrices(P05_CheckOutPage.java:40)] - 67.97
[INFO] 09-11-2024 01:11:48 [main] [Pages.P05_CheckOutPage.ItemPrices(P05_CheckOutPage.java:47)] - 67.97
[INFO] 09-11-2024 01:13:23 [main] [Listeners.Itest.onTestStart(Itest.java:18)] - TestCase CheckTheSumOfPricesSameAtCarAndChecoutAndTheSumStarted
[INFO] 09-11-2024 01:13:25 [main] [Pages.P02_ProductsPage.selectRandomProduct(P02_ProductsPage.java:61)] - the numbers is [4, 5, 6]
[INFO] 09-11-2024 01:13:25 [main] [Pages.P03_CartPage.CartPagePrices(P03_CartPage.java:48)] - 73.97
[INFO] 09-11-2024 01:13:26 [main] [Pages.P04_InformationPage.FillFirstName(P04_InformationPage.java:24)] - Ahmed-2024-11-09-1-13-19AM
[INFO] 09-11-2024 01:13:26 [main] [Pages.P04_InformationPage.FillLastName(P04_InformationPage.java:31)] - Gamal-2024-11-09-1-13-19AM
[INFO] 09-11-2024 01:13:26 [main] [Pages.P04_InformationPage.FillZipCode(P04_InformationPage.java:38)] - 41616
[INFO] 09-11-2024 01:13:26 [main] [Pages.P05_CheckOutPage.CheckProductsPrices(P05_CheckOutPage.java:40)] - 73.97
[INFO] 09-11-2024 01:13:26 [main] [Pages.P05_CheckOutPage.ItemPrices(P05_CheckOutPage.java:47)] - 73.97
[INFO] 09-11-2024 01:13:55 [main] [Listeners.Itest.onTestStart(Itest.java:18)] - TestCase CheckTheSumOfPricesSameAtCarAndChecoutAndTheSumStarted
[INFO] 09-11-2024 01:13:56 [main] [Pages.P02_ProductsPage.selectRandomProduct(P02_ProductsPage.java:61)] - the numbers is [1, 3, 6]
[INFO] 09-11-2024 01:13:57 [main] [Pages.P03_CartPage.CartPagePrices(P03_CartPage.java:48)] - 61.97
[INFO] 09-11-2024 01:13:57 [main] [Pages.P04_InformationPage.FillFirstName(P04_InformationPage.java:24)] - Ahmed-2024-11-09-1-13-50AM
[INFO] 09-11-2024 01:13:57 [main] [Pages.P04_InformationPage.FillLastName(P04_InformationPage.java:31)] - Gamal-2024-11-09-1-13-50AM
[INFO] 09-11-2024 01:13:57 [main] [Pages.P04_InformationPage.FillZipCode(P04_InformationPage.java:38)] - 41616
[INFO] 09-11-2024 01:13:58 [main] [Pages.P05_CheckOutPage.CheckProductsPrices(P05_CheckOutPage.java:40)] - 61.97
[INFO] 09-11-2024 01:13:58 [main] [Pages.P05_CheckOutPage.ItemPrices(P05_CheckOutPage.java:47)] - 61.97
[INFO] 09-11-2024 01:14:27 [main] [Listeners.Itest.onTestStart(Itest.java:18)] - TestCase CheckTheSumOfPricesSameAtCarAndChecoutAndTheSumStarted
[INFO] 09-11-2024 01:14:29 [main] [Pages.P02_ProductsPage.selectRandomProduct(P02_ProductsPage.java:61)] - the numbers is [1, 2, 4]
[INFO] 09-11-2024 01:14:29 [main] [Pages.P03_CartPage.CartPagePrices(P03_CartPage.java:48)] - 89.97
[INFO] 09-11-2024 01:14:30 [main] [Pages.P04_InformationPage.FillFirstName(P04_InformationPage.java:24)] - Ahmed-2024-11-09-1-14-23AM
[INFO] 09-11-2024 01:14:30 [main] [Pages.P04_InformationPage.FillLastName(P04_InformationPage.java:31)] - Gamal-2024-11-09-1-14-23AM
[INFO] 09-11-2024 01:14:30 [main] [Pages.P04_InformationPage.FillZipCode(P04_InformationPage.java:38)] - 41616
[INFO] 09-11-2024 01:14:30 [main] [Pages.P05_CheckOutPage.CheckProductsPrices(P05_CheckOutPage.java:40)] - 89.97
[INFO] 09-11-2024 01:14:30 [main] [Pages.P05_CheckOutPage.ItemPrices(P05_CheckOutPage.java:47)] - 89.97
[INFO] 09-11-2024 01:16:39 [main] [Listeners.Itest.onTestStart(Itest.java:18)] - TestCase CheckTheSumOfPricesSameAtCarAndChecoutAndTheSumStarted
[INFO] 09-11-2024 01:16:41 [main] [Pages.P02_ProductsPage.selectRandomProduct(P02_ProductsPage.java:61)] - the numbers is [1, 5, 6]
[INFO] 09-11-2024 01:16:42 [main] [Pages.P03_CartPage.CartPagePrices(P03_CartPage.java:48)] - 53.97
[INFO] 09-11-2024 01:16:42 [main] [Pages.P04_InformationPage.FillFirstName(P04_InformationPage.java:24)] - Ahmed-2024-11-09-1-16-34AM
[INFO] 09-11-2024 01:16:42 [main] [Pages.P04_InformationPage.FillLastName(P04_InformationPage.java:31)] - Gamal-2024-11-09-1-16-34AM
[INFO] 09-11-2024 01:16:42 [main] [Pages.P04_InformationPage.FillZipCode(P04_InformationPage.java:38)] - 41616
[INFO] 09-11-2024 01:16:43 [main] [Pages.P05_CheckOutPage.CheckProductsPrices(P05_CheckOutPage.java:40)] - 53.97
[INFO] 09-11-2024 01:16:43 [main] [Pages.P05_CheckOutPage.ItemPrices(P05_CheckOutPage.java:46)] - 53.97
[INFO] 09-11-2024 01:19:11 [main] [Listeners.Itest.onTestStart(Itest.java:18)] - TestCase CheckTheSumOfPricesSameAtCarAndChecoutAndTheSumStarted
[INFO] 09-11-2024 01:19:13 [main] [Pages.P02_ProductsPage.selectRandomProduct(P02_ProductsPage.java:61)] - the numbers is [2, 5, 6]
[INFO] 09-11-2024 01:19:14 [main] [Pages.P03_CartPage.CartPagePrices(P03_CartPage.java:48)] - 33.97
[INFO] 09-11-2024 01:19:14 [main] [Pages.P04_InformationPage.FillFirstName(P04_InformationPage.java:24)] - Ahmed-2024-11-09-1-19-07AM
[INFO] 09-11-2024 01:19:14 [main] [Pages.P04_InformationPage.FillLastName(P04_InformationPage.java:31)] - Gamal-2024-11-09-1-19-07AM
[INFO] 09-11-2024 01:19:14 [main] [Pages.P04_InformationPage.FillZipCode(P04_InformationPage.java:38)] - 41616
[INFO] 09-11-2024 01:19:15 [main] [Pages.P05_CheckOutPage.CheckProductsPrices(P05_CheckOutPage.java:40)] - 33.97
[INFO] 09-11-2024 01:19:15 [main] [Pages.P05_CheckOutPage.ItemPrices(P05_CheckOutPage.java:46)] - 33.97
[INFO] 09-11-2024 01:19:15 [main] [Listeners.Itest.onTestSuccess(Itest.java:10)] - TestCaseCheckTheSumOfPricesSameAtCarAndChecoutAndTheSumPassed
[INFO] 09-11-2024 01:24:30 [main] [Listeners.Itest.onTestStart(Itest.java:18)] - TestCase CheckTheSumOfPricesSameAtCarAndChecoutAndTheSumStarted
[INFO] 09-11-2024 01:24:31 [main] [Pages.P02_ProductsPage.selectRandomProduct(P02_ProductsPage.java:61)] - the numbers is [2, 3, 6]
[INFO] 09-11-2024 01:24:32 [main] [Pages.P03_CartPage.CartPagePrices(P03_CartPage.java:48)] - 41.97
[INFO] 09-11-2024 01:24:32 [main] [Pages.P04_InformationPage.FillFirstName(P04_InformationPage.java:24)] - Ahmed-2024-11-09-1-24-25AM
[INFO] 09-11-2024 01:24:33 [main] [Pages.P04_InformationPage.FillLastName(P04_InformationPage.java:31)] - Gamal-2024-11-09-1-24-25AM
[INFO] 09-11-2024 01:24:33 [main] [Pages.P04_InformationPage.FillZipCode(P04_InformationPage.java:38)] - 41616
[INFO] 09-11-2024 01:24:33 [main] [Pages.P05_CheckOutPage.CheckProductsPrices(P05_CheckOutPage.java:40)] - 41.97
[INFO] 09-11-2024 01:24:33 [main] [Pages.P05_CheckOutPage.ItemPrices(P05_CheckOutPage.java:46)] - 41.97
[INFO] 09-11-2024 01:24:33 [main] [Pages.P05_CheckOutPage.ItemPrices(P05_CheckOutPage.java:46)] - 41.97
[INFO] 09-11-2024 01:24:33 [main] [Listeners.Itest.onTestSuccess(Itest.java:10)] - TestCaseCheckTheSumOfPricesSameAtCarAndChecoutAndTheSumPassed
[INFO] 09-11-2024 01:39:18 [main] [Listeners.Itest.onTestStart(Itest.java:18)] - TestCase CheckTheTotalPriceStarted
[INFO] 09-11-2024 01:39:20 [main] [Pages.P02_ProductsPage.selectRandomProduct(P02_ProductsPage.java:61)] - the numbers is [2, 3, 5]
[INFO] 09-11-2024 01:39:21 [main] [Pages.P04_InformationPage.FillFirstName(P04_InformationPage.java:24)] - Ahmed-2024-11-09-1-39-12AM
[INFO] 09-11-2024 01:39:21 [main] [Pages.P04_InformationPage.FillLastName(P04_InformationPage.java:31)] - Gamal-2024-11-09-1-39-12AM
[INFO] 09-11-2024 01:39:21 [main] [Pages.P04_InformationPage.FillZipCode(P04_InformationPage.java:38)] - 41616
[INFO] 09-11-2024 01:39:22 [main] [Pages.P05_CheckOutPage.ItemPrices(P05_CheckOutPage.java:48)] - 33.97
[INFO] 09-11-2024 01:40:16 [main] [Listeners.Itest.onTestStart(Itest.java:18)] - TestCase CheckTheTotalPriceStarted
[INFO] 09-11-2024 01:40:17 [main] [Pages.P02_ProductsPage.selectRandomProduct(P02_ProductsPage.java:61)] - the numbers is [2, 4, 5]
[INFO] 09-11-2024 01:40:19 [main] [Pages.P04_InformationPage.FillFirstName(P04_InformationPage.java:24)] - Ahmed-2024-11-09-1-40-11AM
[INFO] 09-11-2024 01:40:19 [main] [Pages.P04_InformationPage.FillLastName(P04_InformationPage.java:31)] - Gamal-2024-11-09-1-40-11AM
[INFO] 09-11-2024 01:40:19 [main] [Pages.P04_InformationPage.FillZipCode(P04_InformationPage.java:38)] - 41616
[INFO] 09-11-2024 01:40:19 [main] [Pages.P05_CheckOutPage.ItemPrices(P05_CheckOutPage.java:48)] - 67.97
[INFO] 09-11-2024 01:40:19 [main] [Pages.P05_CheckOutPage.CheckTotalWithTaxes(P05_CheckOutPage.java:68)] - 73.41
[INFO] 09-11-2024 01:40:19 [main] [Pages.P05_CheckOutPage.CheckTotalWithTaxes(P05_CheckOutPage.java:69)] - 73.41
[INFO] 09-11-2024 01:40:19 [main] [Listeners.Itest.onTestSuccess(Itest.java:10)] - TestCaseCheckTheTotalPricePassed
[INFO] 09-11-2024 01:41:02 [main] [Listeners.Itest.onTestStart(Itest.java:18)] - TestCase CheckTheTotalPriceStarted
[INFO] 09-11-2024 01:41:04 [main] [Pages.P02_ProductsPage.selectRandomProduct(P02_ProductsPage.java:61)] - the numbers is [1, 4, 6]
[INFO] 09-11-2024 01:41:04 [main] [Pages.P04_InformationPage.FillFirstName(P04_InformationPage.java:24)] - Ahmed-2024-11-09-1-40-56AM
[INFO] 09-11-2024 01:41:05 [main] [Pages.P04_InformationPage.FillLastName(P04_InformationPage.java:31)] - Gamal-2024-11-09-1-40-56AM
[INFO] 09-11-2024 01:41:05 [main] [Pages.P04_InformationPage.FillZipCode(P04_InformationPage.java:38)] - 41616
[INFO] 09-11-2024 01:41:05 [main] [Pages.P05_CheckOutPage.ItemPrices(P05_CheckOutPage.java:48)] - 95.97
[INFO] 09-11-2024 01:41:05 [main] [Pages.P05_CheckOutPage.CheckTotalWithTaxes(P05_CheckOutPage.java:68)] - 103.65
[INFO] 09-11-2024 01:41:05 [main] [Pages.P05_CheckOutPage.CheckTotalWithTaxes(P05_CheckOutPage.java:69)] - 103.65
[INFO] 09-11-2024 01:41:05 [main] [Listeners.Itest.onTestSuccess(Itest.java:10)] - TestCaseCheckTheTotalPricePassed
[INFO] 09-11-2024 14:18:20 [main] [Listeners.Itest.onTestStart(Itest.java:18)] - TestCase CheckFinishButtonRedirectionStarted
[INFO] 09-11-2024 14:18:21 [main] [Pages.P02_ProductsPage.selectRandomProduct(P02_ProductsPage.java:61)] - the numbers is [1, 4, 5]
[INFO] 09-11-2024 14:18:23 [main] [Pages.P04_InformationPage.FillFirstName(P04_InformationPage.java:24)] - Ahmed-2024-11-09-2-17-58PM
[INFO] 09-11-2024 14:18:23 [main] [Pages.P04_InformationPage.FillLastName(P04_InformationPage.java:31)] - Gamal-2024-11-09-2-17-58PM
[INFO] 09-11-2024 14:18:23 [main] [Pages.P04_InformationPage.FillZipCode(P04_InformationPage.java:38)] - 41616
[INFO] 09-11-2024 14:18:24 [main] [Listeners.Itest.onTestSuccess(Itest.java:10)] - TestCaseCheckFinishButtonRedirectionPassed
[INFO] 09-11-2024 14:19:12 [main] [Listeners.Itest.onTestStart(Itest.java:18)] - TestCase CheckCancelButtonRedirectionStarted
[INFO] 09-11-2024 14:19:14 [main] [Pages.P02_ProductsPage.selectRandomProduct(P02_ProductsPage.java:61)] - the numbers is [3, 5, 6]
[INFO] 09-11-2024 14:19:15 [main] [Pages.P04_InformationPage.FillFirstName(P04_InformationPage.java:24)] - Ahmed-2024-11-09-2-19-05PM
[INFO] 09-11-2024 14:19:15 [main] [Pages.P04_InformationPage.FillLastName(P04_InformationPage.java:31)] - Gamal-2024-11-09-2-19-05PM
[INFO] 09-11-2024 14:19:15 [main] [Pages.P04_InformationPage.FillZipCode(P04_InformationPage.java:38)] - 41616
[INFO] 09-11-2024 14:19:15 [main] [Listeners.Itest.onTestSuccess(Itest.java:10)] - TestCaseCheckCancelButtonRedirectionPassed
[INFO] 09-11-2024 17:14:43 [main] [Pages.P02_ProductsPage.selectRandomProduct(P02_ProductsPage.java:61)] - the numbers is [2, 3, 5]
[INFO] 09-11-2024 17:14:44 [main] [Pages.P04_InformationPage.FillFirstName(P04_InformationPage.java:24)] - Ahmed-2024-11-09-5-14-22PM
[INFO] 09-11-2024 17:14:45 [main] [Pages.P04_InformationPage.FillLastName(P04_InformationPage.java:31)] - Gamal-2024-11-09-5-14-22PM
[INFO] 09-11-2024 17:14:45 [main] [Pages.P04_InformationPage.FillZipCode(P04_InformationPage.java:38)] - 41616
[INFO] 09-11-2024 17:33:34 [main] [Listeners.Itest.onTestStart(Itest.java:18)] - TestCase CheckCancelButtonRedirectionStarted
[INFO] 09-11-2024 17:33:36 [main] [Pages.P02_ProductsPage.selectRandomProduct(P02_ProductsPage.java:61)] - the numbers is [2, 3, 4]
[INFO] 09-11-2024 17:33:37 [main] [Pages.P04_InformationPage.FillFirstName(P04_InformationPage.java:24)] - Ahmed-2024-11-09-5-33-27PM
[INFO] 09-11-2024 17:33:37 [main] [Pages.P04_InformationPage.FillLastName(P04_InformationPage.java:31)] - Gamal-2024-11-09-5-33-27PM
[INFO] 09-11-2024 17:33:37 [main] [Pages.P04_InformationPage.FillZipCode(P04_InformationPage.java:38)] - 41616
[INFO] 09-11-2024 17:33:38 [main] [Listeners.Itest.onTestSuccess(Itest.java:10)] - TestCaseCheckCancelButtonRedirectionPassed
[INFO] 09-11-2024 17:50:11 [main] [Listeners.Itest.onTestStart(Itest.java:18)] - TestCase valid_LoginStarted
[INFO] 09-11-2024 17:50:13 [main] [Listeners.Itest.onTestSuccess(Itest.java:10)] - TestCasevalid_LoginPassed
[INFO] 09-11-2024 17:50:18 [main] [Listeners.Itest.onTestStart(Itest.java:18)] - TestCase AddRandomProductsStarted
[INFO] 09-11-2024 17:50:26 [main] [Listeners.Itest.onTestStart(Itest.java:18)] - TestCase CheckAllProductsAddStarted
[INFO] 09-11-2024 17:50:28 [main] [Pages.P02_ProductsPage.ClickAddAllToCart(P02_ProductsPage.java:33)] - number of products is :6
[INFO] 09-11-2024 17:50:29 [main] [Pages.P02_ProductsPage.CompareBetweenSelectedAndResult(P02_ProductsPage.java:53)] - number is 6
[INFO] 09-11-2024 17:50:29 [main] [Listeners.Itest.onTestSuccess(Itest.java:10)] - TestCaseCheckAllProductsAddPassed
[INFO] 09-11-2024 17:50:33 [main] [Listeners.Itest.onTestStart(Itest.java:18)] - TestCase CheckContinueshoppingStarted
[INFO] 09-11-2024 17:50:35 [main] [Pages.P03_CartPage.CheckPage(P03_CartPage.java:26)] - https://www.saucedemo.com/v1/inventory.html
[INFO] 09-11-2024 17:50:35 [main] [Listeners.Itest.onTestSuccess(Itest.java:10)] - TestCaseCheckContinueshoppingPassed
[INFO] 09-11-2024 17:50:38 [main] [Listeners.Itest.onTestStart(Itest.java:18)] - TestCase CheckRedirectCheckoutStarted
[INFO] 09-11-2024 17:50:40 [main] [Pages.P03_CartPage.CheckPage(P03_CartPage.java:26)] - https://www.saucedemo.com/v1/checkout-step-one.html
[INFO] 09-11-2024 17:50:40 [main] [Listeners.Itest.onTestSuccess(Itest.java:10)] - TestCaseCheckRedirectCheckoutPassed
[INFO] 09-11-2024 17:50:43 [main] [Listeners.Itest.onTestStart(Itest.java:18)] - TestCase CheckRedirectTocartStarted
[INFO] 09-11-2024 17:50:45 [main] [Pages.P03_CartPage.CheckPage(P03_CartPage.java:26)] - https://www.saucedemo.com/v1/cart.html
[INFO] 09-11-2024 17:50:45 [main] [Listeners.Itest.onTestSuccess(Itest.java:10)] - TestCaseCheckRedirectTocartPassed
[INFO] 09-11-2024 17:50:48 [main] [Listeners.Itest.onTestStart(Itest.java:18)] - TestCase CheckThePriceSmeInCartStarted
[INFO] 09-11-2024 17:50:50 [main] [Pages.P02_ProductsPage.selectRandomProduct(P02_ProductsPage.java:61)] - the numbers is [2, 3, 4]
[INFO] 09-11-2024 17:50:50 [main] [Pages.P02_ProductsPage.ProductPagePrices(P02_ProductsPage.java:89)] - Total Prices75.97
[INFO] 09-11-2024 17:50:51 [main] [Pages.P03_CartPage.CartPagePrices(P03_CartPage.java:48)] - 75.97
[INFO] 09-11-2024 17:50:51 [main] [Pages.P03_CartPage.CartPagePrices(P03_CartPage.java:48)] - 75.97
[INFO] 09-11-2024 17:50:51 [main] [Listeners.Itest.onTestSuccess(Itest.java:10)] - TestCaseCheckThePriceSmeInCartPassed
[INFO] 09-11-2024 17:50:54 [main] [Listeners.Itest.onTestStart(Itest.java:18)] - TestCase CheckTheQuantityStarted
[INFO] 09-11-2024 17:50:59 [main] [Listeners.Itest.onTestStart(Itest.java:18)] - TestCase CancelButtonStarted
[INFO] 09-11-2024 17:51:01 [main] [Pages.P02_ProductsPage.selectRandomProduct(P02_ProductsPage.java:61)] - the numbers is [2, 4, 6]
[INFO] 09-11-2024 17:51:02 [main] [Pages.P04_InformationPage.FillFirstName(P04_InformationPage.java:24)] - Ahmed-2024-11-09-5-49-55PM
[INFO] 09-11-2024 17:51:02 [main] [Pages.P04_InformationPage.FillLastName(P04_InformationPage.java:31)] - Gamal-2024-11-09-5-49-55PM
[INFO] 09-11-2024 17:51:02 [main] [Pages.P04_InformationPage.FillZipCode(P04_InformationPage.java:38)] - 41616
[INFO] 09-11-2024 17:51:02 [main] [Listeners.Itest.onTestSuccess(Itest.java:10)] - TestCaseCancelButtonPassed
[INFO] 09-11-2024 17:51:07 [main] [Listeners.Itest.onTestStart(Itest.java:18)] - TestCase FillInformationsStarted
[INFO] 09-11-2024 17:51:08 [main] [Pages.P02_ProductsPage.selectRandomProduct(P02_ProductsPage.java:61)] - the numbers is [2, 4, 5]
[INFO] 09-11-2024 17:51:09 [main] [Pages.P04_InformationPage.FillFirstName(P04_InformationPage.java:24)] - Ahmed-2024-11-09-5-49-55PM
[INFO] 09-11-2024 17:51:10 [main] [Pages.P04_InformationPage.FillLastName(P04_InformationPage.java:31)] - Gamal-2024-11-09-5-49-55PM
[INFO] 09-11-2024 17:51:10 [main] [Pages.P04_InformationPage.FillZipCode(P04_InformationPage.java:38)] - 41616
[INFO] 09-11-2024 17:51:10 [main] [Listeners.Itest.onTestSuccess(Itest.java:10)] - TestCaseFillInformationsPassed
[INFO] 09-11-2024 17:51:14 [main] [Listeners.Itest.onTestStart(Itest.java:18)] - TestCase CheckCancelButtonRedirectionStarted
[INFO] 09-11-2024 17:51:16 [main] [Pages.P02_ProductsPage.selectRandomProduct(P02_ProductsPage.java:61)] - the numbers is [2, 3, 4]
[INFO] 09-11-2024 17:51:17 [main] [Pages.P04_InformationPage.FillFirstName(P04_InformationPage.java:24)] - Ahmed-2024-11-09-5-49-55PM
[INFO] 09-11-2024 17:51:17 [main] [Pages.P04_InformationPage.FillLastName(P04_InformationPage.java:31)] - Gamal-2024-11-09-5-49-55PM
[INFO] 09-11-2024 17:51:18 [main] [Pages.P04_InformationPage.FillZipCode(P04_InformationPage.java:38)] - 41616
[INFO] 09-11-2024 17:51:18 [main] [Listeners.Itest.onTestSuccess(Itest.java:10)] - TestCaseCheckCancelButtonRedirectionPassed
[INFO] 09-11-2024 17:51:21 [main] [Listeners.Itest.onTestStart(Itest.java:18)] - TestCase CheckFinishButtonRedirectionStarted
[INFO] 09-11-2024 17:51:23 [main] [Pages.P02_ProductsPage.selectRandomProduct(P02_ProductsPage.java:61)] - the numbers is [1, 4, 6]
[INFO] 09-11-2024 17:51:24 [main] [Pages.P04_InformationPage.FillFirstName(P04_InformationPage.java:24)] - Ahmed-2024-11-09-5-49-55PM
[INFO] 09-11-2024 17:51:24 [main] [Pages.P04_InformationPage.FillLastName(P04_InformationPage.java:31)] - Gamal-2024-11-09-5-49-55PM
[INFO] 09-11-2024 17:51:24 [main] [Pages.P04_InformationPage.FillZipCode(P04_InformationPage.java:38)] - 41616
[INFO] 09-11-2024 17:51:25 [main] [Listeners.Itest.onTestSuccess(Itest.java:10)] - TestCaseCheckFinishButtonRedirectionPassed
[INFO] 09-11-2024 17:51:28 [main] [Listeners.Itest.onTestStart(Itest.java:18)] - TestCase CheckQuantityBeforeFinishStarted
[INFO] 09-11-2024 17:51:29 [main] [Pages.P02_ProductsPage.selectRandomProduct(P02_ProductsPage.java:61)] - the numbers is [1, 3, 6]
[INFO] 09-11-2024 17:51:30 [main] [Pages.P04_InformationPage.FillFirstName(P04_InformationPage.java:24)] - Ahmed-2024-11-09-5-49-55PM
[INFO] 09-11-2024 17:51:31 [main] [Pages.P04_InformationPage.FillLastName(P04_InformationPage.java:31)] - Gamal-2024-11-09-5-49-55PM
[INFO] 09-11-2024 17:51:31 [main] [Pages.P04_InformationPage.FillZipCode(P04_InformationPage.java:38)] - 41616
[INFO] 09-11-2024 17:51:31 [main] [Pages.P05_CheckOutPage.CheckProductsQuantity(P05_CheckOutPage.java:29)] - Product Quantity is : 3
[INFO] 09-11-2024 17:51:31 [main] [Pages.P05_CheckOutPage.CheckProductsQuantity(P05_CheckOutPage.java:29)] - Product Quantity is : 3
[INFO] 09-11-2024 17:51:31 [main] [Listeners.Itest.onTestSuccess(Itest.java:10)] - TestCaseCheckQuantityBeforeFinishPassed
[INFO] 09-11-2024 17:51:34 [main] [Listeners.Itest.onTestStart(Itest.java:18)] - TestCase CheckTheSumOfPricesSameAtCarAndChecoutAndTheSumStarted
[INFO] 09-11-2024 17:51:36 [main] [Pages.P02_ProductsPage.selectRandomProduct(P02_ProductsPage.java:61)] - the numbers is [3, 4, 5]
[INFO] 09-11-2024 17:51:36 [main] [Pages.P03_CartPage.CartPagePrices(P03_CartPage.java:48)] - 73.97
[INFO] 09-11-2024 17:51:37 [main] [Pages.P04_InformationPage.FillFirstName(P04_InformationPage.java:24)] - Ahmed-2024-11-09-5-49-55PM
[INFO] 09-11-2024 17:51:37 [main] [Pages.P04_InformationPage.FillLastName(P04_InformationPage.java:31)] - Gamal-2024-11-09-5-49-55PM
[INFO] 09-11-2024 17:51:37 [main] [Pages.P04_InformationPage.FillZipCode(P04_InformationPage.java:38)] - 41616
[INFO] 09-11-2024 17:51:37 [main] [Pages.P05_CheckOutPage.CheckProductsPrices(P05_CheckOutPage.java:45)] - 73.97
[INFO] 09-11-2024 17:51:37 [main] [Pages.P05_CheckOutPage.ItemPrices(P05_CheckOutPage.java:51)] - 73.97
[INFO] 09-11-2024 17:51:38 [main] [Pages.P05_CheckOutPage.ItemPrices(P05_CheckOutPage.java:51)] - 73.97
[INFO] 09-11-2024 17:51:38 [main] [Listeners.Itest.onTestSuccess(Itest.java:10)] - TestCaseCheckTheSumOfPricesSameAtCarAndChecoutAndTheSumPassed
[INFO] 09-11-2024 17:51:42 [main] [Listeners.Itest.onTestStart(Itest.java:18)] - TestCase CheckTheTotalPriceStarted
[INFO] 09-11-2024 17:51:44 [main] [Pages.P02_ProductsPage.selectRandomProduct(P02_ProductsPage.java:61)] - the numbers is [2, 4, 5]
[INFO] 09-11-2024 17:51:45 [main] [Pages.P04_InformationPage.FillFirstName(P04_InformationPage.java:24)] - Ahmed-2024-11-09-5-49-55PM
[INFO] 09-11-2024 17:51:45 [main] [Pages.P04_InformationPage.FillLastName(P04_InformationPage.java:31)] - Gamal-2024-11-09-5-49-55PM
[INFO] 09-11-2024 17:51:45 [main] [Pages.P04_InformationPage.FillZipCode(P04_InformationPage.java:38)] - 41616
[INFO] 09-11-2024 17:51:46 [main] [Pages.P05_CheckOutPage.ItemPrices(P05_CheckOutPage.java:51)] - 67.97
[INFO] 09-11-2024 17:51:46 [main] [Pages.P05_CheckOutPage.CheckTotalWithTaxes(P05_CheckOutPage.java:71)] - 73.41
[INFO] 09-11-2024 17:51:46 [main] [Pages.P05_CheckOutPage.CheckTotalWithTaxes(P05_CheckOutPage.java:72)] - 73.41
[INFO] 09-11-2024 17:51:46 [main] [Listeners.Itest.onTestSuccess(Itest.java:10)] - TestCaseCheckTheTotalPricePassed
[INFO] 09-11-2024 17:51:49 [main] [Listeners.Itest.onTestStart(Itest.java:18)] - TestCase CheckMessageStarted
[INFO] 09-11-2024 17:51:50 [main] [Pages.P02_ProductsPage.selectRandomProduct(P02_ProductsPage.java:61)] - the numbers is [2, 4, 6]
[INFO] 09-11-2024 17:51:51 [main] [Pages.P04_InformationPage.FillFirstName(P04_InformationPage.java:24)] - Ahmed-2024-11-09-5-49-55PM
[INFO] 09-11-2024 17:51:51 [main] [Pages.P04_InformationPage.FillLastName(P04_InformationPage.java:31)] - Gamal-2024-11-09-5-49-55PM
[INFO] 09-11-2024 17:51:51 [main] [Pages.P04_InformationPage.FillZipCode(P04_InformationPage.java:38)] - 41616
[INFO] 09-11-2024 17:51:52 [main] [Listeners.Itest.onTestSuccess(Itest.java:10)] - TestCaseCheckMessagePassed
[INFO] 09-11-2024 17:53:39 [main] [Listeners.Itest.onTestStart(Itest.java:18)] - TestCase AddRandomProductsStarted
[INFO] 09-11-2024 17:57:21 [main] [Listeners.Itest.onTestStart(Itest.java:18)] - TestCase valid_LoginStarted
[INFO] 09-11-2024 17:57:23 [main] [Listeners.Itest.onTestSuccess(Itest.java:10)] - TestCasevalid_LoginPassed
[INFO] 09-11-2024 17:57:26 [main] [Listeners.Itest.onTestStart(Itest.java:18)] - TestCase AddRandomProductsStarted
[INFO] 09-11-2024 17:57:27 [main] [Pages.P02_ProductsPage.selectRandomProduct(P02_ProductsPage.java:61)] - the numbers is [2, 4, 5]
[INFO] 09-11-2024 17:57:28 [main] [Pages.P02_ProductsPage.CompareBetweenSelectedAndResult(P02_ProductsPage.java:53)] - number is 6
[INFO] 09-11-2024 17:57:28 [main] [Listeners.Itest.onTestSuccess(Itest.java:10)] - TestCaseAddRandomProductsPassed
[INFO] 09-11-2024 17:57:31 [main] [Listeners.Itest.onTestStart(Itest.java:18)] - TestCase CheckAllProductsAddStarted
[INFO] 09-11-2024 17:57:33 [main] [Pages.P02_ProductsPage.ClickAddAllToCart(P02_ProductsPage.java:33)] - number of products is :6
[INFO] 09-11-2024 17:57:34 [main] [Pages.P02_ProductsPage.CompareBetweenSelectedAndResult(P02_ProductsPage.java:53)] - number is 6
[INFO] 09-11-2024 17:57:34 [main] [Listeners.Itest.onTestSuccess(Itest.java:10)] - TestCaseCheckAllProductsAddPassed
[INFO] 09-11-2024 17:57:37 [main] [Listeners.Itest.onTestStart(Itest.java:18)] - TestCase CheckContinueshoppingStarted
[INFO] 09-11-2024 17:57:39 [main] [Pages.P03_CartPage.CheckPage(P03_CartPage.java:26)] - https://www.saucedemo.com/v1/inventory.html
[INFO] 09-11-2024 17:57:39 [main] [Listeners.Itest.onTestSuccess(Itest.java:10)] - TestCaseCheckContinueshoppingPassed
[INFO] 09-11-2024 17:57:42 [main] [Listeners.Itest.onTestStart(Itest.java:18)] - TestCase CheckRedirectCheckoutStarted
[INFO] 09-11-2024 17:57:44 [main] [Pages.P03_CartPage.CheckPage(P03_CartPage.java:26)] - https://www.saucedemo.com/v1/checkout-step-one.html
[INFO] 09-11-2024 17:57:44 [main] [Listeners.Itest.onTestSuccess(Itest.java:10)] - TestCaseCheckRedirectCheckoutPassed
[INFO] 09-11-2024 17:57:47 [main] [Listeners.Itest.onTestStart(Itest.java:18)] - TestCase CheckRedirectTocartStarted
[INFO] 09-11-2024 17:57:49 [main] [Pages.P03_CartPage.CheckPage(P03_CartPage.java:26)] - https://www.saucedemo.com/v1/cart.html
[INFO] 09-11-2024 17:57:49 [main] [Listeners.Itest.onTestSuccess(Itest.java:10)] - TestCaseCheckRedirectTocartPassed
[INFO] 09-11-2024 17:57:52 [main] [Listeners.Itest.onTestStart(Itest.java:18)] - TestCase CheckThePriceSmeInCartStarted
[INFO] 09-11-2024 17:57:53 [main] [Pages.P02_ProductsPage.selectRandomProduct(P02_ProductsPage.java:61)] - the numbers is [2, 3, 4]
[INFO] 09-11-2024 17:57:53 [main] [Pages.P02_ProductsPage.ProductPagePrices(P02_ProductsPage.java:89)] - Total Prices75.97
[INFO] 09-11-2024 17:57:54 [main] [Pages.P03_CartPage.CartPagePrices(P03_CartPage.java:48)] - 75.97
[INFO] 09-11-2024 17:57:54 [main] [Pages.P03_CartPage.CartPagePrices(P03_CartPage.java:48)] - 75.97
[INFO] 09-11-2024 17:57:54 [main] [Listeners.Itest.onTestSuccess(Itest.java:10)] - TestCaseCheckThePriceSmeInCartPassed
[INFO] 09-11-2024 17:57:58 [main] [Listeners.Itest.onTestStart(Itest.java:18)] - TestCase CheckTheQuantityStarted
[INFO] 09-11-2024 17:57:59 [main] [Pages.P02_ProductsPage.selectRandomProduct(P02_ProductsPage.java:61)] - the numbers is [2, 3, 4]
[INFO] 09-11-2024 17:58:03 [main] [Listeners.Itest.onTestStart(Itest.java:18)] - TestCase CancelButtonStarted
[INFO] 09-11-2024 17:58:04 [main] [Pages.P02_ProductsPage.selectRandomProduct(P02_ProductsPage.java:61)] - the numbers is [3, 4, 5]
[INFO] 09-11-2024 17:58:05 [main] [Pages.P04_InformationPage.FillFirstName(P04_InformationPage.java:24)] - Ahmed-2024-11-09-5-57-15PM
[INFO] 09-11-2024 17:58:05 [main] [Pages.P04_InformationPage.FillLastName(P04_InformationPage.java:31)] - Gamal-2024-11-09-5-57-15PM
[INFO] 09-11-2024 17:58:05 [main] [Pages.P04_InformationPage.FillZipCode(P04_InformationPage.java:38)] - 41616
[INFO] 09-11-2024 17:58:06 [main] [Listeners.Itest.onTestSuccess(Itest.java:10)] - TestCaseCancelButtonPassed
[INFO] 09-11-2024 17:58:10 [main] [Listeners.Itest.onTestStart(Itest.java:18)] - TestCase FillInformationsStarted
[INFO] 09-11-2024 17:58:11 [main] [Pages.P02_ProductsPage.selectRandomProduct(P02_ProductsPage.java:61)] - the numbers is [4, 5, 6]
[INFO] 09-11-2024 17:58:12 [main] [Pages.P04_InformationPage.FillFirstName(P04_InformationPage.java:24)] - Ahmed-2024-11-09-5-57-15PM
[INFO] 09-11-2024 17:58:12 [main] [Pages.P04_InformationPage.FillLastName(P04_InformationPage.java:31)] - Gamal-2024-11-09-5-57-15PM
[INFO] 09-11-2024 17:58:12 [main] [Pages.P04_InformationPage.FillZipCode(P04_InformationPage.java:38)] - 41616
[INFO] 09-11-2024 17:58:13 [main] [Listeners.Itest.onTestSuccess(Itest.java:10)] - TestCaseFillInformationsPassed
[INFO] 09-11-2024 17:58:16 [main] [Listeners.Itest.onTestStart(Itest.java:18)] - TestCase CheckCancelButtonRedirectionStarted
[INFO] 09-11-2024 17:58:18 [main] [Pages.P02_ProductsPage.selectRandomProduct(P02_ProductsPage.java:61)] - the numbers is [3, 4, 5]
[INFO] 09-11-2024 17:58:18 [main] [Pages.P04_InformationPage.FillFirstName(P04_InformationPage.java:24)] - Ahmed-2024-11-09-5-57-15PM
[INFO] 09-11-2024 17:58:19 [main] [Pages.P04_InformationPage.FillLastName(P04_InformationPage.java:31)] - Gamal-2024-11-09-5-57-15PM
[INFO] 09-11-2024 17:58:19 [main] [Pages.P04_InformationPage.FillZipCode(P04_InformationPage.java:38)] - 41616
[INFO] 09-11-2024 17:58:19 [main] [Listeners.Itest.onTestSuccess(Itest.java:10)] - TestCaseCheckCancelButtonRedirectionPassed
[INFO] 09-11-2024 17:58:24 [main] [Listeners.Itest.onTestStart(Itest.java:18)] - TestCase CheckFinishButtonRedirectionStarted
[INFO] 09-11-2024 17:58:25 [main] [Pages.P02_ProductsPage.selectRandomProduct(P02_ProductsPage.java:61)] - the numbers is [3, 5, 6]
[INFO] 09-11-2024 17:58:26 [main] [Pages.P04_InformationPage.FillFirstName(P04_InformationPage.java:24)] - Ahmed-2024-11-09-5-57-15PM
[INFO] 09-11-2024 17:58:26 [main] [Pages.P04_InformationPage.FillLastName(P04_InformationPage.java:31)] - Gamal-2024-11-09-5-57-15PM
[INFO] 09-11-2024 17:58:26 [main] [Pages.P04_InformationPage.FillZipCode(P04_InformationPage.java:38)] - 41616
[INFO] 09-11-2024 17:58:27 [main] [Listeners.Itest.onTestSuccess(Itest.java:10)] - TestCaseCheckFinishButtonRedirectionPassed
[INFO] 09-11-2024 17:58:30 [main] [Listeners.Itest.onTestStart(Itest.java:18)] - TestCase CheckQuantityBeforeFinishStarted
[INFO] 09-11-2024 17:58:31 [main] [Pages.P02_ProductsPage.selectRandomProduct(P02_ProductsPage.java:61)] - the numbers is [3, 4, 6]
[INFO] 09-11-2024 17:58:32 [main] [Pages.P04_InformationPage.FillFirstName(P04_InformationPage.java:24)] - Ahmed-2024-11-09-5-57-15PM
[INFO] 09-11-2024 17:58:32 [main] [Pages.P04_InformationPage.FillLastName(P04_InformationPage.java:31)] - Gamal-2024-11-09-5-57-15PM
[INFO] 09-11-2024 17:58:32 [main] [Pages.P04_InformationPage.FillZipCode(P04_InformationPage.java:38)] - 41616
[INFO] 09-11-2024 17:58:33 [main] [Pages.P05_CheckOutPage.CheckProductsQuantity(P05_CheckOutPage.java:29)] - Product Quantity is : 3
[INFO] 09-11-2024 17:58:33 [main] [Pages.P05_CheckOutPage.CheckProductsQuantity(P05_CheckOutPage.java:29)] - Product Quantity is : 3
[INFO] 09-11-2024 17:58:33 [main] [Listeners.Itest.onTestSuccess(Itest.java:10)] - TestCaseCheckQuantityBeforeFinishPassed
[INFO] 09-11-2024 17:58:36 [main] [Listeners.Itest.onTestStart(Itest.java:18)] - TestCase CheckTheSumOfPricesSameAtCarAndChecoutAndTheSumStarted
[INFO] 09-11-2024 17:58:37 [main] [Pages.P02_ProductsPage.selectRandomProduct(P02_ProductsPage.java:61)] - the numbers is [1, 2, 4]
[INFO] 09-11-2024 17:58:38 [main] [Pages.P03_CartPage.CartPagePrices(P03_CartPage.java:48)] - 89.97
[INFO] 09-11-2024 17:58:38 [main] [Pages.P04_InformationPage.FillFirstName(P04_InformationPage.java:24)] - Ahmed-2024-11-09-5-57-15PM
[INFO] 09-11-2024 17:58:38 [main] [Pages.P04_InformationPage.FillLastName(P04_InformationPage.java:31)] - Gamal-2024-11-09-5-57-15PM
[INFO] 09-11-2024 17:58:38 [main] [Pages.P04_InformationPage.FillZipCode(P04_InformationPage.java:38)] - 41616
[INFO] 09-11-2024 17:58:39 [main] [Pages.P05_CheckOutPage.CheckProductsPrices(P05_CheckOutPage.java:45)] - 89.97
[INFO] 09-11-2024 17:58:39 [main] [Pages.P05_CheckOutPage.ItemPrices(P05_CheckOutPage.java:51)] - 89.97
[INFO] 09-11-2024 17:58:39 [main] [Pages.P05_CheckOutPage.ItemPrices(P05_CheckOutPage.java:51)] - 89.97
[INFO] 09-11-2024 17:58:39 [main] [Listeners.Itest.onTestSuccess(Itest.java:10)] - TestCaseCheckTheSumOfPricesSameAtCarAndChecoutAndTheSumPassed
[INFO] 09-11-2024 17:58:42 [main] [Listeners.Itest.onTestStart(Itest.java:18)] - TestCase CheckTheTotalPriceStarted
[INFO] 09-11-2024 17:58:43 [main] [Pages.P02_ProductsPage.selectRandomProduct(P02_ProductsPage.java:61)] - the numbers is [1, 3, 6]
[INFO] 09-11-2024 17:58:44 [main] [Pages.P04_InformationPage.FillFirstName(P04_InformationPage.java:24)] - Ahmed-2024-11-09-5-57-15PM
[INFO] 09-11-2024 17:58:44 [main] [Pages.P04_InformationPage.FillLastName(P04_InformationPage.java:31)] - Gamal-2024-11-09-5-57-15PM
[INFO] 09-11-2024 17:58:44 [main] [Pages.P04_InformationPage.FillZipCode(P04_InformationPage.java:38)] - 41616
[INFO] 09-11-2024 17:58:45 [main] [Pages.P05_CheckOutPage.ItemPrices(P05_CheckOutPage.java:51)] - 61.97
[INFO] 09-11-2024 17:58:45 [main] [Pages.P05_CheckOutPage.CheckTotalWithTaxes(P05_CheckOutPage.java:71)] - 66.93
[INFO] 09-11-2024 17:58:45 [main] [Pages.P05_CheckOutPage.CheckTotalWithTaxes(P05_CheckOutPage.java:72)] - 66.93
[INFO] 09-11-2024 17:58:45 [main] [Listeners.Itest.onTestSuccess(Itest.java:10)] - TestCaseCheckTheTotalPricePassed
[INFO] 09-11-2024 17:58:48 [main] [Listeners.Itest.onTestStart(Itest.java:18)] - TestCase CheckMessageStarted
[INFO] 09-11-2024 17:58:50 [main] [Pages.P02_ProductsPage.selectRandomProduct(P02_ProductsPage.java:61)] - the numbers is [3, 4, 6]
[INFO] 09-11-2024 17:58:50 [main] [Pages.P04_InformationPage.FillFirstName(P04_InformationPage.java:24)] - Ahmed-2024-11-09-5-57-15PM
[INFO] 09-11-2024 17:58:51 [main] [Pages.P04_InformationPage.FillLastName(P04_InformationPage.java:31)] - Gamal-2024-11-09-5-57-15PM
[INFO] 09-11-2024 17:58:51 [main] [Pages.P04_InformationPage.FillZipCode(P04_InformationPage.java:38)] - 41616
[INFO] 09-11-2024 17:58:51 [main] [Listeners.Itest.onTestSuccess(Itest.java:10)] - TestCaseCheckMessagePassed
[INFO] 09-11-2024 18:00:05 [main] [Listeners.Itest.onTestStart(Itest.java:18)] - TestCase CheckTheQuantityStarted
[INFO] 09-11-2024 18:00:07 [main] [Pages.P02_ProductsPage.selectRandomProduct(P02_ProductsPage.java:61)] - the numbers is [1, 3, 6]
[INFO] 09-11-2024 18:00:07 [main] [Pages.P03_CartPage.checkTheQuantity(P03_CartPage.java:32)] - the Quantity is :3
[INFO] 09-11-2024 18:00:07 [main] [Listeners.Itest.onTestSuccess(Itest.java:10)] - TestCaseCheckTheQuantityPassed
[INFO] 09-11-2024 18:01:08 [main] [Listeners.Itest.onTestStart(Itest.java:18)] - TestCase valid_LoginStarted
[INFO] 09-11-2024 18:01:13 [main] [Listeners.Itest.onTestSuccess(Itest.java:10)] - TestCasevalid_LoginPassed
[INFO] 09-11-2024 18:01:18 [main] [Listeners.Itest.onTestStart(Itest.java:18)] - TestCase AddRandomProductsStarted
[INFO] 09-11-2024 18:01:21 [main] [Pages.P02_ProductsPage.selectRandomProduct(P02_ProductsPage.java:61)] - the numbers is [1, 2, 5]
[INFO] 09-11-2024 18:01:21 [main] [Pages.P02_ProductsPage.CompareBetweenSelectedAndResult(P02_ProductsPage.java:53)] - number is 6
[INFO] 09-11-2024 18:01:21 [main] [Listeners.Itest.onTestSuccess(Itest.java:10)] - TestCaseAddRandomProductsPassed
[INFO] 09-11-2024 18:01:26 [main] [Listeners.Itest.onTestStart(Itest.java:18)] - TestCase CheckAllProductsAddStarted
[INFO] 09-11-2024 18:01:28 [main] [Pages.P02_ProductsPage.ClickAddAllToCart(P02_ProductsPage.java:33)] - number of products is :6
[INFO] 09-11-2024 18:01:29 [main] [Pages.P02_ProductsPage.CompareBetweenSelectedAndResult(P02_ProductsPage.java:53)] - number is 6
[INFO] 09-11-2024 18:01:29 [main] [Listeners.Itest.onTestSuccess(Itest.java:10)] - TestCaseCheckAllProductsAddPassed
[INFO] 09-11-2024 18:01:33 [main] [Listeners.Itest.onTestStart(Itest.java:18)] - TestCase CheckContinueshoppingStarted
[INFO] 09-11-2024 18:01:35 [main] [Pages.P03_CartPage.CheckPage(P03_CartPage.java:26)] - https://www.saucedemo.com/v1/inventory.html
[INFO] 09-11-2024 18:01:35 [main] [Listeners.Itest.onTestSuccess(Itest.java:10)] - TestCaseCheckContinueshoppingPassed
[INFO] 09-11-2024 18:01:38 [main] [Listeners.Itest.onTestStart(Itest.java:18)] - TestCase CheckRedirectCheckoutStarted
[INFO] 09-11-2024 18:01:40 [main] [Pages.P03_CartPage.CheckPage(P03_CartPage.java:26)] - https://www.saucedemo.com/v1/checkout-step-one.html
[INFO] 09-11-2024 18:01:40 [main] [Listeners.Itest.onTestSuccess(Itest.java:10)] - TestCaseCheckRedirectCheckoutPassed
[INFO] 09-11-2024 18:01:44 [main] [Listeners.Itest.onTestStart(Itest.java:18)] - TestCase CheckRedirectTocartStarted
[INFO] 09-11-2024 18:01:46 [main] [Pages.P03_CartPage.CheckPage(P03_CartPage.java:26)] - https://www.saucedemo.com/v1/cart.html
[INFO] 09-11-2024 18:01:46 [main] [Listeners.Itest.onTestSuccess(Itest.java:10)] - TestCaseCheckRedirectTocartPassed
[INFO] 09-11-2024 18:01:49 [main] [Listeners.Itest.onTestStart(Itest.java:18)] - TestCase CheckThePriceSmeInCartStarted
[INFO] 09-11-2024 18:01:51 [main] [Pages.P02_ProductsPage.selectRandomProduct(P02_ProductsPage.java:61)] - the numbers is [2, 5, 6]
[INFO] 09-11-2024 18:01:51 [main] [Pages.P02_ProductsPage.ProductPagePrices(P02_ProductsPage.java:89)] - Total Prices33.97
[INFO] 09-11-2024 18:01:52 [main] [Pages.P03_CartPage.CartPagePrices(P03_CartPage.java:48)] - 33.97
[INFO] 09-11-2024 18:01:52 [main] [Pages.P03_CartPage.CartPagePrices(P03_CartPage.java:48)] - 33.97
[INFO] 09-11-2024 18:01:52 [main] [Listeners.Itest.onTestSuccess(Itest.java:10)] - TestCaseCheckThePriceSmeInCartPassed
[INFO] 09-11-2024 18:01:55 [main] [Listeners.Itest.onTestStart(Itest.java:18)] - TestCase CheckTheQuantityStarted
[INFO] 09-11-2024 18:01:57 [main] [Pages.P02_ProductsPage.selectRandomProduct(P02_ProductsPage.java:61)] - the numbers is [2, 5, 6]
[INFO] 09-11-2024 18:01:57 [main] [Pages.P03_CartPage.checkTheQuantity(P03_CartPage.java:32)] - the Quantity is :3
[INFO] 09-11-2024 18:01:57 [main] [Listeners.Itest.onTestSuccess(Itest.java:10)] - TestCaseCheckTheQuantityPassed
[INFO] 09-11-2024 18:02:01 [main] [Listeners.Itest.onTestStart(Itest.java:18)] - TestCase CancelButtonStarted
[INFO] 09-11-2024 18:02:02 [main] [Pages.P02_ProductsPage.selectRandomProduct(P02_ProductsPage.java:61)] - the numbers is [2, 4, 6]
[INFO] 09-11-2024 18:02:03 [main] [Pages.P04_InformationPage.FillFirstName(P04_InformationPage.java:24)] - Ahmed-2024-11-09-6-0-57PM
[INFO] 09-11-2024 18:02:03 [main] [Pages.P04_InformationPage.FillLastName(P04_InformationPage.java:31)] - Gamal-2024-11-09-6-0-57PM
[INFO] 09-11-2024 18:02:03 [main] [Pages.P04_InformationPage.FillZipCode(P04_InformationPage.java:38)] - 41616
[INFO] 09-11-2024 18:02:04 [main] [Listeners.Itest.onTestSuccess(Itest.java:10)] - TestCaseCancelButtonPassed
[INFO] 09-11-2024 18:02:07 [main] [Listeners.Itest.onTestStart(Itest.java:18)] - TestCase FillInformationsStarted
[INFO] 09-11-2024 18:02:09 [main] [Pages.P02_ProductsPage.selectRandomProduct(P02_ProductsPage.java:61)] - the numbers is [1, 2, 5]
[INFO] 09-11-2024 18:02:10 [main] [Pages.P04_InformationPage.FillFirstName(P04_InformationPage.java:24)] - Ahmed-2024-11-09-6-0-57PM
[INFO] 09-11-2024 18:02:10 [main] [Pages.P04_InformationPage.FillLastName(P04_InformationPage.java:31)] - Gamal-2024-11-09-6-0-57PM
[INFO] 09-11-2024 18:02:10 [main] [Pages.P04_InformationPage.FillZipCode(P04_InformationPage.java:38)] - 41616
[INFO] 09-11-2024 18:02:10 [main] [Listeners.Itest.onTestSuccess(Itest.java:10)] - TestCaseFillInformationsPassed
[INFO] 09-11-2024 18:02:13 [main] [Listeners.Itest.onTestStart(Itest.java:18)] - TestCase CheckCancelButtonRedirectionStarted
[INFO] 09-11-2024 18:02:15 [main] [Pages.P02_ProductsPage.selectRandomProduct(P02_ProductsPage.java:61)] - the numbers is [1, 3, 6]
[INFO] 09-11-2024 18:02:16 [main] [Pages.P04_InformationPage.FillFirstName(P04_InformationPage.java:24)] - Ahmed-2024-11-09-6-0-57PM
[INFO] 09-11-2024 18:02:16 [main] [Pages.P04_InformationPage.FillLastName(P04_InformationPage.java:31)] - Gamal-2024-11-09-6-0-57PM
[INFO] 09-11-2024 18:02:16 [main] [Pages.P04_InformationPage.FillZipCode(P04_InformationPage.java:38)] - 41616
[INFO] 09-11-2024 18:02:16 [main] [Listeners.Itest.onTestSuccess(Itest.java:10)] - TestCaseCheckCancelButtonRedirectionPassed
[INFO] 09-11-2024 18:02:20 [main] [Listeners.Itest.onTestStart(Itest.java:18)] - TestCase CheckFinishButtonRedirectionStarted
[INFO] 09-11-2024 18:02:22 [main] [Pages.P02_ProductsPage.selectRandomProduct(P02_ProductsPage.java:61)] - the numbers is [1, 3, 6]
[INFO] 09-11-2024 18:02:23 [main] [Pages.P04_InformationPage.FillFirstName(P04_InformationPage.java:24)] - Ahmed-2024-11-09-6-0-57PM
[INFO] 09-11-2024 18:02:23 [main] [Pages.P04_InformationPage.FillLastName(P04_InformationPage.java:31)] - Gamal-2024-11-09-6-0-57PM
[INFO] 09-11-2024 18:02:23 [main] [Pages.P04_InformationPage.FillZipCode(P04_InformationPage.java:38)] - 41616
[INFO] 09-11-2024 18:02:24 [main] [Listeners.Itest.onTestSuccess(Itest.java:10)] - TestCaseCheckFinishButtonRedirectionPassed
[INFO] 09-11-2024 18:02:27 [main] [Listeners.Itest.onTestStart(Itest.java:18)] - TestCase CheckQuantityBeforeFinishStarted
[INFO] 09-11-2024 18:02:28 [main] [Pages.P02_ProductsPage.selectRandomProduct(P02_ProductsPage.java:61)] - the numbers is [3, 5, 6]
[INFO] 09-11-2024 18:02:29 [main] [Pages.P04_InformationPage.FillFirstName(P04_InformationPage.java:24)] - Ahmed-2024-11-09-6-0-57PM
[INFO] 09-11-2024 18:02:29 [main] [Pages.P04_InformationPage.FillLastName(P04_InformationPage.java:31)] - Gamal-2024-11-09-6-0-57PM
[INFO] 09-11-2024 18:02:29 [main] [Pages.P04_InformationPage.FillZipCode(P04_InformationPage.java:38)] - 41616
[INFO] 09-11-2024 18:02:30 [main] [Pages.P05_CheckOutPage.CheckProductsQuantity(P05_CheckOutPage.java:29)] - Product Quantity is : 3
[INFO] 09-11-2024 18:02:30 [main] [Pages.P05_CheckOutPage.CheckProductsQuantity(P05_CheckOutPage.java:29)] - Product Quantity is : 3
[INFO] 09-11-2024 18:02:30 [main] [Listeners.Itest.onTestSuccess(Itest.java:10)] - TestCaseCheckQuantityBeforeFinishPassed
[INFO] 09-11-2024 18:02:33 [main] [Listeners.Itest.onTestStart(Itest.java:18)] - TestCase CheckTheSumOfPricesSameAtCarAndChecoutAndTheSumStarted
[INFO] 09-11-2024 18:02:35 [main] [Pages.P02_ProductsPage.selectRandomProduct(P02_ProductsPage.java:61)] - the numbers is [1, 2, 3]
[INFO] 09-11-2024 18:02:35 [main] [Pages.P03_CartPage.CartPagePrices(P03_CartPage.java:48)] - 55.97
[INFO] 09-11-2024 18:02:36 [main] [Pages.P04_InformationPage.FillFirstName(P04_InformationPage.java:24)] - Ahmed-2024-11-09-6-0-57PM
[INFO] 09-11-2024 18:02:36 [main] [Pages.P04_InformationPage.FillLastName(P04_InformationPage.java:31)] - Gamal-2024-11-09-6-0-57PM
[INFO] 09-11-2024 18:02:36 [main] [Pages.P04_InformationPage.FillZipCode(P04_InformationPage.java:38)] - 41616
[INFO] 09-11-2024 18:02:36 [main] [Pages.P05_CheckOutPage.CheckProductsPrices(P05_CheckOutPage.java:45)] - 55.97
[INFO] 09-11-2024 18:02:36 [main] [Pages.P05_CheckOutPage.ItemPrices(P05_CheckOutPage.java:51)] - 55.97
[INFO] 09-11-2024 18:02:37 [main] [Pages.P05_CheckOutPage.ItemPrices(P05_CheckOutPage.java:51)] - 55.97
[INFO] 09-11-2024 18:02:37 [main] [Listeners.Itest.onTestSuccess(Itest.java:10)] - TestCaseCheckTheSumOfPricesSameAtCarAndChecoutAndTheSumPassed
[INFO] 09-11-2024 18:02:40 [main] [Listeners.Itest.onTestStart(Itest.java:18)] - TestCase CheckTheTotalPriceStarted
[INFO] 09-11-2024 18:02:41 [main] [Pages.P02_ProductsPage.selectRandomProduct(P02_ProductsPage.java:61)] - the numbers is [1, 3, 6]
[INFO] 09-11-2024 18:02:42 [main] [Pages.P04_InformationPage.FillFirstName(P04_InformationPage.java:24)] - Ahmed-2024-11-09-6-0-57PM
[INFO] 09-11-2024 18:02:42 [main] [Pages.P04_InformationPage.FillLastName(P04_InformationPage.java:31)] - Gamal-2024-11-09-6-0-57PM
[INFO] 09-11-2024 18:02:42 [main] [Pages.P04_InformationPage.FillZipCode(P04_InformationPage.java:38)] - 41616
[INFO] 09-11-2024 18:02:43 [main] [Pages.P05_CheckOutPage.ItemPrices(P05_CheckOutPage.java:51)] - 61.97
[INFO] 09-11-2024 18:02:43 [main] [Pages.P05_CheckOutPage.CheckTotalWithTaxes(P05_CheckOutPage.java:71)] - 66.93
[INFO] 09-11-2024 18:02:43 [main] [Pages.P05_CheckOutPage.CheckTotalWithTaxes(P05_CheckOutPage.java:72)] - 66.93
[INFO] 09-11-2024 18:02:43 [main] [Listeners.Itest.onTestSuccess(Itest.java:10)] - TestCaseCheckTheTotalPricePassed
[INFO] 09-11-2024 18:02:46 [main] [Listeners.Itest.onTestStart(Itest.java:18)] - TestCase CheckMessageStarted
[INFO] 09-11-2024 18:02:47 [main] [Pages.P02_ProductsPage.selectRandomProduct(P02_ProductsPage.java:61)] - the numbers is [1, 2, 3]
[INFO] 09-11-2024 18:02:48 [main] [Pages.P04_InformationPage.FillFirstName(P04_InformationPage.java:24)] - Ahmed-2024-11-09-6-0-57PM
[INFO] 09-11-2024 18:02:48 [main] [Pages.P04_InformationPage.FillLastName(P04_InformationPage.java:31)] - Gamal-2024-11-09-6-0-57PM
[INFO] 09-11-2024 18:02:48 [main] [Pages.P04_InformationPage.FillZipCode(P04_InformationPage.java:38)] - 41616
[INFO] 09-11-2024 18:02:49 [main] [Listeners.Itest.onTestSuccess(Itest.java:10)] - TestCaseCheckMessagePassed
[INFO] 09-11-2024 18:03:22 [main] [Listeners.Itest.onTestStart(Itest.java:18)] - TestCase valid_LoginStarted
[INFO] 09-11-2024 18:08:39 [main] [Listeners.Itest.onTestStart(Itest.java:18)] - TestCase valid_LoginStarted
[INFO] 09-11-2024 18:08:41 [main] [Listeners.Itest.onTestSuccess(Itest.java:10)] - TestCasevalid_LoginPassed
[INFO] 09-11-2024 18:12:12 [main] [Listeners.Itest.onTestStart(Itest.java:18)] - TestCase valid_LoginStarted
[INFO] 09-11-2024 18:12:12 [main] [Listeners.Itest.onTestSkipped(Itest.java:14)] - TestCase valid_LoginSkipped
[INFO] 09-11-2024 18:12:18 [main] [Listeners.Itest.onTestStart(Itest.java:18)] - TestCase AddRandomProductsStarted
[INFO] 09-11-2024 18:14:09 [main] [Listeners.Itest.onTestStart(Itest.java:18)] - TestCase valid_LoginStarted
[INFO] 09-11-2024 18:14:12 [main] [Listeners.Itest.onTestSuccess(Itest.java:10)] - TestCasevalid_LoginPassed
[INFO] 09-11-2024 18:14:31 [main] [Listeners.Itest.onTestStart(Itest.java:18)] - TestCase AddRandomProductsStarted
[INFO] 09-11-2024 18:14:35 [main] [Pages.P02_ProductsPage.selectRandomProduct(P02_ProductsPage.java:61)] - the numbers is [1, 3, 6]
[INFO] 09-11-2024 18:14:36 [main] [Pages.P02_ProductsPage.CompareBetweenSelectedAndResult(P02_ProductsPage.java:53)] - number is 6
[INFO] 09-11-2024 18:14:36 [main] [Listeners.Itest.onTestSuccess(Itest.java:10)] - TestCaseAddRandomProductsPassed
[INFO] 09-11-2024 18:14:46 [main] [Listeners.Itest.onTestStart(Itest.java:18)] - TestCase CheckAllProductsAddStarted
[INFO] 09-11-2024 18:14:50 [main] [Pages.P02_ProductsPage.ClickAddAllToCart(P02_ProductsPage.java:33)] - number of products is :6
[INFO] 09-11-2024 18:14:51 [main] [Pages.P02_ProductsPage.CompareBetweenSelectedAndResult(P02_ProductsPage.java:53)] - number is 6
[INFO] 09-11-2024 18:14:51 [main] [Listeners.Itest.onTestSuccess(Itest.java:10)] - TestCaseCheckAllProductsAddPassed
[INFO] 09-11-2024 18:14:57 [main] [Listeners.Itest.onTestStart(Itest.java:18)] - TestCase CheckContinueshoppingStarted
